~~~ Starting Training ~~~
Ep.:     0, Score:  -2.88, P_win: 0.02, Tran: 87.03, eps: 0.20, lr: 2.00e-04, pred: 26288.62 min
Ep.:   500, Score:  -6.76, P_win: 0.18, Tran: 77.67, eps: 0.20, lr: 2.00e-04, pred: 1016.93 min
Ep.:  1000, Score:  -4.59, P_win: 0.13, Tran: 76.19, eps: 0.19, lr: 2.00e-04, pred: 966.61 min
Ep.:  1500, Score:  -5.03, P_win: 0.17, Tran: 76.11, eps: 0.19, lr: 2.00e-04, pred: 960.50 min
Ep.:  2000, Score:  -4.72, P_win: 0.24, Tran: 73.29, eps: 0.18, lr: 2.00e-04, pred: 945.21 min
Ep.:  2500, Score:  -4.13, P_win: 0.18, Tran: 78.68, eps: 0.18, lr: 2.00e-04, pred: 951.65 min
Ep.:  3000, Score:  -4.67, P_win: 0.14, Tran: 80.39, eps: 0.17, lr: 2.00e-04, pred: 963.86 min
Ep.:  3500, Score:  -4.30, P_win: 0.08, Tran: 80.93, eps: 0.17, lr: 2.00e-04, pred: 977.97 min
Ep.:  4000, Score:  -4.18, P_win: 0.14, Tran: 75.70, eps: 0.16, lr: 2.00e-04, pred: 991.92 min
Ep.:  4500, Score:  -3.96, P_win: 0.19, Tran: 79.59, eps: 0.16, lr: 2.00e-04, pred: 1009.74 min
Ep.:  5000, Score:  -3.52, P_win: 0.13, Tran: 80.75, eps: 0.16, lr: 2.00e-04, pred: 1025.81 min
Ep.:  5500, Score:  -3.73, P_win: 0.18, Tran: 79.04, eps: 0.15, lr: 2.00e-04, pred: 1043.11 min
Ep.:  6000, Score:  -3.48, P_win: 0.10, Tran: 84.84, eps: 0.15, lr: 2.00e-04, pred: 1060.40 min
Ep.:  6500, Score:  -3.19, P_win: 0.13, Tran: 80.11, eps: 0.14, lr: 2.00e-04, pred: 1078.32 min
Ep.:  7000, Score:  -3.36, P_win: 0.18, Tran: 77.91, eps: 0.14, lr: 2.00e-04, pred: 1096.36 min
Ep.:  7500, Score:  -3.45, P_win: 0.16, Tran: 81.64, eps: 0.14, lr: 2.00e-04, pred: 1114.61 min
Ep.:  8000, Score:  -2.98, P_win: 0.15, Tran: 81.10, eps: 0.13, lr: 2.00e-04, pred: 1132.33 min
Ep.:  8500, Score:  -2.56, P_win: 0.24, Tran: 79.58, eps: 0.13, lr: 2.00e-04, pred: 1147.24 min
Ep.:  9000, Score:  -2.04, P_win: 0.16, Tran: 80.04, eps: 0.13, lr: 2.00e-04, pred: 1161.21 min
Ep.:  9500, Score:  -2.39, P_win: 0.15, Tran: 86.25, eps: 0.12, lr: 2.00e-04, pred: 1175.52 min
Ep.: 10000, Score:  -2.57, P_win: 0.15, Tran: 80.60, eps: 0.12, lr: 2.00e-04, pred: 1191.84 min
Ep.: 10500, Score:  -2.30, P_win: 0.21, Tran: 83.17, eps: 0.12, lr: 2.00e-04, pred: 1209.00 min
Ep.: 11000, Score:  -2.85, P_win: 0.18, Tran: 81.50, eps: 0.12, lr: 2.00e-04, pred: 1225.58 min
Ep.: 11500, Score:  -1.95, P_win: 0.20, Tran: 84.39, eps: 0.11, lr: 2.00e-04, pred: 1243.86 min
Ep.: 12000, Score:  -2.39, P_win: 0.20, Tran: 83.96, eps: 0.11, lr: 2.00e-04, pred: 1260.41 min
Ep.: 12500, Score:  -1.47, P_win: 0.17, Tran: 84.20, eps: 0.11, lr: 2.00e-04, pred: 1276.25 min
Ep.: 13000, Score:  -2.14, P_win: 0.21, Tran: 82.70, eps: 0.10, lr: 2.00e-04, pred: 1291.12 min
Ep.: 13500, Score:  -1.42, P_win: 0.28, Tran: 82.54, eps: 0.10, lr: 2.00e-04, pred: 1305.19 min
Ep.: 14000, Score:  -1.32, P_win: 0.35, Tran: 79.01, eps: 0.10, lr: 2.00e-04, pred: 1317.88 min
Ep.: 14500, Score:  -1.51, P_win: 0.29, Tran: 80.56, eps: 0.10, lr: 2.00e-04, pred: 1328.13 min
Ep.: 15000, Score:  -0.81, P_win: 0.23, Tran: 85.10, eps: 0.09, lr: 2.00e-04, pred: 1336.84 min
Ep.: 15500, Score:  -1.79, P_win: 0.24, Tran: 78.45, eps: 0.09, lr: 2.00e-04, pred: 1345.62 min
Ep.: 16000, Score:  -1.69, P_win: 0.20, Tran: 83.63, eps: 0.09, lr: 2.00e-04, pred: 1352.49 min
Ep.: 16500, Score:  -0.91, P_win: 0.27, Tran: 78.38, eps: 0.09, lr: 2.00e-04, pred: 1359.43 min
Ep.: 17000, Score:  -0.11, P_win: 0.28, Tran: 83.10, eps: 0.09, lr: 2.00e-04, pred: 1365.30 min
Ep.: 17500, Score:  -0.32, P_win: 0.29, Tran: 79.60, eps: 0.08, lr: 2.00e-04, pred: 1369.44 min
Ep.: 18000, Score:  -0.34, P_win: 0.37, Tran: 82.20, eps: 0.08, lr: 2.00e-04, pred: 1375.01 min
Ep.: 18500, Score:  -0.12, P_win: 0.34, Tran: 79.68, eps: 0.08, lr: 2.00e-04, pred: 1378.38 min
Ep.: 19000, Score:   0.01, P_win: 0.28, Tran: 82.98, eps: 0.08, lr: 2.00e-04, pred: 1381.53 min
Ep.: 19500, Score:  -0.09, P_win: 0.34, Tran: 79.72, eps: 0.08, lr: 2.00e-04, pred: 1384.70 min
Ep.: 20000, Score:  -0.27, P_win: 0.29, Tran: 83.14, eps: 0.07, lr: 2.00e-04, pred: 1387.04 min
Ep.: 20500, Score:   0.61, P_win: 0.30, Tran: 80.14, eps: 0.07, lr: 2.00e-04, pred: 1388.48 min
Ep.: 21000, Score:   0.76, P_win: 0.34, Tran: 78.31, eps: 0.07, lr: 2.00e-04, pred: 1389.95 min
Ep.: 21500, Score:  -0.21, P_win: 0.33, Tran: 79.04, eps: 0.07, lr: 2.00e-04, pred: 1391.83 min
Ep.: 22000, Score:   1.23, P_win: 0.44, Tran: 76.20, eps: 0.07, lr: 2.00e-04, pred: 1392.99 min
Ep.: 22500, Score:   1.30, P_win: 0.36, Tran: 81.23, eps: 0.06, lr: 2.00e-04, pred: 1393.73 min
Ep.: 23000, Score:   2.02, P_win: 0.42, Tran: 77.02, eps: 0.06, lr: 2.00e-04, pred: 1394.25 min
Ep.: 23500, Score:   2.17, P_win: 0.45, Tran: 76.13, eps: 0.06, lr: 2.00e-04, pred: 1394.86 min
Ep.: 24000, Score:   1.95, P_win: 0.36, Tran: 75.99, eps: 0.06, lr: 2.00e-04, pred: 1395.02 min
Ep.: 24500, Score:   1.69, P_win: 0.45, Tran: 68.68, eps: 0.06, lr: 2.00e-04, pred: 1394.60 min
Ep.: 25000, Score:   0.95, P_win: 0.33, Tran: 79.84, eps: 0.06, lr: 2.00e-04, pred: 1393.80 min
Ep.: 25500, Score:   2.45, P_win: 0.43, Tran: 75.41, eps: 0.06, lr: 2.00e-04, pred: 1393.46 min
Ep.: 26000, Score:   2.47, P_win: 0.44, Tran: 77.21, eps: 0.05, lr: 2.00e-04, pred: 1392.63 min
Ep.: 26500, Score:   1.85, P_win: 0.52, Tran: 72.31, eps: 0.05, lr: 2.00e-04, pred: 1391.10 min
Ep.: 27000, Score:   2.66, P_win: 0.50, Tran: 72.20, eps: 0.05, lr: 2.00e-04, pred: 1388.87 min
Ep.: 27500, Score:   2.75, P_win: 0.48, Tran: 75.50, eps: 0.05, lr: 2.00e-04, pred: 1386.95 min
Ep.: 28000, Score:   3.10, P_win: 0.50, Tran: 73.83, eps: 0.05, lr: 2.00e-04, pred: 1384.92 min
Ep.: 28500, Score:   2.51, P_win: 0.47, Tran: 73.67, eps: 0.05, lr: 2.00e-04, pred: 1382.95 min
Ep.: 29000, Score:   3.18, P_win: 0.50, Tran: 70.88, eps: 0.05, lr: 2.00e-04, pred: 1380.73 min
Ep.: 29500, Score:   3.55, P_win: 0.59, Tran: 66.38, eps: 0.05, lr: 2.00e-04, pred: 1378.13 min
Ep.: 30000, Score:   3.24, P_win: 0.59, Tran: 65.61, eps: 0.04, lr: 2.00e-04, pred: 1375.33 min
Ep.: 30500, Score:   3.51, P_win: 0.51, Tran: 72.50, eps: 0.04, lr: 2.00e-04, pred: 1372.82 min
Ep.: 31000, Score:   4.25, P_win: 0.51, Tran: 70.24, eps: 0.04, lr: 2.00e-04, pred: 1370.53 min
Ep.: 31500, Score:   4.44, P_win: 0.59, Tran: 69.11, eps: 0.04, lr: 2.00e-04, pred: 1368.26 min
Ep.: 32000, Score:   3.72, P_win: 0.64, Tran: 62.81, eps: 0.04, lr: 2.00e-04, pred: 1364.96 min
Ep.: 32500, Score:   3.82, P_win: 0.61, Tran: 65.04, eps: 0.04, lr: 2.00e-04, pred: 1362.37 min
Ep.: 33000, Score:   4.09, P_win: 0.69, Tran: 61.97, eps: 0.04, lr: 2.00e-04, pred: 1359.20 min
Ep.: 33500, Score:   4.05, P_win: 0.68, Tran: 62.12, eps: 0.04, lr: 2.00e-04, pred: 1355.68 min
Ep.: 34000, Score:   5.54, P_win: 0.67, Tran: 64.68, eps: 0.04, lr: 2.00e-04, pred: 1352.12 min
Ep.: 34500, Score:   4.85, P_win: 0.65, Tran: 63.24, eps: 0.04, lr: 2.00e-04, pred: 1348.71 min
Ep.: 35000, Score:   5.02, P_win: 0.66, Tran: 60.66, eps: 0.03, lr: 2.00e-04, pred: 1345.19 min
Ep.: 35500, Score:   5.15, P_win: 0.70, Tran: 60.81, eps: 0.03, lr: 2.00e-04, pred: 1341.96 min
Ep.: 36000, Score:   5.25, P_win: 0.69, Tran: 62.48, eps: 0.03, lr: 2.00e-04, pred: 1338.15 min
Ep.: 36500, Score:   5.53, P_win: 0.70, Tran: 57.92, eps: 0.03, lr: 2.00e-04, pred: 1334.05 min
Ep.: 37000, Score:   5.50, P_win: 0.71, Tran: 61.19, eps: 0.03, lr: 2.00e-04, pred: 1329.83 min
Ep.: 37500, Score:   5.76, P_win: 0.76, Tran: 59.01, eps: 0.03, lr: 2.00e-04, pred: 1326.00 min
Ep.: 38000, Score:   6.15, P_win: 0.68, Tran: 64.15, eps: 0.03, lr: 2.00e-04, pred: 1321.69 min
Ep.: 38500, Score:   6.22, P_win: 0.74, Tran: 56.77, eps: 0.03, lr: 2.00e-04, pred: 1317.56 min
Ep.: 39000, Score:   4.94, P_win: 0.64, Tran: 63.03, eps: 0.03, lr: 2.00e-04, pred: 1313.44 min
Ep.: 39500, Score:   5.32, P_win: 0.75, Tran: 56.74, eps: 0.03, lr: 2.00e-04, pred: 1309.04 min
Ep.: 40000, Score:   5.35, P_win: 0.75, Tran: 59.15, eps: 0.03, lr: 2.00e-04, pred: 1304.60 min
Ep.: 40500, Score:   5.88, P_win: 0.81, Tran: 58.14, eps: 0.03, lr: 2.00e-04, pred: 1299.89 min
Ep.: 41000, Score:   6.58, P_win: 0.75, Tran: 58.38, eps: 0.03, lr: 2.00e-04, pred: 1295.17 min
Ep.: 41500, Score:   6.09, P_win: 0.77, Tran: 58.76, eps: 0.03, lr: 2.00e-04, pred: 1290.83 min
Ep.: 42000, Score:   6.11, P_win: 0.76, Tran: 58.80, eps: 0.02, lr: 2.00e-04, pred: 1286.15 min
Ep.: 42500, Score:   6.35, P_win: 0.84, Tran: 54.73, eps: 0.02, lr: 2.00e-04, pred: 1282.26 min
Ep.: 43000, Score:   6.71, P_win: 0.85, Tran: 57.46, eps: 0.02, lr: 2.00e-04, pred: 1278.44 min
Ep.: 43500, Score:   6.39, P_win: 0.81, Tran: 56.72, eps: 0.02, lr: 2.00e-04, pred: 1274.28 min
Ep.: 44000, Score:   6.98, P_win: 0.82, Tran: 57.84, eps: 0.02, lr: 2.00e-04, pred: 1269.76 min
Ep.: 44500, Score:   7.28, P_win: 0.84, Tran: 55.71, eps: 0.02, lr: 2.00e-04, pred: 1265.40 min
Ep.: 45000, Score:   6.91, P_win: 0.81, Tran: 54.31, eps: 0.02, lr: 2.00e-04, pred: 1260.77 min
Ep.: 45500, Score:   6.79, P_win: 0.80, Tran: 58.54, eps: 0.02, lr: 2.00e-04, pred: 1256.39 min
Ep.: 46000, Score:   6.81, P_win: 0.80, Tran: 56.59, eps: 0.02, lr: 2.00e-04, pred: 1251.67 min
Ep.: 46500, Score:   7.13, P_win: 0.83, Tran: 54.05, eps: 0.02, lr: 2.00e-04, pred: 1246.94 min
Ep.: 47000, Score:   7.43, P_win: 0.79, Tran: 53.37, eps: 0.02, lr: 2.00e-04, pred: 1242.23 min
Ep.: 47500, Score:   7.32, P_win: 0.83, Tran: 51.52, eps: 0.02, lr: 2.00e-04, pred: 1237.62 min
Ep.: 48000, Score:   7.23, P_win: 0.90, Tran: 50.13, eps: 0.02, lr: 2.00e-04, pred: 1232.89 min
Ep.: 48500, Score:   6.94, P_win: 0.89, Tran: 50.95, eps: 0.02, lr: 2.00e-04, pred: 1228.02 min
Ep.: 49000, Score:   6.84, P_win: 0.88, Tran: 49.86, eps: 0.02, lr: 2.00e-04, pred: 1223.11 min
Ep.: 49500, Score:   7.56, P_win: 0.85, Tran: 53.08, eps: 0.02, lr: 2.00e-04, pred: 1218.29 min
Ep.: 50000, Score:   7.71, P_win: 0.82, Tran: 52.49, eps: 0.02, lr: 2.00e-04, pred: 1213.31 min
Ep.: 50500, Score:   6.58, P_win: 0.84, Tran: 50.15, eps: 0.02, lr: 2.00e-04, pred: 1208.27 min
Ep.: 51000, Score:   6.67, P_win: 0.90, Tran: 50.18, eps: 0.02, lr: 2.00e-04, pred: 1203.55 min
Ep.: 51500, Score:   7.42, P_win: 0.85, Tran: 48.73, eps: 0.02, lr: 2.00e-04, pred: 1198.46 min
Ep.: 52000, Score:   7.47, P_win: 0.84, Tran: 53.22, eps: 0.01, lr: 2.00e-04, pred: 1193.40 min
Ep.: 52500, Score:   6.75, P_win: 0.80, Tran: 53.28, eps: 0.01, lr: 2.00e-04, pred: 1188.22 min
Ep.: 53000, Score:   7.61, P_win: 0.81, Tran: 54.17, eps: 0.01, lr: 2.00e-04, pred: 1183.53 min
Ep.: 53500, Score:   7.11, P_win: 0.76, Tran: 53.66, eps: 0.01, lr: 2.00e-04, pred: 1178.51 min
Ep.: 54000, Score:   7.21, P_win: 0.88, Tran: 49.67, eps: 0.01, lr: 2.00e-04, pred: 1173.42 min
Ep.: 54500, Score:   7.19, P_win: 0.81, Tran: 54.51, eps: 0.01, lr: 2.00e-04, pred: 1168.25 min
Ep.: 55000, Score:   7.33, P_win: 0.81, Tran: 55.21, eps: 0.01, lr: 2.00e-04, pred: 1163.09 min
Ep.: 55500, Score:   7.44, P_win: 0.82, Tran: 50.38, eps: 0.01, lr: 2.00e-04, pred: 1157.89 min
Ep.: 56000, Score:   7.21, P_win: 0.83, Tran: 54.54, eps: 0.01, lr: 2.00e-04, pred: 1152.58 min
Ep.: 56500, Score:   7.47, P_win: 0.82, Tran: 54.77, eps: 0.01, lr: 2.00e-04, pred: 1147.34 min
Ep.: 57000, Score:   6.83, P_win: 0.86, Tran: 50.52, eps: 0.01, lr: 2.00e-04, pred: 1142.05 min
Ep.: 57500, Score:   6.93, P_win: 0.81, Tran: 54.75, eps: 0.01, lr: 2.00e-04, pred: 1136.76 min
Ep.: 58000, Score:   7.05, P_win: 0.87, Tran: 49.84, eps: 0.01, lr: 2.00e-04, pred: 1131.41 min
Ep.: 58500, Score:   6.88, P_win: 0.85, Tran: 47.73, eps: 0.01, lr: 2.00e-04, pred: 1125.84 min
Ep.: 59000, Score:   7.17, P_win: 0.79, Tran: 52.11, eps: 0.01, lr: 2.00e-04, pred: 1120.48 min
Ep.: 59500, Score:   7.53, P_win: 0.87, Tran: 51.82, eps: 0.01, lr: 2.00e-04, pred: 1115.08 min
Ep.: 60000, Score:   7.27, P_win: 0.81, Tran: 51.74, eps: 0.01, lr: 2.00e-04, pred: 1109.52 min
Ep.: 60500, Score:   7.68, P_win: 0.78, Tran: 52.60, eps: 0.01, lr: 2.00e-04, pred: 1103.93 min
Ep.: 61000, Score:   7.30, P_win: 0.90, Tran: 49.77, eps: 0.01, lr: 2.00e-04, pred: 1098.39 min
Ep.: 61500, Score:   7.90, P_win: 0.86, Tran: 49.22, eps: 0.01, lr: 2.00e-04, pred: 1092.98 min
Ep.: 62000, Score:   6.98, P_win: 0.81, Tran: 52.79, eps: 0.01, lr: 2.00e-04, pred: 1087.46 min
Ep.: 62500, Score:   6.80, P_win: 0.91, Tran: 48.19, eps: 0.01, lr: 2.00e-04, pred: 1082.00 min
Ep.: 63000, Score:   7.72, P_win: 0.88, Tran: 49.90, eps: 0.01, lr: 2.00e-04, pred: 1076.53 min
Ep.: 63500, Score:   7.56, P_win: 0.84, Tran: 50.85, eps: 0.01, lr: 2.00e-04, pred: 1071.01 min
Ep.: 64000, Score:   7.38, P_win: 0.75, Tran: 53.43, eps: 0.01, lr: 2.00e-04, pred: 1065.51 min
Ep.: 64500, Score:   7.23, P_win: 0.90, Tran: 49.56, eps: 0.01, lr: 2.00e-04, pred: 1060.01 min
Ep.: 65000, Score:   7.60, P_win: 0.89, Tran: 48.33, eps: 0.01, lr: 2.00e-04, pred: 1054.32 min
Ep.: 65500, Score:   7.51, P_win: 0.90, Tran: 49.29, eps: 0.01, lr: 2.00e-04, pred: 1048.50 min
Ep.: 66000, Score:   7.46, P_win: 0.85, Tran: 51.01, eps: 0.01, lr: 2.00e-04, pred: 1042.83 min
Ep.: 66500, Score:   7.17, P_win: 0.84, Tran: 48.15, eps: 0.01, lr: 2.00e-04, pred: 1037.27 min
Ep.: 67000, Score:   7.43, P_win: 0.87, Tran: 51.77, eps: 0.01, lr: 2.00e-04, pred: 1031.57 min
Ep.: 67500, Score:   7.54, P_win: 0.88, Tran: 53.47, eps: 0.01, lr: 2.00e-04, pred: 1025.91 min
Ep.: 68000, Score:   7.49, P_win: 0.91, Tran: 47.34, eps: 0.01, lr: 2.00e-04, pred: 1020.35 min
Ep.: 68500, Score:   7.64, P_win: 0.87, Tran: 47.98, eps: 0.01, lr: 2.00e-04, pred: 1014.81 min
Ep.: 69000, Score:   7.30, P_win: 0.83, Tran: 48.85, eps: 0.01, lr: 2.00e-04, pred: 1008.95 min
Ep.: 69500, Score:   7.78, P_win: 0.84, Tran: 47.91, eps: 0.01, lr: 2.00e-04, pred: 1003.17 min
Ep.: 70000, Score:   7.48, P_win: 0.88, Tran: 47.19, eps: 0.01, lr: 2.00e-04, pred: 997.34 min
Ep.: 70500, Score:   6.94, P_win: 0.86, Tran: 46.80, eps: 0.01, lr: 2.00e-04, pred: 991.48 min
Ep.: 71000, Score:   7.29, P_win: 0.83, Tran: 50.42, eps: 0.01, lr: 2.00e-04, pred: 985.61 min
Ep.: 71500, Score:   7.16, P_win: 0.88, Tran: 44.73, eps: 0.01, lr: 2.00e-04, pred: 979.84 min
Ep.: 72000, Score:   6.96, P_win: 0.82, Tran: 51.20, eps: 0.01, lr: 2.00e-04, pred: 974.06 min
Ep.: 72500, Score:   7.26, P_win: 0.87, Tran: 49.25, eps: 0.01, lr: 2.00e-04, pred: 968.33 min
Ep.: 73000, Score:   7.66, P_win: 0.85, Tran: 48.00, eps: 0.01, lr: 2.00e-04, pred: 962.73 min
Ep.: 73500, Score:   6.42, P_win: 0.84, Tran: 49.35, eps: 0.01, lr: 2.00e-04, pred: 957.17 min
Ep.: 74000, Score:   7.36, P_win: 0.86, Tran: 48.32, eps: 0.00, lr: 2.00e-04, pred: 951.50 min
Ep.: 74500, Score:   7.52, P_win: 0.85, Tran: 49.56, eps: 0.00, lr: 2.00e-04, pred: 945.87 min
Ep.: 75000, Score:   8.02, P_win: 0.84, Tran: 48.02, eps: 0.00, lr: 2.00e-04, pred: 940.26 min
Ep.: 75500, Score:   7.24, P_win: 0.84, Tran: 48.93, eps: 0.00, lr: 2.00e-04, pred: 934.54 min
Ep.: 76000, Score:   7.48, P_win: 0.85, Tran: 49.22, eps: 0.00, lr: 2.00e-04, pred: 928.90 min
Ep.: 76500, Score:   7.62, P_win: 0.83, Tran: 48.18, eps: 0.00, lr: 2.00e-04, pred: 923.11 min
Ep.: 77000, Score:   7.20, P_win: 0.89, Tran: 47.50, eps: 0.00, lr: 2.00e-04, pred: 917.12 min
Ep.: 77500, Score:   7.79, P_win: 0.86, Tran: 46.47, eps: 0.00, lr: 2.00e-04, pred: 911.38 min
Ep.: 78000, Score:   7.74, P_win: 0.93, Tran: 47.84, eps: 0.00, lr: 2.00e-04, pred: 905.72 min
Ep.: 78500, Score:   7.12, P_win: 0.82, Tran: 51.30, eps: 0.00, lr: 2.00e-04, pred: 899.93 min
Ep.: 79000, Score:   7.21, P_win: 0.88, Tran: 48.60, eps: 0.00, lr: 2.00e-04, pred: 894.10 min
Ep.: 79500, Score:   7.42, P_win: 0.80, Tran: 50.02, eps: 0.00, lr: 2.00e-04, pred: 888.20 min
Ep.: 80000, Score:   7.28, P_win: 0.88, Tran: 47.73, eps: 0.00, lr: 2.00e-04, pred: 882.19 min
Ep.: 80500, Score:   7.48, P_win: 0.87, Tran: 47.46, eps: 0.00, lr: 2.00e-04, pred: 876.25 min
Ep.: 81000, Score:   7.60, P_win: 0.91, Tran: 46.76, eps: 0.00, lr: 2.00e-04, pred: 870.13 min
Ep.: 81500, Score:   7.84, P_win: 0.88, Tran: 47.41, eps: 0.00, lr: 2.00e-04, pred: 864.27 min
Ep.: 82000, Score:   7.85, P_win: 0.82, Tran: 48.59, eps: 0.00, lr: 2.00e-04, pred: 858.29 min
Ep.: 82500, Score:   7.49, P_win: 0.91, Tran: 43.94, eps: 0.00, lr: 2.00e-04, pred: 852.28 min
Ep.: 83000, Score:   7.41, P_win: 0.90, Tran: 46.23, eps: 0.00, lr: 2.00e-04, pred: 846.20 min
Ep.: 83500, Score:   7.56, P_win: 0.85, Tran: 47.71, eps: 0.00, lr: 2.00e-04, pred: 840.24 min
Ep.: 84000, Score:   7.72, P_win: 0.85, Tran: 45.68, eps: 0.00, lr: 2.00e-04, pred: 834.30 min
Ep.: 84500, Score:   7.44, P_win: 0.90, Tran: 48.07, eps: 0.00, lr: 2.00e-04, pred: 828.43 min
Ep.: 85000, Score:   7.34, P_win: 0.92, Tran: 44.82, eps: 0.00, lr: 2.00e-04, pred: 822.47 min
Ep.: 85500, Score:   7.33, P_win: 0.85, Tran: 50.70, eps: 0.00, lr: 2.00e-04, pred: 816.46 min
Ep.: 86000, Score:   7.48, P_win: 0.87, Tran: 48.67, eps: 0.00, lr: 2.00e-04, pred: 810.51 min
Ep.: 86500, Score:   7.95, P_win: 0.91, Tran: 49.18, eps: 0.00, lr: 2.00e-04, pred: 804.54 min
Ep.: 87000, Score:   7.44, P_win: 0.85, Tran: 51.20, eps: 0.00, lr: 2.00e-04, pred: 798.47 min
Ep.: 87500, Score:   7.41, P_win: 0.92, Tran: 48.23, eps: 0.00, lr: 2.00e-04, pred: 792.45 min
Ep.: 88000, Score:   7.60, P_win: 0.90, Tran: 44.99, eps: 0.00, lr: 2.00e-04, pred: 786.49 min
Ep.: 88500, Score:   8.15, P_win: 0.89, Tran: 46.15, eps: 0.00, lr: 2.00e-04, pred: 780.41 min
Ep.: 89000, Score:   7.97, P_win: 0.85, Tran: 44.98, eps: 0.00, lr: 2.00e-04, pred: 774.36 min
Ep.: 89500, Score:   7.70, P_win: 0.84, Tran: 50.39, eps: 0.00, lr: 2.00e-04, pred: 768.29 min
Ep.: 90000, Score:   7.74, P_win: 0.83, Tran: 46.17, eps: 0.00, lr: 2.00e-04, pred: 762.21 min
Ep.: 90500, Score:   7.48, P_win: 0.93, Tran: 47.40, eps: 0.00, lr: 2.00e-04, pred: 756.14 min
Ep.: 91000, Score:   7.85, P_win: 0.91, Tran: 48.63, eps: 0.00, lr: 2.00e-04, pred: 750.05 min
Ep.: 91500, Score:   7.61, P_win: 0.88, Tran: 47.38, eps: 0.00, lr: 2.00e-04, pred: 743.95 min
Ep.: 92000, Score:   7.75, P_win: 0.93, Tran: 46.09, eps: 0.00, lr: 2.00e-04, pred: 737.82 min
Ep.: 92500, Score:   7.64, P_win: 0.90, Tran: 46.48, eps: 0.00, lr: 2.00e-04, pred: 731.71 min
Ep.: 93000, Score:   7.57, P_win: 0.86, Tran: 45.59, eps: 0.00, lr: 2.00e-04, pred: 725.45 min
Ep.: 93500, Score:   7.96, P_win: 0.92, Tran: 43.75, eps: 0.00, lr: 2.00e-04, pred: 719.30 min
Ep.: 94000, Score:   8.08, P_win: 0.83, Tran: 49.70, eps: 0.00, lr: 2.00e-04, pred: 713.16 min
Ep.: 94500, Score:   7.38, P_win: 0.92, Tran: 44.97, eps: 0.00, lr: 2.00e-04, pred: 706.90 min
Ep.: 95000, Score:   7.03, P_win: 0.90, Tran: 46.40, eps: 0.00, lr: 2.00e-04, pred: 700.70 min
Ep.: 95500, Score:   7.37, P_win: 0.90, Tran: 45.99, eps: 0.00, lr: 2.00e-04, pred: 694.43 min
Ep.: 96000, Score:   7.75, P_win: 0.86, Tran: 48.36, eps: 0.00, lr: 2.00e-04, pred: 688.26 min
Ep.: 96500, Score:   7.95, P_win: 0.88, Tran: 48.31, eps: 0.00, lr: 2.00e-04, pred: 682.14 min
Ep.: 97000, Score:   7.82, P_win: 0.82, Tran: 47.94, eps: 0.00, lr: 2.00e-04, pred: 675.94 min
Ep.: 97500, Score:   7.72, P_win: 0.94, Tran: 45.14, eps: 0.00, lr: 2.00e-04, pred: 669.76 min
Ep.: 98000, Score:   7.84, P_win: 0.93, Tran: 44.51, eps: 0.00, lr: 2.00e-04, pred: 663.51 min
Ep.: 98500, Score:   8.28, P_win: 0.91, Tran: 45.17, eps: 0.00, lr: 2.00e-04, pred: 657.28 min
Ep.: 99000, Score:   8.07, P_win: 0.87, Tran: 45.56, eps: 0.00, lr: 2.00e-04, pred: 651.04 min
Ep.: 99500, Score:   7.29, P_win: 0.83, Tran: 51.58, eps: 0.00, lr: 2.00e-04, pred: 644.81 min
Ep.: 100000, Score:   8.40, P_win: 0.89, Tran: 49.32, eps: 0.00, lr: 2.00e-04, pred: 638.50 min
Ep.: 100500, Score:   8.42, P_win: 0.93, Tran: 46.25, eps: 0.00, lr: 1.00e-04, pred: 632.29 min
Ep.: 101000, Score:   8.33, P_win: 0.96, Tran: 45.86, eps: 0.00, lr: 1.00e-04, pred: 626.09 min
Ep.: 101500, Score:   7.89, P_win: 0.95, Tran: 44.92, eps: 0.00, lr: 1.00e-04, pred: 619.95 min
Ep.: 102000, Score:   8.42, P_win: 0.93, Tran: 45.46, eps: 0.00, lr: 1.00e-04, pred: 613.67 min
Ep.: 102500, Score:   8.01, P_win: 0.91, Tran: 41.84, eps: 0.00, lr: 1.00e-04, pred: 607.46 min
Ep.: 103000, Score:   8.33, P_win: 0.95, Tran: 42.73, eps: 0.00, lr: 1.00e-04, pred: 601.27 min
Ep.: 103500, Score:   8.54, P_win: 0.93, Tran: 42.19, eps: 0.00, lr: 1.00e-04, pred: 595.04 min
Ep.: 104000, Score:   8.27, P_win: 0.90, Tran: 47.55, eps: 0.00, lr: 1.00e-04, pred: 588.88 min
Ep.: 104500, Score:   8.69, P_win: 0.93, Tran: 44.74, eps: 0.00, lr: 1.00e-04, pred: 582.68 min
Ep.: 105000, Score:   8.50, P_win: 0.94, Tran: 44.37, eps: 0.00, lr: 1.00e-04, pred: 576.51 min
Ep.: 105500, Score:   8.63, P_win: 0.94, Tran: 45.47, eps: 0.00, lr: 1.00e-04, pred: 570.29 min
Ep.: 106000, Score:   8.36, P_win: 0.85, Tran: 47.12, eps: 0.00, lr: 1.00e-04, pred: 563.95 min
Ep.: 106500, Score:   8.46, P_win: 0.94, Tran: 44.10, eps: 0.00, lr: 1.00e-04, pred: 557.69 min
Ep.: 107000, Score:   8.44, P_win: 0.91, Tran: 47.46, eps: 0.00, lr: 1.00e-04, pred: 551.46 min
Ep.: 107500, Score:   8.55, P_win: 0.89, Tran: 45.77, eps: 0.00, lr: 1.00e-04, pred: 545.21 min
Ep.: 108000, Score:   8.51, P_win: 0.92, Tran: 46.54, eps: 0.00, lr: 1.00e-04, pred: 538.99 min
Ep.: 108500, Score:   8.14, P_win: 0.94, Tran: 44.84, eps: 0.00, lr: 1.00e-04, pred: 532.73 min
Ep.: 109000, Score:   8.66, P_win: 0.88, Tran: 42.60, eps: 0.00, lr: 1.00e-04, pred: 526.44 min
Ep.: 109500, Score:   8.33, P_win: 0.91, Tran: 46.45, eps: 0.00, lr: 1.00e-04, pred: 520.13 min
Ep.: 110000, Score:   8.66, P_win: 0.89, Tran: 47.29, eps: 0.00, lr: 1.00e-04, pred: 513.89 min
Ep.: 110500, Score:   7.72, P_win: 0.95, Tran: 44.14, eps: 0.00, lr: 1.00e-04, pred: 507.64 min
Ep.: 111000, Score:   7.99, P_win: 0.92, Tran: 44.00, eps: 0.00, lr: 1.00e-04, pred: 501.37 min
Ep.: 111500, Score:   8.22, P_win: 0.92, Tran: 46.79, eps: 0.00, lr: 1.00e-04, pred: 495.07 min
Ep.: 112000, Score:   8.40, P_win: 0.93, Tran: 44.54, eps: 0.00, lr: 1.00e-04, pred: 488.80 min
Ep.: 112500, Score:   7.97, P_win: 0.91, Tran: 47.58, eps: 0.00, lr: 1.00e-04, pred: 482.56 min
Ep.: 113000, Score:   8.13, P_win: 0.88, Tran: 45.29, eps: 0.00, lr: 1.00e-04, pred: 476.24 min
Ep.: 113500, Score:   8.44, P_win: 0.93, Tran: 44.99, eps: 0.00, lr: 1.00e-04, pred: 469.93 min
Ep.: 114000, Score:   8.04, P_win: 0.89, Tran: 47.52, eps: 0.00, lr: 1.00e-04, pred: 463.65 min
Ep.: 114500, Score:   8.20, P_win: 0.89, Tran: 43.37, eps: 0.00, lr: 1.00e-04, pred: 457.38 min
Ep.: 115000, Score:   8.23, P_win: 0.87, Tran: 45.62, eps: 0.00, lr: 1.00e-04, pred: 451.13 min
Ep.: 115500, Score:   8.08, P_win: 0.89, Tran: 46.23, eps: 0.00, lr: 1.00e-04, pred: 444.85 min
Ep.: 116000, Score:   7.99, P_win: 0.93, Tran: 43.84, eps: 0.00, lr: 1.00e-04, pred: 438.54 min
Ep.: 116500, Score:   8.17, P_win: 0.94, Tran: 45.19, eps: 0.00, lr: 1.00e-04, pred: 432.21 min
Ep.: 117000, Score:   8.23, P_win: 0.88, Tran: 46.50, eps: 0.00, lr: 1.00e-04, pred: 425.85 min
Ep.: 117500, Score:   8.41, P_win: 0.93, Tran: 45.31, eps: 0.00, lr: 1.00e-04, pred: 419.53 min
Ep.: 118000, Score:   8.56, P_win: 0.97, Tran: 41.50, eps: 0.00, lr: 1.00e-04, pred: 413.16 min
Ep.: 118500, Score:   8.71, P_win: 0.89, Tran: 46.67, eps: 0.00, lr: 1.00e-04, pred: 406.81 min
Ep.: 119000, Score:   8.09, P_win: 0.88, Tran: 47.77, eps: 0.00, lr: 1.00e-04, pred: 400.49 min
Ep.: 119500, Score:   8.20, P_win: 0.96, Tran: 43.27, eps: 0.00, lr: 1.00e-04, pred: 394.18 min
Ep.: 120000, Score:   8.41, P_win: 0.86, Tran: 46.92, eps: 0.00, lr: 1.00e-04, pred: 387.84 min
Ep.: 120500, Score:   7.91, P_win: 0.90, Tran: 45.92, eps: 0.00, lr: 1.00e-04, pred: 381.48 min
Ep.: 121000, Score:   7.96, P_win: 0.92, Tran: 44.22, eps: 0.00, lr: 1.00e-04, pred: 375.09 min
Ep.: 121500, Score:   7.75, P_win: 0.91, Tran: 43.89, eps: 0.00, lr: 1.00e-04, pred: 368.74 min
Ep.: 122000, Score:   8.12, P_win: 0.95, Tran: 43.71, eps: 0.00, lr: 1.00e-04, pred: 362.37 min
Ep.: 122500, Score:   7.79, P_win: 0.86, Tran: 45.90, eps: 0.00, lr: 1.00e-04, pred: 355.98 min
Ep.: 123000, Score:   7.78, P_win: 0.91, Tran: 44.68, eps: 0.00, lr: 1.00e-04, pred: 349.60 min
Ep.: 123500, Score:   8.13, P_win: 0.89, Tran: 45.30, eps: 0.00, lr: 1.00e-04, pred: 343.24 min
Ep.: 124000, Score:   7.88, P_win: 0.95, Tran: 43.16, eps: 0.00, lr: 1.00e-04, pred: 336.86 min
Ep.: 124500, Score:   8.15, P_win: 0.90, Tran: 45.68, eps: 0.00, lr: 1.00e-04, pred: 330.47 min
Ep.: 125000, Score:   8.19, P_win: 0.92, Tran: 42.92, eps: 0.00, lr: 1.00e-04, pred: 324.07 min
Ep.: 125500, Score:   8.15, P_win: 0.91, Tran: 45.96, eps: 0.00, lr: 5.00e-05, pred: 317.64 min
Ep.: 126000, Score:   8.44, P_win: 0.89, Tran: 44.99, eps: 0.00, lr: 5.00e-05, pred: 311.26 min
Ep.: 126500, Score:   8.67, P_win: 0.89, Tran: 44.29, eps: 0.00, lr: 5.00e-05, pred: 304.84 min
Ep.: 127000, Score:   8.14, P_win: 0.95, Tran: 42.65, eps: 0.00, lr: 5.00e-05, pred: 298.39 min
Ep.: 127500, Score:   8.10, P_win: 0.93, Tran: 45.85, eps: 0.00, lr: 5.00e-05, pred: 291.96 min
Ep.: 128000, Score:   8.16, P_win: 0.84, Tran: 44.73, eps: 0.00, lr: 5.00e-05, pred: 285.54 min
Ep.: 128500, Score:   8.38, P_win: 0.89, Tran: 46.01, eps: 0.00, lr: 5.00e-05, pred: 279.08 min
Ep.: 129000, Score:   8.33, P_win: 0.92, Tran: 45.70, eps: 0.00, lr: 5.00e-05, pred: 272.63 min
Ep.: 129500, Score:   8.51, P_win: 0.91, Tran: 43.86, eps: 0.00, lr: 5.00e-05, pred: 266.20 min
Ep.: 130000, Score:   8.16, P_win: 0.92, Tran: 46.47, eps: 0.00, lr: 5.00e-05, pred: 259.78 min
Ep.: 130500, Score:   7.85, P_win: 0.88, Tran: 44.72, eps: 0.00, lr: 5.00e-05, pred: 253.36 min
Ep.: 131000, Score:   8.07, P_win: 0.91, Tran: 45.23, eps: 0.00, lr: 5.00e-05, pred: 246.94 min
Ep.: 131500, Score:   7.90, P_win: 0.90, Tran: 41.91, eps: 0.00, lr: 5.00e-05, pred: 240.50 min
Ep.: 132000, Score:   7.78, P_win: 0.91, Tran: 44.44, eps: 0.00, lr: 5.00e-05, pred: 234.07 min
Ep.: 132500, Score:   7.56, P_win: 0.89, Tran: 44.37, eps: 0.00, lr: 5.00e-05, pred: 227.62 min
Ep.: 133000, Score:   7.33, P_win: 0.91, Tran: 44.28, eps: 0.00, lr: 5.00e-05, pred: 221.16 min
Ep.: 133500, Score:   8.14, P_win: 0.88, Tran: 42.67, eps: 0.00, lr: 5.00e-05, pred: 214.69 min
Ep.: 134000, Score:   7.95, P_win: 0.91, Tran: 46.11, eps: 0.00, lr: 5.00e-05, pred: 208.22 min
Ep.: 134500, Score:   7.86, P_win: 0.93, Tran: 43.76, eps: 0.00, lr: 5.00e-05, pred: 201.74 min
Ep.: 135000, Score:   8.28, P_win: 0.92, Tran: 44.85, eps: 0.00, lr: 5.00e-05, pred: 195.28 min
Ep.: 135500, Score:   8.13, P_win: 0.92, Tran: 45.37, eps: 0.00, lr: 5.00e-05, pred: 188.82 min
Ep.: 136000, Score:   8.39, P_win: 0.82, Tran: 44.21, eps: 0.00, lr: 5.00e-05, pred: 182.34 min
Ep.: 136500, Score:   7.55, P_win: 0.89, Tran: 42.75, eps: 0.00, lr: 5.00e-05, pred: 175.87 min
Ep.: 137000, Score:   8.05, P_win: 0.90, Tran: 45.78, eps: 0.00, lr: 5.00e-05, pred: 169.40 min
Ep.: 137500, Score:   8.02, P_win: 0.93, Tran: 43.93, eps: 0.00, lr: 5.00e-05, pred: 162.95 min
Ep.: 138000, Score:   7.96, P_win: 0.93, Tran: 44.29, eps: 0.00, lr: 5.00e-05, pred: 156.46 min
Ep.: 138500, Score:   8.39, P_win: 0.93, Tran: 43.84, eps: 0.00, lr: 5.00e-05, pred: 149.98 min
Ep.: 139000, Score:   8.07, P_win: 0.96, Tran: 42.55, eps: 0.00, lr: 5.00e-05, pred: 143.48 min
Ep.: 139500, Score:   7.63, P_win: 0.87, Tran: 43.42, eps: 0.00, lr: 5.00e-05, pred: 136.98 min
Ep.: 140000, Score:   7.93, P_win: 0.92, Tran: 42.42, eps: 0.00, lr: 5.00e-05, pred: 130.49 min
Ep.: 140500, Score:   8.02, P_win: 0.90, Tran: 41.42, eps: 0.00, lr: 5.00e-05, pred: 124.00 min
Ep.: 141000, Score:   7.86, P_win: 0.91, Tran: 44.67, eps: 0.00, lr: 5.00e-05, pred: 117.49 min
Ep.: 141500, Score:   8.23, P_win: 0.87, Tran: 40.86, eps: 0.00, lr: 5.00e-05, pred: 110.98 min
Ep.: 142000, Score:   8.27, P_win: 0.91, Tran: 41.08, eps: 0.00, lr: 5.00e-05, pred: 104.46 min
Ep.: 142500, Score:   7.78, P_win: 0.89, Tran: 45.82, eps: 0.00, lr: 5.00e-05, pred: 97.94 min
Ep.: 143000, Score:   7.53, P_win: 0.90, Tran: 45.34, eps: 0.00, lr: 5.00e-05, pred: 91.42 min
Ep.: 143500, Score:   7.53, P_win: 0.87, Tran: 43.42, eps: 0.00, lr: 5.00e-05, pred: 84.90 min
Ep.: 144000, Score:   7.87, P_win: 0.95, Tran: 42.71, eps: 0.00, lr: 5.00e-05, pred: 78.38 min
Ep.: 144500, Score:   8.20, P_win: 0.90, Tran: 43.45, eps: 0.00, lr: 5.00e-05, pred: 71.86 min
Ep.: 145000, Score:   8.31, P_win: 0.91, Tran: 44.37, eps: 0.00, lr: 5.00e-05, pred: 65.33 min
Ep.: 145500, Score:   8.17, P_win: 0.93, Tran: 42.55, eps: 0.00, lr: 5.00e-05, pred: 58.80 min
Ep.: 146000, Score:   7.93, P_win: 0.87, Tran: 45.66, eps: 0.00, lr: 5.00e-05, pred: 52.28 min
Ep.: 146500, Score:   7.82, P_win: 0.91, Tran: 43.69, eps: 0.00, lr: 5.00e-05, pred: 45.75 min
Ep.: 147000, Score:   8.14, P_win: 0.96, Tran: 42.87, eps: 0.00, lr: 5.00e-05, pred: 39.21 min
Ep.: 147500, Score:   8.26, P_win: 0.94, Tran: 42.32, eps: 0.00, lr: 5.00e-05, pred: 32.68 min
Ep.: 148000, Score:   8.42, P_win: 0.96, Tran: 43.80, eps: 0.00, lr: 5.00e-05, pred: 26.15 min
Ep.: 148500, Score:   8.06, P_win: 0.93, Tran: 45.06, eps: 0.00, lr: 5.00e-05, pred: 19.61 min
Ep.: 149000, Score:   8.14, P_win: 0.92, Tran: 43.24, eps: 0.00, lr: 5.00e-05, pred: 13.07 min
Ep.: 149500, Score:   8.27, P_win: 0.87, Tran: 42.93, eps: 0.00, lr: 5.00e-05, pred:  6.53 min
~~~ Training Complete ~~~
DONE!
