~~~ Starting Training ~~~
Ep.:     0, Score: -11.04, P_win: 0.04, Tran: 93.28, eps: 0.20, lr: 2.00e-04, pred: 71522.31 min
Ep.:   500, Score:  -6.95, P_win: 0.12, Tran: 84.99, eps: 0.20, lr: 2.00e-04, pred: 543.11 min
Ep.:  1000, Score:  -4.73, P_win: 0.15, Tran: 83.46, eps: 0.19, lr: 2.00e-04, pred: 466.82 min
Ep.:  1500, Score:  -3.32, P_win: 0.14, Tran: 81.72, eps: 0.19, lr: 2.00e-04, pred: 435.04 min
Ep.:  2000, Score:  -2.99, P_win: 0.18, Tran: 80.80, eps: 0.18, lr: 2.00e-04, pred: 416.28 min
Ep.:  2500, Score:  -2.98, P_win: 0.18, Tran: 82.83, eps: 0.18, lr: 2.00e-04, pred: 405.54 min
Ep.:  3000, Score:  -2.58, P_win: 0.20, Tran: 80.14, eps: 0.17, lr: 2.00e-04, pred: 392.91 min
Ep.:  3500, Score:  -2.74, P_win: 0.21, Tran: 79.89, eps: 0.17, lr: 2.00e-04, pred: 384.69 min
Ep.:  4000, Score:  -2.53, P_win: 0.23, Tran: 77.48, eps: 0.16, lr: 2.00e-04, pred: 376.40 min
Ep.:  4500, Score:  -2.47, P_win: 0.26, Tran: 77.52, eps: 0.16, lr: 2.00e-04, pred: 369.00 min
Ep.:  5000, Score:  -3.12, P_win: 0.15, Tran: 86.29, eps: 0.16, lr: 2.00e-04, pred: 363.93 min
Ep.:  5500, Score:  -2.79, P_win: 0.25, Tran: 86.24, eps: 0.15, lr: 2.00e-04, pred: 358.32 min
Ep.:  6000, Score:  -2.44, P_win: 0.21, Tran: 79.09, eps: 0.15, lr: 2.00e-04, pred: 352.71 min
Ep.:  6500, Score:  -2.34, P_win: 0.27, Tran: 79.53, eps: 0.14, lr: 2.00e-04, pred: 347.38 min
Ep.:  7000, Score:  -1.43, P_win: 0.27, Tran: 79.28, eps: 0.14, lr: 2.00e-04, pred: 342.82 min
Ep.:  7500, Score:  -2.22, P_win: 0.20, Tran: 81.51, eps: 0.14, lr: 2.00e-04, pred: 338.90 min
Ep.:  8000, Score:  -1.12, P_win: 0.36, Tran: 76.87, eps: 0.13, lr: 2.00e-04, pred: 334.37 min
Ep.:  8500, Score:  -0.78, P_win: 0.28, Tran: 78.06, eps: 0.13, lr: 2.00e-04, pred: 329.92 min
Ep.:  9000, Score:  -1.89, P_win: 0.45, Tran: 71.60, eps: 0.13, lr: 2.00e-04, pred: 325.03 min
Ep.:  9500, Score:  -0.30, P_win: 0.40, Tran: 76.73, eps: 0.12, lr: 2.00e-04, pred: 320.70 min
Ep.: 10000, Score:  -0.15, P_win: 0.34, Tran: 76.23, eps: 0.12, lr: 2.00e-04, pred: 316.51 min
Ep.: 10500, Score:   0.38, P_win: 0.42, Tran: 79.14, eps: 0.12, lr: 2.00e-04, pred: 312.36 min
Ep.: 11000, Score:  -0.76, P_win: 0.38, Tran: 75.07, eps: 0.12, lr: 2.00e-04, pred: 308.15 min
Ep.: 11500, Score:   0.61, P_win: 0.43, Tran: 74.50, eps: 0.11, lr: 2.00e-04, pred: 303.78 min
Ep.: 12000, Score:   0.97, P_win: 0.42, Tran: 74.79, eps: 0.11, lr: 2.00e-04, pred: 299.51 min
Ep.: 12500, Score:   2.15, P_win: 0.56, Tran: 71.60, eps: 0.11, lr: 2.00e-04, pred: 294.94 min
Ep.: 13000, Score:   2.04, P_win: 0.54, Tran: 67.89, eps: 0.10, lr: 2.00e-04, pred: 290.04 min
Ep.: 13500, Score:   2.99, P_win: 0.49, Tran: 68.25, eps: 0.10, lr: 2.00e-04, pred: 285.28 min
Ep.: 14000, Score:   2.38, P_win: 0.55, Tran: 68.95, eps: 0.10, lr: 2.00e-04, pred: 280.72 min
Ep.: 14500, Score:   2.88, P_win: 0.49, Tran: 79.82, eps: 0.10, lr: 2.00e-04, pred: 276.82 min
Ep.: 15000, Score:  -0.87, P_win: 0.35, Tran: 82.39, eps: 0.09, lr: 2.00e-04, pred: 272.85 min
Ep.: 15500, Score:   4.10, P_win: 0.62, Tran: 65.72, eps: 0.09, lr: 1.00e-04, pred: 267.06 min
Ep.: 16000, Score:   4.42, P_win: 0.64, Tran: 64.16, eps: 0.09, lr: 1.00e-04, pred: 261.11 min
Ep.: 16500, Score:   4.43, P_win: 0.70, Tran: 63.49, eps: 0.09, lr: 1.00e-04, pred: 255.33 min
Ep.: 17000, Score:   4.90, P_win: 0.73, Tran: 62.78, eps: 0.09, lr: 1.00e-04, pred: 249.70 min
Ep.: 17500, Score:   5.65, P_win: 0.79, Tran: 62.33, eps: 0.08, lr: 1.00e-04, pred: 244.15 min
Ep.: 18000, Score:   5.52, P_win: 0.74, Tran: 61.00, eps: 0.08, lr: 1.00e-04, pred: 238.70 min
Ep.: 18500, Score:   6.26, P_win: 0.81, Tran: 58.35, eps: 0.08, lr: 1.00e-04, pred: 233.32 min
Ep.: 19000, Score:   6.41, P_win: 0.80, Tran: 57.82, eps: 0.08, lr: 1.00e-04, pred: 228.01 min
Ep.: 19500, Score:   6.21, P_win: 0.83, Tran: 57.65, eps: 0.08, lr: 1.00e-04, pred: 222.78 min
Ep.: 20000, Score:   6.64, P_win: 0.51, Tran: 73.99, eps: 0.07, lr: 1.00e-04, pred: 218.19 min
Ep.: 20500, Score:   2.63, P_win: 0.52, Tran: 70.66, eps: 0.07, lr: 1.00e-04, pred: 213.85 min
Ep.: 21000, Score:   1.98, P_win: 0.54, Tran: 62.99, eps: 0.07, lr: 1.00e-04, pred: 209.37 min
Ep.: 21500, Score:   0.49, P_win: 0.43, Tran: 75.51, eps: 0.07, lr: 1.00e-04, pred: 205.26 min
Ep.: 22000, Score:   2.08, P_win: 0.32, Tran: 76.40, eps: 0.07, lr: 1.00e-04, pred: 201.30 min
Ep.: 22500, Score:  -1.06, P_win: 0.36, Tran: 74.33, eps: 0.06, lr: 1.00e-04, pred: 197.22 min
Ep.: 23000, Score:  -0.54, P_win: 0.34, Tran: 76.62, eps: 0.06, lr: 1.00e-04, pred: 193.29 min
Ep.: 23500, Score:  -0.78, P_win: 0.36, Tran: 78.47, eps: 0.06, lr: 1.00e-04, pred: 189.37 min
Ep.: 24000, Score:   0.04, P_win: 0.17, Tran: 91.80, eps: 0.06, lr: 1.00e-04, pred: 185.72 min
Ep.: 24500, Score:  -0.67, P_win: 0.22, Tran: 87.53, eps: 0.06, lr: 1.00e-04, pred: 182.06 min
Ep.: 25000, Score:  -1.11, P_win: 0.29, Tran: 79.16, eps: 0.06, lr: 1.00e-04, pred: 178.18 min
Ep.: 25500, Score:  -1.73, P_win: 0.22, Tran: 81.44, eps: 0.06, lr: 5.00e-05, pred: 174.17 min
Ep.: 26000, Score:  -0.76, P_win: 0.22, Tran: 85.65, eps: 0.05, lr: 5.00e-05, pred: 170.11 min
Ep.: 26500, Score:  -1.84, P_win: 0.22, Tran: 87.38, eps: 0.05, lr: 5.00e-05, pred: 166.14 min
Ep.: 27000, Score:  -1.49, P_win: 0.21, Tran: 88.32, eps: 0.05, lr: 5.00e-05, pred: 162.18 min
Ep.: 27500, Score:  -0.76, P_win: 0.30, Tran: 83.02, eps: 0.05, lr: 5.00e-05, pred: 158.13 min
Ep.: 28000, Score:  -0.32, P_win: 0.18, Tran: 90.67, eps: 0.05, lr: 5.00e-05, pred: 154.15 min
Ep.: 28500, Score:  -1.25, P_win: 0.18, Tran: 90.73, eps: 0.05, lr: 5.00e-05, pred: 150.14 min
Ep.: 29000, Score:  -0.82, P_win: 0.15, Tran: 92.47, eps: 0.05, lr: 5.00e-05, pred: 146.14 min
Ep.: 29500, Score:  -0.26, P_win: 0.20, Tran: 89.88, eps: 0.05, lr: 5.00e-05, pred: 142.05 min
Ep.: 30000, Score:  -0.57, P_win: 0.13, Tran: 92.25, eps: 0.04, lr: 5.00e-05, pred: 137.91 min
Ep.: 30500, Score:  -1.09, P_win: 0.14, Tran: 93.35, eps: 0.04, lr: 5.00e-05, pred: 133.71 min
Ep.: 31000, Score:  -0.93, P_win: 0.11, Tran: 94.17, eps: 0.04, lr: 5.00e-05, pred: 129.55 min
Ep.: 31500, Score:  -1.29, P_win: 0.17, Tran: 90.64, eps: 0.04, lr: 5.00e-05, pred: 125.26 min
Ep.: 32000, Score:  -0.95, P_win: 0.15, Tran: 90.74, eps: 0.04, lr: 5.00e-05, pred: 120.95 min
Ep.: 32500, Score:  -1.26, P_win: 0.21, Tran: 88.38, eps: 0.04, lr: 5.00e-05, pred: 116.55 min
Ep.: 33000, Score:  -0.12, P_win: 0.19, Tran: 90.95, eps: 0.04, lr: 5.00e-05, pred: 112.15 min
Ep.: 33500, Score:  -0.28, P_win: 0.27, Tran: 88.13, eps: 0.04, lr: 5.00e-05, pred: 107.72 min
Ep.: 34000, Score:  -0.29, P_win: 0.12, Tran: 93.21, eps: 0.04, lr: 5.00e-05, pred: 103.29 min
Ep.: 34500, Score:  -1.82, P_win: 0.14, Tran: 93.37, eps: 0.04, lr: 5.00e-05, pred: 98.88 min
Ep.: 35000, Score:  -0.79, P_win: 0.20, Tran: 89.44, eps: 0.03, lr: 5.00e-05, pred: 94.37 min
Ep.: 35500, Score:  -1.94, P_win: 0.15, Tran: 85.56, eps: 0.03, lr: 5.00e-05, pred: 89.82 min
Ep.: 36000, Score:  -1.92, P_win: 0.17, Tran: 88.37, eps: 0.03, lr: 5.00e-05, pred: 85.26 min
Ep.: 36500, Score:  -1.09, P_win: 0.14, Tran: 92.42, eps: 0.03, lr: 5.00e-05, pred: 80.75 min
Ep.: 37000, Score:  -0.15, P_win: 0.15, Tran: 90.83, eps: 0.03, lr: 5.00e-05, pred: 76.15 min
Ep.: 37500, Score:  -1.13, P_win: 0.14, Tran: 88.08, eps: 0.03, lr: 5.00e-05, pred: 71.57 min
Ep.: 38000, Score:  -1.45, P_win: 0.10, Tran: 92.75, eps: 0.03, lr: 5.00e-05, pred: 66.96 min
Ep.: 38500, Score:  -1.61, P_win: 0.14, Tran: 88.70, eps: 0.03, lr: 5.00e-05, pred: 62.31 min
Ep.: 39000, Score:  -1.60, P_win: 0.12, Tran: 93.80, eps: 0.03, lr: 5.00e-05, pred: 57.67 min
Ep.: 39500, Score:  -1.30, P_win: 0.13, Tran: 92.93, eps: 0.03, lr: 5.00e-05, pred: 53.00 min
Ep.: 40000, Score:  -0.96, P_win: 0.10, Tran: 94.35, eps: 0.03, lr: 5.00e-05, pred: 48.29 min
Ep.: 40500, Score:  -1.28, P_win: 0.11, Tran: 94.81, eps: 0.03, lr: 5.00e-05, pred: 43.57 min
Ep.: 41000, Score:  -0.46, P_win: 0.05, Tran: 94.76, eps: 0.03, lr: 5.00e-05, pred: 38.82 min
Ep.: 41500, Score:   0.87, P_win: 0.21, Tran: 88.84, eps: 0.03, lr: 5.00e-05, pred: 34.04 min
Ep.: 42000, Score:   0.43, P_win: 0.29, Tran: 82.06, eps: 0.02, lr: 5.00e-05, pred: 29.21 min
Ep.: 42500, Score:   0.33, P_win: 0.30, Tran: 81.03, eps: 0.02, lr: 5.00e-05, pred: 24.38 min
Ep.: 43000, Score:   1.56, P_win: 0.10, Tran: 94.42, eps: 0.02, lr: 5.00e-05, pred: 19.54 min
Ep.: 43500, Score:  -1.10, P_win: 0.16, Tran: 92.40, eps: 0.02, lr: 5.00e-05, pred: 14.68 min
Ep.: 44000, Score:  -0.13, P_win: 0.07, Tran: 95.33, eps: 0.02, lr: 5.00e-05, pred:  9.81 min
Ep.: 44500, Score:  -0.32, P_win: 0.02, Tran: 97.84, eps: 0.02, lr: 5.00e-05, pred:  4.91 min
~~~ Training Complete ~~~
DONE!
