~~~ Starting Training ~~~
Ep.:     0, Score:  -3.72, P_win: 0.11, Tran: 85.40, eps: 0.20, lr: 2.00e-04, pred: 8775.39 min
Ep.:   500, Score:  -5.21, P_win: 0.19, Tran: 84.84, eps: 0.20, lr: 2.00e-04, pred: 301.27 min
Ep.:  1000, Score:  -3.81, P_win: 0.16, Tran: 81.33, eps: 0.19, lr: 2.00e-04, pred: 294.76 min
Ep.:  1500, Score:  -3.53, P_win: 0.17, Tran: 77.85, eps: 0.19, lr: 2.00e-04, pred: 292.07 min
Ep.:  2000, Score:  -3.05, P_win: 0.22, Tran: 80.33, eps: 0.18, lr: 2.00e-04, pred: 282.86 min
Ep.:  2500, Score:  -2.42, P_win: 0.14, Tran: 84.36, eps: 0.18, lr: 2.00e-04, pred: 275.75 min
Ep.:  3000, Score:  -3.22, P_win: 0.14, Tran: 83.25, eps: 0.17, lr: 2.00e-04, pred: 269.13 min
Ep.:  3500, Score:  -2.16, P_win: 0.18, Tran: 86.61, eps: 0.17, lr: 2.00e-04, pred: 262.82 min
Ep.:  4000, Score:  -2.89, P_win: 0.10, Tran: 85.35, eps: 0.16, lr: 2.00e-04, pred: 257.68 min
Ep.:  4500, Score:  -3.91, P_win: 0.20, Tran: 80.06, eps: 0.16, lr: 2.00e-04, pred: 253.06 min
Ep.:  5000, Score:  -2.21, P_win: 0.33, Tran: 69.75, eps: 0.16, lr: 2.00e-04, pred: 248.33 min
Ep.:  5500, Score:  -1.47, P_win: 0.25, Tran: 83.08, eps: 0.15, lr: 2.00e-04, pred: 243.75 min
Ep.:  6000, Score:  -1.46, P_win: 0.28, Tran: 80.93, eps: 0.15, lr: 2.00e-04, pred: 239.78 min
Ep.:  6500, Score:  -0.84, P_win: 0.24, Tran: 83.49, eps: 0.14, lr: 2.00e-04, pred: 236.82 min
Ep.:  7000, Score:  -2.02, P_win: 0.25, Tran: 75.45, eps: 0.14, lr: 2.00e-04, pred: 236.32 min
Ep.:  7500, Score:  -2.55, P_win: 0.41, Tran: 76.78, eps: 0.14, lr: 2.00e-04, pred: 236.59 min
Ep.:  8000, Score:  -0.64, P_win: 0.35, Tran: 72.29, eps: 0.13, lr: 2.00e-04, pred: 235.80 min
Ep.:  8500, Score:  -0.57, P_win: 0.35, Tran: 81.26, eps: 0.13, lr: 2.00e-04, pred: 234.84 min
Ep.:  9000, Score:   0.35, P_win: 0.52, Tran: 68.29, eps: 0.13, lr: 2.00e-04, pred: 233.18 min
Ep.:  9500, Score:  -0.39, P_win: 0.35, Tran: 76.61, eps: 0.12, lr: 2.00e-04, pred: 230.93 min
Ep.: 10000, Score:   0.21, P_win: 0.43, Tran: 72.21, eps: 0.12, lr: 2.00e-04, pred: 228.51 min
Ep.: 10500, Score:  -0.19, P_win: 0.47, Tran: 70.40, eps: 0.12, lr: 2.00e-04, pred: 225.57 min
Ep.: 11000, Score:   0.77, P_win: 0.53, Tran: 68.76, eps: 0.12, lr: 2.00e-04, pred: 222.43 min
Ep.: 11500, Score:   0.42, P_win: 0.49, Tran: 63.16, eps: 0.11, lr: 2.00e-04, pred: 218.91 min
Ep.: 12000, Score:   0.63, P_win: 0.42, Tran: 77.23, eps: 0.11, lr: 2.00e-04, pred: 215.07 min
Ep.: 12500, Score:   0.70, P_win: 0.43, Tran: 74.90, eps: 0.11, lr: 2.00e-04, pred: 210.92 min
Ep.: 13000, Score:   0.89, P_win: 0.46, Tran: 71.72, eps: 0.10, lr: 2.00e-04, pred: 206.67 min
Ep.: 13500, Score:  -2.09, P_win: 0.10, Tran: 87.31, eps: 0.10, lr: 2.00e-04, pred: 202.43 min
Ep.: 14000, Score:   0.63, P_win: 0.44, Tran: 70.41, eps: 0.10, lr: 2.00e-04, pred: 197.80 min
Ep.: 14500, Score:   0.80, P_win: 0.42, Tran: 76.27, eps: 0.10, lr: 2.00e-04, pred: 192.94 min
Ep.: 15000, Score:   0.82, P_win: 0.40, Tran: 80.13, eps: 0.09, lr: 2.00e-04, pred: 188.04 min
Ep.: 15500, Score:  -0.03, P_win: 0.51, Tran: 68.77, eps: 0.09, lr: 1.00e-04, pred: 180.14 min
Ep.: 16000, Score:   1.62, P_win: 0.50, Tran: 70.53, eps: 0.09, lr: 1.00e-04, pred: 172.42 min
Ep.: 16500, Score:   1.78, P_win: 0.46, Tran: 73.77, eps: 0.09, lr: 1.00e-04, pred: 164.93 min
Ep.: 17000, Score:   1.82, P_win: 0.52, Tran: 70.29, eps: 0.09, lr: 1.00e-04, pred: 157.59 min
Ep.: 17500, Score:   2.46, P_win: 0.49, Tran: 67.16, eps: 0.08, lr: 1.00e-04, pred: 150.40 min
Ep.: 18000, Score:   1.78, P_win: 0.59, Tran: 68.29, eps: 0.08, lr: 1.00e-04, pred: 143.34 min
Ep.: 18500, Score:   2.29, P_win: 0.53, Tran: 69.96, eps: 0.08, lr: 1.00e-04, pred: 136.49 min
Ep.: 19000, Score:   3.06, P_win: 0.56, Tran: 66.10, eps: 0.08, lr: 1.00e-04, pred: 129.71 min
Ep.: 19500, Score:   2.99, P_win: 0.47, Tran: 71.63, eps: 0.08, lr: 1.00e-04, pred: 123.08 min
Ep.: 20000, Score:   2.80, P_win: 0.42, Tran: 74.04, eps: 0.07, lr: 1.00e-04, pred: 116.55 min
Ep.: 20500, Score:   3.04, P_win: 0.52, Tran: 64.77, eps: 0.07, lr: 1.00e-04, pred: 110.10 min
Ep.: 21000, Score:   2.89, P_win: 0.58, Tran: 64.17, eps: 0.07, lr: 1.00e-04, pred: 103.76 min
Ep.: 21500, Score:   3.42, P_win: 0.66, Tran: 64.27, eps: 0.07, lr: 1.00e-04, pred: 97.50 min
Ep.: 22000, Score:   3.74, P_win: 0.73, Tran: 58.30, eps: 0.07, lr: 1.00e-04, pred: 91.30 min
Ep.: 22500, Score:   4.67, P_win: 0.69, Tran: 63.76, eps: 0.06, lr: 1.00e-04, pred: 85.18 min
Ep.: 23000, Score:   4.36, P_win: 0.72, Tran: 61.70, eps: 0.06, lr: 1.00e-04, pred: 79.13 min
Ep.: 23500, Score:   4.73, P_win: 0.68, Tran: 64.21, eps: 0.06, lr: 1.00e-04, pred: 73.15 min
Ep.: 24000, Score:   4.88, P_win: 0.73, Tran: 59.44, eps: 0.06, lr: 1.00e-04, pred: 67.23 min
Ep.: 24500, Score:   5.30, P_win: 0.76, Tran: 60.96, eps: 0.06, lr: 1.00e-04, pred: 61.37 min
Ep.: 25000, Score:   6.11, P_win: 0.76, Tran: 59.43, eps: 0.06, lr: 1.00e-04, pred: 55.56 min
Ep.: 25500, Score:   5.75, P_win: 0.71, Tran: 62.37, eps: 0.06, lr: 5.00e-05, pred: 49.79 min
Ep.: 26000, Score:   5.64, P_win: 0.79, Tran: 55.54, eps: 0.05, lr: 5.00e-05, pred: 44.07 min
Ep.: 26500, Score:   6.12, P_win: 0.78, Tran: 57.24, eps: 0.05, lr: 5.00e-05, pred: 38.40 min
Ep.: 27000, Score:   5.61, P_win: 0.83, Tran: 58.22, eps: 0.05, lr: 5.00e-05, pred: 32.77 min
Ep.: 27500, Score:   5.85, P_win: 0.73, Tran: 58.75, eps: 0.05, lr: 5.00e-05, pred: 27.20 min
Ep.: 28000, Score:   6.20, P_win: 0.80, Tran: 58.58, eps: 0.05, lr: 5.00e-05, pred: 21.68 min
Ep.: 28500, Score:   5.79, P_win: 0.70, Tran: 60.16, eps: 0.05, lr: 5.00e-05, pred: 16.20 min
Ep.: 29000, Score:   6.33, P_win: 0.79, Tran: 57.99, eps: 0.05, lr: 5.00e-05, pred: 10.76 min
Ep.: 29500, Score:   6.34, P_win: 0.85, Tran: 53.41, eps: 0.05, lr: 5.00e-05, pred:  5.35 min
~~~ Training Complete ~~~
DONE!
