~~~ Starting Training ~~~
Ep.:     0, Score:  -2.41, P_win: 0.00, Tran: 89.48, eps: 0.20, lr: 2.00e-04, pred: 8020.54 min
Ep.:   500, Score:  -7.35, P_win: 0.14, Tran: 84.57, eps: 0.20, lr: 2.00e-04, pred: 426.94 min
Ep.:  1000, Score:  -5.28, P_win: 0.06, Tran: 87.87, eps: 0.19, lr: 2.00e-04, pred: 420.80 min
Ep.:  1500, Score:  -3.26, P_win: 0.14, Tran: 75.88, eps: 0.19, lr: 2.00e-04, pred: 414.36 min
Ep.:  2000, Score:  -3.75, P_win: 0.10, Tran: 83.63, eps: 0.18, lr: 2.00e-04, pred: 408.20 min
Ep.:  2500, Score:  -3.65, P_win: 0.08, Tran: 81.31, eps: 0.18, lr: 2.00e-04, pred: 401.95 min
Ep.:  3000, Score:  -3.86, P_win: 0.15, Tran: 81.85, eps: 0.17, lr: 2.00e-04, pred: 395.38 min
Ep.:  3500, Score:  -3.03, P_win: 0.19, Tran: 78.43, eps: 0.17, lr: 2.00e-04, pred: 387.99 min
Ep.:  4000, Score:  -3.44, P_win: 0.09, Tran: 81.90, eps: 0.16, lr: 2.00e-04, pred: 381.07 min
Ep.:  4500, Score:  -3.19, P_win: 0.18, Tran: 75.50, eps: 0.16, lr: 2.00e-04, pred: 373.81 min
Ep.:  5000, Score:  -3.36, P_win: 0.12, Tran: 83.05, eps: 0.16, lr: 2.00e-04, pred: 367.48 min
Ep.:  5500, Score:  -4.25, P_win: 0.10, Tran: 83.48, eps: 0.15, lr: 2.00e-04, pred: 361.27 min
Ep.:  6000, Score:  -3.61, P_win: 0.18, Tran: 80.84, eps: 0.15, lr: 2.00e-04, pred: 355.34 min
Ep.:  6500, Score:  -3.78, P_win: 0.14, Tran: 81.49, eps: 0.14, lr: 2.00e-04, pred: 349.36 min
Ep.:  7000, Score:  -2.60, P_win: 0.12, Tran: 81.33, eps: 0.14, lr: 2.00e-04, pred: 344.46 min
Ep.:  7500, Score:  -3.08, P_win: 0.24, Tran: 79.26, eps: 0.14, lr: 2.00e-04, pred: 341.06 min
Ep.:  8000, Score:  -2.32, P_win: 0.25, Tran: 78.89, eps: 0.13, lr: 2.00e-04, pred: 337.74 min
Ep.:  8500, Score:  -1.98, P_win: 0.26, Tran: 78.33, eps: 0.13, lr: 2.00e-04, pred: 333.87 min
Ep.:  9000, Score:  -2.66, P_win: 0.25, Tran: 80.15, eps: 0.13, lr: 2.00e-04, pred: 329.95 min
Ep.:  9500, Score:  -2.99, P_win: 0.27, Tran: 75.24, eps: 0.12, lr: 2.00e-04, pred: 325.61 min
Ep.: 10000, Score:  -1.73, P_win: 0.21, Tran: 86.06, eps: 0.12, lr: 2.00e-04, pred: 320.75 min
Ep.: 10500, Score:  -1.67, P_win: 0.30, Tran: 70.72, eps: 0.12, lr: 2.00e-04, pred: 315.58 min
Ep.: 11000, Score:  -2.00, P_win: 0.22, Tran: 77.15, eps: 0.12, lr: 2.00e-04, pred: 310.19 min
Ep.: 11500, Score:  -1.82, P_win: 0.20, Tran: 77.70, eps: 0.11, lr: 2.00e-04, pred: 304.52 min
Ep.: 12000, Score:  -2.74, P_win: 0.39, Tran: 71.38, eps: 0.11, lr: 2.00e-04, pred: 298.35 min
Ep.: 12500, Score:  -1.15, P_win: 0.22, Tran: 80.33, eps: 0.11, lr: 2.00e-04, pred: 292.10 min
Ep.: 13000, Score:  -1.26, P_win: 0.32, Tran: 76.97, eps: 0.10, lr: 2.00e-04, pred: 285.49 min
Ep.: 13500, Score:  -1.25, P_win: 0.27, Tran: 73.97, eps: 0.10, lr: 2.00e-04, pred: 278.72 min
Ep.: 14000, Score:  -1.17, P_win: 0.27, Tran: 78.85, eps: 0.10, lr: 2.00e-04, pred: 271.76 min
Ep.: 14500, Score:   0.00, P_win: 0.31, Tran: 73.58, eps: 0.10, lr: 2.00e-04, pred: 264.63 min
Ep.: 15000, Score:  -0.45, P_win: 0.30, Tran: 75.42, eps: 0.09, lr: 2.00e-04, pred: 257.39 min
Ep.: 15500, Score:  -0.49, P_win: 0.28, Tran: 79.56, eps: 0.09, lr: 1.00e-04, pred: 247.38 min
Ep.: 16000, Score:  -2.15, P_win: 0.25, Tran: 81.93, eps: 0.09, lr: 1.00e-04, pred: 237.65 min
Ep.: 16500, Score:  -1.04, P_win: 0.26, Tran: 79.06, eps: 0.09, lr: 1.00e-04, pred: 228.01 min
Ep.: 17000, Score:   0.71, P_win: 0.41, Tran: 71.40, eps: 0.09, lr: 1.00e-04, pred: 218.47 min
Ep.: 17500, Score:   0.23, P_win: 0.26, Tran: 81.19, eps: 0.08, lr: 1.00e-04, pred: 209.12 min
Ep.: 18000, Score:  -0.13, P_win: 0.44, Tran: 71.38, eps: 0.08, lr: 1.00e-04, pred: 199.91 min
Ep.: 18500, Score:   1.74, P_win: 0.48, Tran: 65.84, eps: 0.08, lr: 1.00e-04, pred: 190.78 min
Ep.: 19000, Score:  -0.38, P_win: 0.33, Tran: 75.09, eps: 0.08, lr: 1.00e-04, pred: 181.79 min
Ep.: 19500, Score:  -0.73, P_win: 0.37, Tran: 74.91, eps: 0.08, lr: 1.00e-04, pred: 172.86 min
Ep.: 20000, Score:   0.30, P_win: 0.45, Tran: 65.42, eps: 0.07, lr: 1.00e-04, pred: 164.02 min
Ep.: 20500, Score:  -0.21, P_win: 0.20, Tran: 82.07, eps: 0.07, lr: 1.00e-04, pred: 155.34 min
Ep.: 21000, Score:   0.92, P_win: 0.40, Tran: 73.66, eps: 0.07, lr: 1.00e-04, pred: 146.69 min
Ep.: 21500, Score:   0.79, P_win: 0.41, Tran: 74.31, eps: 0.07, lr: 1.00e-04, pred: 138.12 min
Ep.: 22000, Score:   0.93, P_win: 0.32, Tran: 79.90, eps: 0.07, lr: 1.00e-04, pred: 129.62 min
Ep.: 22500, Score:   0.05, P_win: 0.24, Tran: 77.49, eps: 0.06, lr: 1.00e-04, pred: 121.17 min
Ep.: 23000, Score:  -0.79, P_win: 0.33, Tran: 76.08, eps: 0.06, lr: 1.00e-04, pred: 112.82 min
Ep.: 23500, Score:   1.58, P_win: 0.42, Tran: 69.13, eps: 0.06, lr: 1.00e-04, pred: 104.48 min
Ep.: 24000, Score:  -0.49, P_win: 0.34, Tran: 74.45, eps: 0.06, lr: 1.00e-04, pred: 96.21 min
Ep.: 24500, Score:   0.56, P_win: 0.45, Tran: 69.92, eps: 0.06, lr: 1.00e-04, pred: 87.98 min
Ep.: 25000, Score:   0.57, P_win: 0.39, Tran: 74.08, eps: 0.06, lr: 1.00e-04, pred: 79.81 min
Ep.: 25500, Score:   1.30, P_win: 0.32, Tran: 73.28, eps: 0.06, lr: 5.00e-05, pred: 71.66 min
Ep.: 26000, Score:   0.94, P_win: 0.36, Tran: 76.97, eps: 0.05, lr: 5.00e-05, pred: 63.55 min
Ep.: 26500, Score:   1.55, P_win: 0.33, Tran: 80.50, eps: 0.05, lr: 5.00e-05, pred: 55.49 min
Ep.: 27000, Score:   1.07, P_win: 0.41, Tran: 71.10, eps: 0.05, lr: 5.00e-05, pred: 47.46 min
Ep.: 27500, Score:   1.44, P_win: 0.45, Tran: 70.62, eps: 0.05, lr: 5.00e-05, pred: 39.46 min
Ep.: 28000, Score:   1.57, P_win: 0.28, Tran: 78.29, eps: 0.05, lr: 5.00e-05, pred: 31.50 min
Ep.: 28500, Score:   1.51, P_win: 0.37, Tran: 74.74, eps: 0.05, lr: 5.00e-05, pred: 23.58 min
Ep.: 29000, Score:   1.35, P_win: 0.45, Tran: 72.49, eps: 0.05, lr: 5.00e-05, pred: 15.69 min
Ep.: 29500, Score:   1.42, P_win: 0.42, Tran: 71.67, eps: 0.05, lr: 5.00e-05, pred:  7.82 min
~~~ Training Complete ~~~
~~~ Starting Training ~~~
Ep.:     0, Score: -10.88, P_win: 0.07, Tran: 92.26, eps: 0.20, lr: 2.00e-04, pred: 7363.79 min
Ep.:   500, Score:  -6.25, P_win: 0.22, Tran: 81.06, eps: 0.20, lr: 2.00e-04, pred: 422.99 min
Ep.:  1000, Score:  -4.57, P_win: 0.11, Tran: 82.26, eps: 0.19, lr: 2.00e-04, pred: 416.24 min
Ep.:  1500, Score:  -2.86, P_win: 0.10, Tran: 88.11, eps: 0.19, lr: 2.00e-04, pred: 410.86 min
Ep.:  2000, Score:  -3.51, P_win: 0.14, Tran: 81.80, eps: 0.18, lr: 2.00e-04, pred: 404.95 min
Ep.:  2500, Score:  -3.75, P_win: 0.24, Tran: 80.42, eps: 0.18, lr: 2.00e-04, pred: 398.78 min
Ep.:  3000, Score:  -2.94, P_win: 0.16, Tran: 83.88, eps: 0.17, lr: 2.00e-04, pred: 392.10 min
Ep.:  3500, Score:  -3.20, P_win: 0.22, Tran: 79.85, eps: 0.17, lr: 2.00e-04, pred: 385.06 min
Ep.:  4000, Score:  -2.95, P_win: 0.17, Tran: 78.83, eps: 0.16, lr: 2.00e-04, pred: 378.36 min
Ep.:  4500, Score:  -2.73, P_win: 0.17, Tran: 76.96, eps: 0.16, lr: 2.00e-04, pred: 371.58 min
Ep.:  5000, Score:  -2.71, P_win: 0.15, Tran: 77.04, eps: 0.16, lr: 2.00e-04, pred: 364.88 min
Ep.:  5500, Score:  -1.68, P_win: 0.19, Tran: 80.62, eps: 0.15, lr: 2.00e-04, pred: 358.49 min
Ep.:  6000, Score:  -3.01, P_win: 0.15, Tran: 87.75, eps: 0.15, lr: 2.00e-04, pred: 352.14 min
Ep.:  6500, Score:  -3.08, P_win: 0.14, Tran: 82.63, eps: 0.14, lr: 2.00e-04, pred: 346.26 min
Ep.:  7000, Score:  -2.96, P_win: 0.17, Tran: 80.24, eps: 0.14, lr: 2.00e-04, pred: 341.11 min
Ep.:  7500, Score:  -2.62, P_win: 0.19, Tran: 79.91, eps: 0.14, lr: 2.00e-04, pred: 337.05 min
Ep.:  8000, Score:  -0.92, P_win: 0.22, Tran: 81.17, eps: 0.13, lr: 2.00e-04, pred: 333.14 min
Ep.:  8500, Score:  -0.68, P_win: 0.31, Tran: 80.36, eps: 0.13, lr: 2.00e-04, pred: 328.98 min
Ep.:  9000, Score:  -0.82, P_win: 0.32, Tran: 78.93, eps: 0.13, lr: 2.00e-04, pred: 324.33 min
Ep.:  9500, Score:  -0.78, P_win: 0.33, Tran: 74.57, eps: 0.12, lr: 2.00e-04, pred: 319.19 min
Ep.: 10000, Score:  -1.41, P_win: 0.34, Tran: 76.93, eps: 0.12, lr: 2.00e-04, pred: 314.14 min
Ep.: 10500, Score:  -0.50, P_win: 0.33, Tran: 75.47, eps: 0.12, lr: 2.00e-04, pred: 308.62 min
Ep.: 11000, Score:  -0.19, P_win: 0.36, Tran: 72.64, eps: 0.12, lr: 2.00e-04, pred: 302.90 min
Ep.: 11500, Score:   0.64, P_win: 0.45, Tran: 71.77, eps: 0.11, lr: 2.00e-04, pred: 296.92 min
Ep.: 12000, Score:  -0.66, P_win: 0.33, Tran: 77.04, eps: 0.11, lr: 2.00e-04, pred: 290.86 min
Ep.: 12500, Score:   0.50, P_win: 0.47, Tran: 74.10, eps: 0.11, lr: 2.00e-04, pred: 284.46 min
Ep.: 13000, Score:  -0.25, P_win: 0.37, Tran: 73.09, eps: 0.10, lr: 2.00e-04, pred: 277.86 min
Ep.: 13500, Score:   0.55, P_win: 0.47, Tran: 67.98, eps: 0.10, lr: 2.00e-04, pred: 271.06 min
Ep.: 14000, Score:  -0.72, P_win: 0.34, Tran: 71.54, eps: 0.10, lr: 2.00e-04, pred: 264.21 min
Ep.: 14500, Score:  -0.46, P_win: 0.23, Tran: 87.66, eps: 0.10, lr: 2.00e-04, pred: 257.30 min
Ep.: 15000, Score:   0.22, P_win: 0.30, Tran: 79.14, eps: 0.09, lr: 2.00e-04, pred: 250.15 min
Ep.: 15500, Score:   1.00, P_win: 0.45, Tran: 69.13, eps: 0.09, lr: 1.00e-04, pred: 240.55 min
Ep.: 16000, Score:   1.01, P_win: 0.35, Tran: 73.19, eps: 0.09, lr: 1.00e-04, pred: 231.14 min
Ep.: 16500, Score:   0.39, P_win: 0.45, Tran: 82.82, eps: 0.09, lr: 1.00e-04, pred: 221.97 min
Ep.: 17000, Score:   1.14, P_win: 0.44, Tran: 75.07, eps: 0.09, lr: 1.00e-04, pred: 212.89 min
Ep.: 17500, Score:   2.00, P_win: 0.55, Tran: 66.78, eps: 0.08, lr: 1.00e-04, pred: 203.89 min
Ep.: 18000, Score:   1.65, P_win: 0.53, Tran: 69.20, eps: 0.08, lr: 1.00e-04, pred: 195.01 min
Ep.: 18500, Score:   2.36, P_win: 0.47, Tran: 71.39, eps: 0.08, lr: 1.00e-04, pred: 186.21 min
Ep.: 19000, Score:   2.70, P_win: 0.51, Tran: 68.43, eps: 0.08, lr: 1.00e-04, pred: 177.50 min
Ep.: 19500, Score:   1.51, P_win: 0.47, Tran: 70.81, eps: 0.08, lr: 1.00e-04, pred: 168.89 min
Ep.: 20000, Score:   2.68, P_win: 0.58, Tran: 68.86, eps: 0.07, lr: 1.00e-04, pred: 160.33 min
Ep.: 20500, Score:   2.75, P_win: 0.52, Tran: 71.27, eps: 0.07, lr: 1.00e-04, pred: 151.88 min
Ep.: 21000, Score:   1.85, P_win: 0.46, Tran: 76.33, eps: 0.07, lr: 1.00e-04, pred: 143.50 min
Ep.: 21500, Score:   2.36, P_win: 0.58, Tran: 68.83, eps: 0.07, lr: 1.00e-04, pred: 135.15 min
Ep.: 22000, Score:   1.80, P_win: 0.50, Tran: 69.29, eps: 0.07, lr: 1.00e-04, pred: 126.90 min
Ep.: 22500, Score:   2.64, P_win: 0.49, Tran: 74.31, eps: 0.06, lr: 1.00e-04, pred: 118.69 min
Ep.: 23000, Score:   2.16, P_win: 0.51, Tran: 70.59, eps: 0.06, lr: 1.00e-04, pred: 110.54 min
Ep.: 23500, Score:   3.43, P_win: 0.60, Tran: 70.42, eps: 0.06, lr: 1.00e-04, pred: 102.43 min
Ep.: 24000, Score:   3.91, P_win: 0.52, Tran: 72.24, eps: 0.06, lr: 1.00e-04, pred: 94.34 min
Ep.: 24500, Score:   3.52, P_win: 0.50, Tran: 73.32, eps: 0.06, lr: 1.00e-04, pred: 86.31 min
Ep.: 25000, Score:   3.34, P_win: 0.42, Tran: 75.83, eps: 0.06, lr: 1.00e-04, pred: 78.33 min
Ep.: 25500, Score:   3.88, P_win: 0.63, Tran: 64.96, eps: 0.06, lr: 5.00e-05, pred: 70.34 min
Ep.: 26000, Score:   4.14, P_win: 0.50, Tran: 69.34, eps: 0.05, lr: 5.00e-05, pred: 62.38 min
Ep.: 26500, Score:   3.30, P_win: 0.58, Tran: 70.08, eps: 0.05, lr: 5.00e-05, pred: 54.48 min
Ep.: 27000, Score:   3.90, P_win: 0.64, Tran: 64.91, eps: 0.05, lr: 5.00e-05, pred: 46.60 min
Ep.: 27500, Score:   4.32, P_win: 0.69, Tran: 60.40, eps: 0.05, lr: 5.00e-05, pred: 38.75 min
Ep.: 28000, Score:   5.25, P_win: 0.67, Tran: 64.78, eps: 0.05, lr: 5.00e-05, pred: 30.94 min
Ep.: 28500, Score:   4.96, P_win: 0.62, Tran: 66.23, eps: 0.05, lr: 5.00e-05, pred: 23.16 min
Ep.: 29000, Score:   5.52, P_win: 0.66, Tran: 65.52, eps: 0.05, lr: 5.00e-05, pred: 15.41 min
Ep.: 29500, Score:   5.96, P_win: 0.76, Tran: 62.35, eps: 0.05, lr: 5.00e-05, pred:  7.68 min
~~~ Training Complete ~~~
~~~ Starting Training ~~~
Ep.:     0, Score:  -3.20, P_win: 0.04, Tran: 89.84, eps: 0.20, lr: 2.00e-04, pred: 7394.56 min
Ep.:   500, Score:  -6.11, P_win: 0.21, Tran: 83.03, eps: 0.20, lr: 2.00e-04, pred: 303.67 min
Ep.:  1000, Score:  -3.97, P_win: 0.16, Tran: 82.73, eps: 0.19, lr: 2.00e-04, pred: 299.04 min
Ep.:  1500, Score:  -3.40, P_win: 0.15, Tran: 85.44, eps: 0.19, lr: 2.00e-04, pred: 296.34 min
Ep.:  2000, Score:  -3.71, P_win: 0.11, Tran: 82.24, eps: 0.18, lr: 2.00e-04, pred: 293.20 min
Ep.:  2500, Score:  -3.15, P_win: 0.10, Tran: 76.68, eps: 0.18, lr: 2.00e-04, pred: 288.46 min
Ep.:  3000, Score:  -3.82, P_win: 0.16, Tran: 79.85, eps: 0.17, lr: 2.00e-04, pred: 283.46 min
Ep.:  3500, Score:  -3.26, P_win: 0.12, Tran: 85.00, eps: 0.17, lr: 2.00e-04, pred: 278.87 min
Ep.:  4000, Score:  -2.64, P_win: 0.24, Tran: 81.04, eps: 0.16, lr: 2.00e-04, pred: 274.16 min
Ep.:  4500, Score:  -3.15, P_win: 0.18, Tran: 75.70, eps: 0.16, lr: 2.00e-04, pred: 269.70 min
Ep.:  5000, Score:  -3.02, P_win: 0.18, Tran: 83.13, eps: 0.16, lr: 2.00e-04, pred: 265.04 min
Ep.:  5500, Score:  -2.62, P_win: 0.12, Tran: 82.74, eps: 0.15, lr: 2.00e-04, pred: 260.56 min
Ep.:  6000, Score:  -2.66, P_win: 0.24, Tran: 79.05, eps: 0.15, lr: 2.00e-04, pred: 256.34 min
Ep.:  6500, Score:  -2.46, P_win: 0.20, Tran: 78.89, eps: 0.14, lr: 2.00e-04, pred: 252.45 min
Ep.:  7000, Score:  -2.03, P_win: 0.27, Tran: 82.81, eps: 0.14, lr: 2.00e-04, pred: 249.38 min
Ep.:  7500, Score:  -0.96, P_win: 0.40, Tran: 73.96, eps: 0.14, lr: 2.00e-04, pred: 247.00 min
Ep.:  8000, Score:  -1.16, P_win: 0.35, Tran: 73.46, eps: 0.13, lr: 2.00e-04, pred: 244.39 min
Ep.:  8500, Score:  -1.06, P_win: 0.20, Tran: 83.36, eps: 0.13, lr: 2.00e-04, pred: 241.59 min
Ep.:  9000, Score:  -0.67, P_win: 0.22, Tran: 82.08, eps: 0.13, lr: 2.00e-04, pred: 238.60 min
Ep.:  9500, Score:  -1.08, P_win: 0.19, Tran: 83.13, eps: 0.12, lr: 2.00e-04, pred: 235.27 min
Ep.: 10000, Score:  -1.13, P_win: 0.40, Tran: 71.88, eps: 0.12, lr: 2.00e-04, pred: 231.66 min
Ep.: 10500, Score:  -0.93, P_win: 0.28, Tran: 74.77, eps: 0.12, lr: 2.00e-04, pred: 227.83 min
Ep.: 11000, Score:  -1.30, P_win: 0.40, Tran: 78.21, eps: 0.12, lr: 2.00e-04, pred: 223.87 min
Ep.: 11500, Score:   0.44, P_win: 0.20, Tran: 87.08, eps: 0.11, lr: 2.00e-04, pred: 219.66 min
Ep.: 12000, Score:   0.57, P_win: 0.51, Tran: 69.94, eps: 0.11, lr: 2.00e-04, pred: 215.19 min
Ep.: 12500, Score:   0.00, P_win: 0.36, Tran: 75.46, eps: 0.11, lr: 2.00e-04, pred: 210.61 min
Ep.: 13000, Score:   0.80, P_win: 0.54, Tran: 67.19, eps: 0.10, lr: 2.00e-04, pred: 205.77 min
Ep.: 13500, Score:   0.57, P_win: 0.38, Tran: 76.52, eps: 0.10, lr: 2.00e-04, pred: 200.90 min
Ep.: 14000, Score:   0.58, P_win: 0.51, Tran: 78.34, eps: 0.10, lr: 2.00e-04, pred: 196.03 min
Ep.: 14500, Score:   1.13, P_win: 0.52, Tran: 68.00, eps: 0.10, lr: 2.00e-04, pred: 190.92 min
Ep.: 15000, Score:   1.84, P_win: 0.52, Tran: 70.82, eps: 0.09, lr: 2.00e-04, pred: 185.64 min
Ep.: 15500, Score:   2.36, P_win: 0.67, Tran: 57.50, eps: 0.09, lr: 1.00e-04, pred: 178.33 min
Ep.: 16000, Score:   3.34, P_win: 0.72, Tran: 63.82, eps: 0.09, lr: 1.00e-04, pred: 171.16 min
Ep.: 16500, Score:   3.71, P_win: 0.67, Tran: 60.16, eps: 0.09, lr: 1.00e-04, pred: 164.10 min
Ep.: 17000, Score:   3.99, P_win: 0.63, Tran: 66.04, eps: 0.09, lr: 1.00e-04, pred: 157.17 min
Ep.: 17500, Score:   3.98, P_win: 0.72, Tran: 64.03, eps: 0.08, lr: 1.00e-04, pred: 150.37 min
Ep.: 18000, Score:   3.78, P_win: 0.67, Tran: 66.08, eps: 0.08, lr: 1.00e-04, pred: 143.72 min
Ep.: 18500, Score:   4.64, P_win: 0.84, Tran: 53.84, eps: 0.08, lr: 1.00e-04, pred: 137.07 min
Ep.: 19000, Score:   5.10, P_win: 0.61, Tran: 61.79, eps: 0.08, lr: 1.00e-04, pred: 130.51 min
Ep.: 19500, Score:   5.67, P_win: 0.82, Tran: 57.04, eps: 0.08, lr: 1.00e-04, pred: 124.04 min
Ep.: 20000, Score:   5.90, P_win: 0.82, Tran: 55.22, eps: 0.07, lr: 1.00e-04, pred: 117.63 min
Ep.: 20500, Score:   5.18, P_win: 0.85, Tran: 55.17, eps: 0.07, lr: 1.00e-04, pred: 111.31 min
Ep.: 21000, Score:   5.77, P_win: 0.82, Tran: 57.10, eps: 0.07, lr: 1.00e-04, pred: 105.05 min
Ep.: 21500, Score:   5.35, P_win: 0.81, Tran: 54.52, eps: 0.07, lr: 1.00e-04, pred: 98.85 min
Ep.: 22000, Score:   6.13, P_win: 0.83, Tran: 57.44, eps: 0.07, lr: 1.00e-04, pred: 92.71 min
Ep.: 22500, Score:   5.79, P_win: 0.83, Tran: 53.98, eps: 0.06, lr: 1.00e-04, pred: 86.63 min
Ep.: 23000, Score:   6.37, P_win: 0.84, Tran: 54.44, eps: 0.06, lr: 1.00e-04, pred: 80.60 min
Ep.: 23500, Score:   6.14, P_win: 0.74, Tran: 57.83, eps: 0.06, lr: 1.00e-04, pred: 74.63 min
Ep.: 24000, Score:   5.88, P_win: 0.76, Tran: 58.75, eps: 0.06, lr: 1.00e-04, pred: 68.70 min
Ep.: 24500, Score:   6.08, P_win: 0.93, Tran: 52.96, eps: 0.06, lr: 1.00e-04, pred: 62.81 min
Ep.: 25000, Score:   6.66, P_win: 0.79, Tran: 58.82, eps: 0.06, lr: 1.00e-04, pred: 56.96 min
Ep.: 25500, Score:   6.61, P_win: 0.81, Tran: 54.41, eps: 0.06, lr: 5.00e-05, pred: 51.12 min
Ep.: 26000, Score:   6.88, P_win: 0.89, Tran: 52.76, eps: 0.05, lr: 5.00e-05, pred: 45.31 min
Ep.: 26500, Score:   7.49, P_win: 0.80, Tran: 58.62, eps: 0.05, lr: 5.00e-05, pred: 39.54 min
Ep.: 27000, Score:   6.78, P_win: 0.84, Tran: 55.50, eps: 0.05, lr: 5.00e-05, pred: 33.80 min
Ep.: 27500, Score:   7.02, P_win: 0.80, Tran: 56.48, eps: 0.05, lr: 5.00e-05, pred: 28.10 min
Ep.: 28000, Score:   7.28, P_win: 0.83, Tran: 55.48, eps: 0.05, lr: 5.00e-05, pred: 22.42 min
Ep.: 28500, Score:   6.86, P_win: 0.86, Tran: 55.58, eps: 0.05, lr: 5.00e-05, pred: 16.78 min
Ep.: 29000, Score:   7.07, P_win: 0.87, Tran: 53.98, eps: 0.05, lr: 5.00e-05, pred: 11.16 min
Ep.: 29500, Score:   7.21, P_win: 0.86, Tran: 53.38, eps: 0.05, lr: 5.00e-05, pred:  5.56 min
~~~ Training Complete ~~~
DONE!
