~~~ Starting Training ~~~
Ep.:     0, Score:   7.05, P_win: 0.04, Tran: 91.33, eps: 0.20, lr: 2.00e-04, pred: 4419.89 min
Ep.:   500, Score:  -6.14, P_win: 0.17, Tran: 85.37, eps: 0.20, lr: 2.00e-04, pred: 199.26 min
Ep.:  1000, Score:  -3.65, P_win: 0.17, Tran: 81.05, eps: 0.19, lr: 2.00e-04, pred: 192.86 min
Ep.:  1500, Score:  -3.59, P_win: 0.20, Tran: 80.58, eps: 0.19, lr: 2.00e-04, pred: 184.21 min
Ep.:  2000, Score:  -3.64, P_win: 0.20, Tran: 81.79, eps: 0.18, lr: 2.00e-04, pred: 179.78 min
Ep.:  2500, Score:  -3.09, P_win: 0.15, Tran: 85.63, eps: 0.18, lr: 2.00e-04, pred: 176.42 min
Ep.:  3000, Score:  -2.41, P_win: 0.20, Tran: 81.81, eps: 0.17, lr: 2.00e-04, pred: 172.65 min
Ep.:  3500, Score:  -2.56, P_win: 0.24, Tran: 75.39, eps: 0.17, lr: 2.00e-04, pred: 168.76 min
Ep.:  4000, Score:  -2.80, P_win: 0.33, Tran: 75.37, eps: 0.16, lr: 2.00e-04, pred: 164.59 min
Ep.:  4500, Score:  -1.25, P_win: 0.27, Tran: 78.40, eps: 0.16, lr: 2.00e-04, pred: 161.20 min
Ep.:  5000, Score:  -1.79, P_win: 0.25, Tran: 81.54, eps: 0.16, lr: 2.00e-04, pred: 158.36 min
Ep.:  5500, Score:  -2.69, P_win: 0.13, Tran: 90.20, eps: 0.15, lr: 2.00e-04, pred: 155.54 min
Ep.:  6000, Score:  -3.01, P_win: 0.24, Tran: 77.59, eps: 0.15, lr: 2.00e-04, pred: 152.64 min
Ep.:  6500, Score:  -2.67, P_win: 0.18, Tran: 82.43, eps: 0.14, lr: 2.00e-04, pred: 149.68 min
Ep.:  7000, Score:  -2.07, P_win: 0.27, Tran: 74.67, eps: 0.14, lr: 2.00e-04, pred: 147.11 min
Ep.:  7500, Score:  -1.35, P_win: 0.20, Tran: 76.12, eps: 0.14, lr: 2.00e-04, pred: 144.47 min
Ep.:  8000, Score:  -2.46, P_win: 0.26, Tran: 86.43, eps: 0.13, lr: 2.00e-04, pred: 142.15 min
Ep.:  8500, Score:  -2.34, P_win: 0.24, Tran: 76.51, eps: 0.13, lr: 2.00e-04, pred: 139.44 min
Ep.:  9000, Score:   0.15, P_win: 0.29, Tran: 81.66, eps: 0.13, lr: 2.00e-04, pred: 136.50 min
Ep.:  9500, Score:  -0.66, P_win: 0.31, Tran: 82.85, eps: 0.12, lr: 2.00e-04, pred: 133.69 min
Ep.: 10000, Score:  -0.37, P_win: 0.32, Tran: 78.45, eps: 0.12, lr: 2.00e-04, pred: 130.67 min
Ep.: 10500, Score:   0.05, P_win: 0.40, Tran: 76.38, eps: 0.12, lr: 2.00e-04, pred: 127.74 min
Ep.: 11000, Score:   0.56, P_win: 0.41, Tran: 76.65, eps: 0.12, lr: 2.00e-04, pred: 124.76 min
Ep.: 11500, Score:   0.80, P_win: 0.41, Tran: 73.29, eps: 0.11, lr: 2.00e-04, pred: 121.99 min
Ep.: 12000, Score:   0.28, P_win: 0.34, Tran: 75.84, eps: 0.11, lr: 2.00e-04, pred: 118.94 min
Ep.: 12500, Score:   0.58, P_win: 0.31, Tran: 73.68, eps: 0.11, lr: 2.00e-04, pred: 115.82 min
Ep.: 13000, Score:   1.24, P_win: 0.40, Tran: 72.85, eps: 0.10, lr: 2.00e-04, pred: 112.66 min
Ep.: 13500, Score:   1.38, P_win: 0.48, Tran: 72.75, eps: 0.10, lr: 2.00e-04, pred: 109.63 min
Ep.: 14000, Score:   1.12, P_win: 0.42, Tran: 77.26, eps: 0.10, lr: 2.00e-04, pred: 106.55 min
Ep.: 14500, Score:   0.21, P_win: 0.45, Tran: 68.38, eps: 0.10, lr: 2.00e-04, pred: 103.38 min
Ep.: 15000, Score:   1.87, P_win: 0.51, Tran: 70.80, eps: 0.09, lr: 2.00e-04, pred: 100.25 min
Ep.: 15500, Score:   2.18, P_win: 0.59, Tran: 66.95, eps: 0.09, lr: 1.00e-04, pred: 96.51 min
Ep.: 16000, Score:   2.16, P_win: 0.42, Tran: 73.13, eps: 0.09, lr: 1.00e-04, pred: 92.88 min
Ep.: 16500, Score:   2.68, P_win: 0.51, Tran: 68.03, eps: 0.09, lr: 1.00e-04, pred: 89.23 min
Ep.: 17000, Score:   2.56, P_win: 0.59, Tran: 66.77, eps: 0.09, lr: 1.00e-04, pred: 85.66 min
Ep.: 17500, Score:   3.35, P_win: 0.55, Tran: 67.40, eps: 0.08, lr: 1.00e-04, pred: 82.13 min
Ep.: 18000, Score:   3.05, P_win: 0.56, Tran: 69.90, eps: 0.08, lr: 1.00e-04, pred: 78.57 min
Ep.: 18500, Score:   4.06, P_win: 0.70, Tran: 64.83, eps: 0.08, lr: 1.00e-04, pred: 75.08 min
Ep.: 19000, Score:   4.34, P_win: 0.63, Tran: 62.69, eps: 0.08, lr: 1.00e-04, pred: 71.63 min
Ep.: 19500, Score:   3.60, P_win: 0.67, Tran: 66.23, eps: 0.08, lr: 1.00e-04, pred: 68.17 min
Ep.: 20000, Score:   3.84, P_win: 0.62, Tran: 65.37, eps: 0.07, lr: 1.00e-04, pred: 64.75 min
Ep.: 20500, Score:   5.06, P_win: 0.61, Tran: 69.73, eps: 0.07, lr: 1.00e-04, pred: 61.37 min
Ep.: 21000, Score:   5.11, P_win: 0.79, Tran: 59.48, eps: 0.07, lr: 1.00e-04, pred: 57.98 min
Ep.: 21500, Score:   5.14, P_win: 0.65, Tran: 65.89, eps: 0.07, lr: 1.00e-04, pred: 54.62 min
Ep.: 22000, Score:   5.23, P_win: 0.68, Tran: 69.85, eps: 0.07, lr: 1.00e-04, pred: 51.27 min
Ep.: 22500, Score:   5.18, P_win: 0.74, Tran: 66.86, eps: 0.06, lr: 1.00e-04, pred: 47.98 min
Ep.: 23000, Score:   5.29, P_win: 0.71, Tran: 64.88, eps: 0.06, lr: 1.00e-04, pred: 44.68 min
Ep.: 23500, Score:   5.42, P_win: 0.77, Tran: 61.38, eps: 0.06, lr: 1.00e-04, pred: 41.42 min
Ep.: 24000, Score:   6.19, P_win: 0.86, Tran: 55.66, eps: 0.06, lr: 1.00e-04, pred: 38.14 min
Ep.: 24500, Score:   6.92, P_win: 0.85, Tran: 60.07, eps: 0.06, lr: 1.00e-04, pred: 34.88 min
Ep.: 25000, Score:   6.64, P_win: 0.76, Tran: 60.79, eps: 0.06, lr: 1.00e-04, pred: 31.63 min
Ep.: 25500, Score:   6.24, P_win: 0.82, Tran: 57.39, eps: 0.06, lr: 5.00e-05, pred: 28.41 min
Ep.: 26000, Score:   6.35, P_win: 0.79, Tran: 60.48, eps: 0.05, lr: 5.00e-05, pred: 25.20 min
Ep.: 26500, Score:   6.42, P_win: 0.81, Tran: 59.25, eps: 0.05, lr: 5.00e-05, pred: 22.01 min
Ep.: 27000, Score:   6.76, P_win: 0.76, Tran: 63.45, eps: 0.05, lr: 5.00e-05, pred: 18.83 min
Ep.: 27500, Score:   6.88, P_win: 0.84, Tran: 58.01, eps: 0.05, lr: 5.00e-05, pred: 15.67 min
Ep.: 28000, Score:   7.33, P_win: 0.89, Tran: 54.85, eps: 0.05, lr: 5.00e-05, pred: 12.50 min
Ep.: 28500, Score:   7.40, P_win: 0.83, Tran: 56.27, eps: 0.05, lr: 5.00e-05, pred:  9.35 min
Ep.: 29000, Score:   7.52, P_win: 0.88, Tran: 55.64, eps: 0.05, lr: 5.00e-05, pred:  6.22 min
Ep.: 29500, Score:   7.50, P_win: 0.87, Tran: 55.18, eps: 0.05, lr: 5.00e-05, pred:  3.10 min
~~~ Training Complete ~~~
~~~ Starting Training ~~~
Ep.:     0, Score: -13.92, P_win: 0.03, Tran: 92.24, eps: 0.20, lr: 2.00e-04, pred: 5287.09 min
Ep.:   500, Score:  -5.55, P_win: 0.13, Tran: 85.58, eps: 0.20, lr: 2.00e-04, pred: 180.71 min
Ep.:  1000, Score:  -3.56, P_win: 0.23, Tran: 75.20, eps: 0.19, lr: 2.00e-04, pred: 175.23 min
Ep.:  1500, Score:  -2.76, P_win: 0.19, Tran: 79.57, eps: 0.19, lr: 2.00e-04, pred: 169.78 min
Ep.:  2000, Score:  -2.43, P_win: 0.27, Tran: 77.73, eps: 0.18, lr: 2.00e-04, pred: 165.39 min
Ep.:  2500, Score:  -1.84, P_win: 0.34, Tran: 72.28, eps: 0.18, lr: 2.00e-04, pred: 161.02 min
Ep.:  3000, Score:  -1.13, P_win: 0.26, Tran: 79.38, eps: 0.17, lr: 2.00e-04, pred: 158.12 min
Ep.:  3500, Score:  -0.66, P_win: 0.31, Tran: 80.60, eps: 0.17, lr: 2.00e-04, pred: 155.58 min
Ep.:  4000, Score:  -1.58, P_win: 0.32, Tran: 77.66, eps: 0.16, lr: 2.00e-04, pred: 152.77 min
Ep.:  4500, Score:  -1.07, P_win: 0.23, Tran: 82.38, eps: 0.16, lr: 2.00e-04, pred: 149.87 min
Ep.:  5000, Score:  -0.50, P_win: 0.45, Tran: 73.22, eps: 0.16, lr: 2.00e-04, pred: 146.99 min
Ep.:  5500, Score:  -0.26, P_win: 0.43, Tran: 72.39, eps: 0.15, lr: 2.00e-04, pred: 144.13 min
Ep.:  6000, Score:  -0.31, P_win: 0.37, Tran: 78.60, eps: 0.15, lr: 2.00e-04, pred: 141.24 min
Ep.:  6500, Score:   0.14, P_win: 0.51, Tran: 71.45, eps: 0.14, lr: 2.00e-04, pred: 138.94 min
Ep.:  7000, Score:   0.81, P_win: 0.42, Tran: 75.45, eps: 0.14, lr: 2.00e-04, pred: 136.70 min
Ep.:  7500, Score:   1.02, P_win: 0.40, Tran: 72.59, eps: 0.14, lr: 2.00e-04, pred: 134.47 min
Ep.:  8000, Score:   1.47, P_win: 0.45, Tran: 75.15, eps: 0.13, lr: 2.00e-04, pred: 131.93 min
Ep.:  8500, Score:   1.32, P_win: 0.49, Tran: 69.34, eps: 0.13, lr: 2.00e-04, pred: 129.45 min
Ep.:  9000, Score:   2.18, P_win: 0.52, Tran: 71.82, eps: 0.13, lr: 2.00e-04, pred: 126.88 min
Ep.:  9500, Score:   2.70, P_win: 0.58, Tran: 64.89, eps: 0.12, lr: 2.00e-04, pred: 124.22 min
Ep.: 10000, Score:   2.59, P_win: 0.66, Tran: 61.65, eps: 0.12, lr: 2.00e-04, pred: 121.44 min
Ep.: 10500, Score:   3.42, P_win: 0.64, Tran: 65.58, eps: 0.12, lr: 2.00e-04, pred: 118.72 min
Ep.: 11000, Score:   4.10, P_win: 0.73, Tran: 62.28, eps: 0.12, lr: 2.00e-04, pred: 115.92 min
Ep.: 11500, Score:   4.70, P_win: 0.72, Tran: 68.77, eps: 0.11, lr: 2.00e-04, pred: 113.07 min
Ep.: 12000, Score:   5.14, P_win: 0.76, Tran: 65.93, eps: 0.11, lr: 2.00e-04, pred: 110.33 min
Ep.: 12500, Score:   5.51, P_win: 0.70, Tran: 63.52, eps: 0.11, lr: 2.00e-04, pred: 107.67 min
Ep.: 13000, Score:   4.77, P_win: 0.65, Tran: 68.93, eps: 0.10, lr: 2.00e-04, pred: 104.88 min
Ep.: 13500, Score:   5.06, P_win: 0.75, Tran: 59.33, eps: 0.10, lr: 2.00e-04, pred: 102.08 min
Ep.: 14000, Score:   5.69, P_win: 0.76, Tran: 62.39, eps: 0.10, lr: 2.00e-04, pred: 99.18 min
Ep.: 14500, Score:   6.06, P_win: 0.77, Tran: 59.41, eps: 0.10, lr: 2.00e-04, pred: 96.28 min
Ep.: 15000, Score:   5.14, P_win: 0.76, Tran: 59.79, eps: 0.09, lr: 2.00e-04, pred: 93.36 min
Ep.: 15500, Score:   5.75, P_win: 0.79, Tran: 60.12, eps: 0.09, lr: 1.00e-04, pred: 90.02 min
Ep.: 16000, Score:   6.86, P_win: 0.83, Tran: 58.80, eps: 0.09, lr: 1.00e-04, pred: 86.67 min
Ep.: 16500, Score:   6.61, P_win: 0.86, Tran: 56.58, eps: 0.09, lr: 1.00e-04, pred: 83.31 min
Ep.: 17000, Score:   6.48, P_win: 0.82, Tran: 58.99, eps: 0.09, lr: 1.00e-04, pred: 80.00 min
Ep.: 17500, Score:   6.45, P_win: 0.88, Tran: 57.20, eps: 0.08, lr: 1.00e-04, pred: 76.73 min
Ep.: 18000, Score:   6.27, P_win: 0.81, Tran: 56.39, eps: 0.08, lr: 1.00e-04, pred: 73.52 min
Ep.: 18500, Score:   6.84, P_win: 0.88, Tran: 55.52, eps: 0.08, lr: 1.00e-04, pred: 70.30 min
Ep.: 19000, Score:   6.80, P_win: 0.87, Tran: 56.09, eps: 0.08, lr: 1.00e-04, pred: 67.09 min
Ep.: 19500, Score:   7.15, P_win: 0.81, Tran: 56.51, eps: 0.08, lr: 1.00e-04, pred: 63.89 min
Ep.: 20000, Score:   7.05, P_win: 0.80, Tran: 56.29, eps: 0.07, lr: 1.00e-04, pred: 60.74 min
Ep.: 20500, Score:   7.39, P_win: 0.86, Tran: 54.69, eps: 0.07, lr: 1.00e-04, pred: 57.56 min
Ep.: 21000, Score:   7.51, P_win: 0.83, Tran: 55.93, eps: 0.07, lr: 1.00e-04, pred: 54.49 min
Ep.: 21500, Score:   6.92, P_win: 0.87, Tran: 54.15, eps: 0.07, lr: 1.00e-04, pred: 51.35 min
Ep.: 22000, Score:   6.87, P_win: 0.86, Tran: 51.80, eps: 0.07, lr: 1.00e-04, pred: 48.23 min
Ep.: 22500, Score:   7.69, P_win: 0.93, Tran: 50.92, eps: 0.06, lr: 1.00e-04, pred: 45.16 min
Ep.: 23000, Score:   7.70, P_win: 0.91, Tran: 53.89, eps: 0.06, lr: 1.00e-04, pred: 42.10 min
Ep.: 23500, Score:   7.77, P_win: 0.91, Tran: 51.17, eps: 0.06, lr: 1.00e-04, pred: 39.04 min
Ep.: 24000, Score:   8.06, P_win: 0.87, Tran: 55.98, eps: 0.06, lr: 1.00e-04, pred: 35.98 min
Ep.: 24500, Score:   7.37, P_win: 0.84, Tran: 56.52, eps: 0.06, lr: 1.00e-04, pred: 32.95 min
Ep.: 25000, Score:   7.62, P_win: 0.86, Tran: 50.28, eps: 0.06, lr: 1.00e-04, pred: 29.93 min
Ep.: 25500, Score:   7.68, P_win: 0.90, Tran: 53.06, eps: 0.06, lr: 5.00e-05, pred: 26.90 min
Ep.: 26000, Score:   7.85, P_win: 0.93, Tran: 50.96, eps: 0.05, lr: 5.00e-05, pred: 23.86 min
Ep.: 26500, Score:   8.07, P_win: 0.93, Tran: 51.70, eps: 0.05, lr: 5.00e-05, pred: 20.84 min
Ep.: 27000, Score:   7.79, P_win: 0.94, Tran: 51.49, eps: 0.05, lr: 5.00e-05, pred: 17.84 min
Ep.: 27500, Score:   8.35, P_win: 0.88, Tran: 54.49, eps: 0.05, lr: 5.00e-05, pred: 14.85 min
Ep.: 28000, Score:   8.01, P_win: 0.92, Tran: 51.69, eps: 0.05, lr: 5.00e-05, pred: 11.86 min
Ep.: 28500, Score:   7.82, P_win: 0.90, Tran: 53.91, eps: 0.05, lr: 5.00e-05, pred:  8.89 min
Ep.: 29000, Score:   8.00, P_win: 0.88, Tran: 53.12, eps: 0.05, lr: 5.00e-05, pred:  5.92 min
Ep.: 29500, Score:   7.92, P_win: 0.95, Tran: 48.30, eps: 0.05, lr: 5.00e-05, pred:  2.95 min
~~~ Training Complete ~~~
~~~ Starting Training ~~~
Ep.:     0, Score: -10.90, P_win: 0.04, Tran: 91.44, eps: 0.20, lr: 2.00e-04, pred: 4642.78 min
Ep.:   500, Score:  -5.10, P_win: 0.17, Tran: 80.24, eps: 0.20, lr: 2.00e-04, pred: 179.80 min
Ep.:  1000, Score:  -2.64, P_win: 0.18, Tran: 81.33, eps: 0.19, lr: 2.00e-04, pred: 175.48 min
Ep.:  1500, Score:  -2.64, P_win: 0.23, Tran: 81.88, eps: 0.19, lr: 2.00e-04, pred: 171.84 min
Ep.:  2000, Score:  -1.66, P_win: 0.24, Tran: 77.98, eps: 0.18, lr: 2.00e-04, pred: 168.30 min
Ep.:  2500, Score:  -1.69, P_win: 0.25, Tran: 79.75, eps: 0.18, lr: 2.00e-04, pred: 165.20 min
Ep.:  3000, Score:  -1.61, P_win: 0.31, Tran: 75.97, eps: 0.17, lr: 2.00e-04, pred: 162.19 min
Ep.:  3500, Score:  -1.95, P_win: 0.34, Tran: 74.88, eps: 0.17, lr: 2.00e-04, pred: 159.22 min
Ep.:  4000, Score:  -1.02, P_win: 0.41, Tran: 73.51, eps: 0.16, lr: 2.00e-04, pred: 156.21 min
Ep.:  4500, Score:  -1.22, P_win: 0.26, Tran: 80.34, eps: 0.16, lr: 2.00e-04, pred: 153.22 min
Ep.:  5000, Score:  -0.57, P_win: 0.38, Tran: 74.09, eps: 0.16, lr: 2.00e-04, pred: 150.31 min
Ep.:  5500, Score:   0.02, P_win: 0.50, Tran: 69.80, eps: 0.15, lr: 2.00e-04, pred: 147.45 min
Ep.:  6000, Score:  -0.32, P_win: 0.18, Tran: 83.59, eps: 0.15, lr: 2.00e-04, pred: 144.55 min
Ep.:  6500, Score:  -0.18, P_win: 0.27, Tran: 79.51, eps: 0.14, lr: 2.00e-04, pred: 141.93 min
Ep.:  7000, Score:  -0.01, P_win: 0.43, Tran: 72.47, eps: 0.14, lr: 2.00e-04, pred: 139.61 min
Ep.:  7500, Score:   0.15, P_win: 0.50, Tran: 68.06, eps: 0.14, lr: 2.00e-04, pred: 137.29 min
Ep.:  8000, Score:   0.83, P_win: 0.39, Tran: 73.48, eps: 0.13, lr: 2.00e-04, pred: 134.90 min
Ep.:  8500, Score:   0.30, P_win: 0.43, Tran: 69.22, eps: 0.13, lr: 2.00e-04, pred: 132.42 min
Ep.:  9000, Score:   1.10, P_win: 0.46, Tran: 69.81, eps: 0.13, lr: 2.00e-04, pred: 129.69 min
Ep.:  9500, Score:   1.57, P_win: 0.52, Tran: 72.81, eps: 0.12, lr: 2.00e-04, pred: 126.94 min
Ep.: 10000, Score:   1.11, P_win: 0.57, Tran: 60.73, eps: 0.12, lr: 2.00e-04, pred: 124.07 min
Ep.: 10500, Score:   2.02, P_win: 0.47, Tran: 70.52, eps: 0.12, lr: 2.00e-04, pred: 121.26 min
Ep.: 11000, Score:   2.65, P_win: 0.56, Tran: 62.02, eps: 0.12, lr: 2.00e-04, pred: 118.42 min
Ep.: 11500, Score:   2.39, P_win: 0.52, Tran: 70.95, eps: 0.11, lr: 2.00e-04, pred: 115.53 min
Ep.: 12000, Score:   3.23, P_win: 0.68, Tran: 60.83, eps: 0.11, lr: 2.00e-04, pred: 112.69 min
Ep.: 12500, Score:   3.23, P_win: 0.53, Tran: 71.09, eps: 0.11, lr: 2.00e-04, pred: 109.84 min
Ep.: 13000, Score:   3.38, P_win: 0.54, Tran: 70.28, eps: 0.10, lr: 2.00e-04, pred: 106.93 min
Ep.: 13500, Score:   3.94, P_win: 0.61, Tran: 67.95, eps: 0.10, lr: 2.00e-04, pred: 104.00 min
Ep.: 14000, Score:   3.37, P_win: 0.62, Tran: 66.96, eps: 0.10, lr: 2.00e-04, pred: 101.03 min
Ep.: 14500, Score:   4.26, P_win: 0.61, Tran: 66.62, eps: 0.10, lr: 2.00e-04, pred: 98.02 min
Ep.: 15000, Score:   4.15, P_win: 0.80, Tran: 58.24, eps: 0.09, lr: 2.00e-04, pred: 94.97 min
Ep.: 15500, Score:   4.94, P_win: 0.76, Tran: 59.08, eps: 0.09, lr: 1.00e-04, pred: 91.55 min
Ep.: 16000, Score:   5.37, P_win: 0.70, Tran: 63.22, eps: 0.09, lr: 1.00e-04, pred: 88.15 min
Ep.: 16500, Score:   5.75, P_win: 0.81, Tran: 59.75, eps: 0.09, lr: 1.00e-04, pred: 84.71 min
Ep.: 17000, Score:   6.97, P_win: 0.82, Tran: 57.59, eps: 0.09, lr: 1.00e-04, pred: 81.30 min
Ep.: 17500, Score:   6.82, P_win: 0.85, Tran: 52.64, eps: 0.08, lr: 1.00e-04, pred: 77.96 min
Ep.: 18000, Score:   6.00, P_win: 0.81, Tran: 51.95, eps: 0.08, lr: 1.00e-04, pred: 74.60 min
Ep.: 18500, Score:   7.19, P_win: 0.89, Tran: 52.97, eps: 0.08, lr: 1.00e-04, pred: 71.28 min
Ep.: 19000, Score:   7.49, P_win: 0.92, Tran: 50.28, eps: 0.08, lr: 1.00e-04, pred: 68.01 min
Ep.: 19500, Score:   7.80, P_win: 0.93, Tran: 49.31, eps: 0.08, lr: 1.00e-04, pred: 64.72 min
Ep.: 20000, Score:   7.51, P_win: 0.91, Tran: 50.80, eps: 0.07, lr: 1.00e-04, pred: 61.45 min
Ep.: 20500, Score:   7.46, P_win: 0.91, Tran: 51.67, eps: 0.07, lr: 1.00e-04, pred: 58.25 min
Ep.: 21000, Score:   7.76, P_win: 0.96, Tran: 49.78, eps: 0.07, lr: 1.00e-04, pred: 55.06 min
Ep.: 21500, Score:   7.97, P_win: 0.94, Tran: 48.63, eps: 0.07, lr: 1.00e-04, pred: 51.87 min
Ep.: 22000, Score:   7.93, P_win: 0.90, Tran: 52.05, eps: 0.07, lr: 1.00e-04, pred: 48.73 min
Ep.: 22500, Score:   7.86, P_win: 0.91, Tran: 53.13, eps: 0.06, lr: 1.00e-04, pred: 45.60 min
Ep.: 23000, Score:   8.49, P_win: 0.94, Tran: 48.92, eps: 0.06, lr: 1.00e-04, pred: 42.49 min
Ep.: 23500, Score:   7.97, P_win: 0.92, Tran: 51.33, eps: 0.06, lr: 1.00e-04, pred: 39.38 min
Ep.: 24000, Score:   8.00, P_win: 0.98, Tran: 46.23, eps: 0.06, lr: 1.00e-04, pred: 36.28 min
Ep.: 24500, Score:   8.17, P_win: 0.95, Tran: 47.96, eps: 0.06, lr: 1.00e-04, pred: 33.24 min
Ep.: 25000, Score:   8.25, P_win: 0.92, Tran: 49.34, eps: 0.06, lr: 1.00e-04, pred: 30.18 min
Ep.: 25500, Score:   8.19, P_win: 0.98, Tran: 46.46, eps: 0.06, lr: 5.00e-05, pred: 27.12 min
Ep.: 26000, Score:   8.36, P_win: 0.91, Tran: 48.95, eps: 0.05, lr: 5.00e-05, pred: 24.07 min
Ep.: 26500, Score:   8.29, P_win: 0.97, Tran: 46.95, eps: 0.05, lr: 5.00e-05, pred: 21.03 min
Ep.: 27000, Score:   8.38, P_win: 0.97, Tran: 47.29, eps: 0.05, lr: 5.00e-05, pred: 17.99 min
Ep.: 27500, Score:   8.64, P_win: 0.92, Tran: 48.88, eps: 0.05, lr: 5.00e-05, pred: 14.97 min
Ep.: 28000, Score:   8.53, P_win: 0.96, Tran: 47.73, eps: 0.05, lr: 5.00e-05, pred: 11.96 min
Ep.: 28500, Score:   8.67, P_win: 0.92, Tran: 50.13, eps: 0.05, lr: 5.00e-05, pred:  8.95 min
Ep.: 29000, Score:   8.40, P_win: 0.92, Tran: 48.73, eps: 0.05, lr: 5.00e-05, pred:  5.96 min
Ep.: 29500, Score:   8.72, P_win: 0.99, Tran: 44.66, eps: 0.05, lr: 5.00e-05, pred:  2.97 min
~~~ Training Complete ~~~
~~~ Starting Training ~~~
Ep.:     0, Score: -14.22, P_win: 0.06, Tran: 91.10, eps: 0.20, lr: 2.00e-04, pred: 5435.28 min
Ep.:   500, Score:  -5.36, P_win: 0.12, Tran: 82.20, eps: 0.20, lr: 2.00e-04, pred: 180.36 min
Ep.:  1000, Score:  -2.98, P_win: 0.24, Tran: 72.80, eps: 0.19, lr: 2.00e-04, pred: 177.80 min
Ep.:  1500, Score:  -2.63, P_win: 0.18, Tran: 82.91, eps: 0.19, lr: 2.00e-04, pred: 174.48 min
Ep.:  2000, Score:  -1.61, P_win: 0.32, Tran: 75.91, eps: 0.18, lr: 2.00e-04, pred: 171.01 min
Ep.:  2500, Score:  -0.87, P_win: 0.27, Tran: 80.87, eps: 0.18, lr: 2.00e-04, pred: 167.91 min
Ep.:  3000, Score:  -1.66, P_win: 0.36, Tran: 75.17, eps: 0.17, lr: 2.00e-04, pred: 165.96 min
Ep.:  3500, Score:  -1.17, P_win: 0.36, Tran: 76.14, eps: 0.17, lr: 2.00e-04, pred: 163.44 min
Ep.:  4000, Score:  -1.23, P_win: 0.44, Tran: 74.28, eps: 0.16, lr: 2.00e-04, pred: 161.01 min
Ep.:  4500, Score:  -0.75, P_win: 0.32, Tran: 79.40, eps: 0.16, lr: 2.00e-04, pred: 157.88 min
Ep.:  5000, Score:  -0.09, P_win: 0.41, Tran: 69.62, eps: 0.16, lr: 2.00e-04, pred: 155.98 min
Ep.:  5500, Score:  -0.27, P_win: 0.41, Tran: 73.83, eps: 0.15, lr: 2.00e-04, pred: 153.68 min
Ep.:  6000, Score:  -0.11, P_win: 0.38, Tran: 75.54, eps: 0.15, lr: 2.00e-04, pred: 151.06 min
Ep.:  6500, Score:   0.01, P_win: 0.43, Tran: 74.42, eps: 0.14, lr: 2.00e-04, pred: 148.79 min
Ep.:  7000, Score:   0.94, P_win: 0.45, Tran: 71.14, eps: 0.14, lr: 2.00e-04, pred: 146.32 min
Ep.:  7500, Score:   1.22, P_win: 0.53, Tran: 70.91, eps: 0.14, lr: 2.00e-04, pred: 144.01 min
Ep.:  8000, Score:   1.94, P_win: 0.43, Tran: 75.39, eps: 0.13, lr: 2.00e-04, pred: 141.59 min
Ep.:  8500, Score:   1.85, P_win: 0.55, Tran: 68.72, eps: 0.13, lr: 2.00e-04, pred: 138.91 min
Ep.:  9000, Score:   1.99, P_win: 0.51, Tran: 71.77, eps: 0.13, lr: 2.00e-04, pred: 136.27 min
Ep.:  9500, Score:   2.46, P_win: 0.59, Tran: 65.08, eps: 0.12, lr: 2.00e-04, pred: 133.62 min
Ep.: 10000, Score:   3.17, P_win: 0.60, Tran: 66.19, eps: 0.12, lr: 2.00e-04, pred: 130.80 min
Ep.: 10500, Score:   2.89, P_win: 0.57, Tran: 68.48, eps: 0.12, lr: 2.00e-04, pred: 127.95 min
Ep.: 11000, Score:   2.89, P_win: 0.57, Tran: 68.31, eps: 0.12, lr: 2.00e-04, pred: 125.16 min
Ep.: 11500, Score:   3.01, P_win: 0.60, Tran: 67.95, eps: 0.11, lr: 2.00e-04, pred: 122.28 min
Ep.: 12000, Score:   3.31, P_win: 0.67, Tran: 64.51, eps: 0.11, lr: 2.00e-04, pred: 119.26 min
Ep.: 12500, Score:   4.25, P_win: 0.64, Tran: 67.46, eps: 0.11, lr: 2.00e-04, pred: 116.12 min
Ep.: 13000, Score:   4.93, P_win: 0.67, Tran: 67.51, eps: 0.10, lr: 2.00e-04, pred: 112.72 min
Ep.: 13500, Score:   4.75, P_win: 0.83, Tran: 57.20, eps: 0.10, lr: 2.00e-04, pred: 109.33 min
Ep.: 14000, Score:   4.57, P_win: 0.60, Tran: 68.38, eps: 0.10, lr: 2.00e-04, pred: 105.89 min
Ep.: 14500, Score:   5.11, P_win: 0.83, Tran: 57.27, eps: 0.10, lr: 2.00e-04, pred: 102.53 min
Ep.: 15000, Score:   5.22, P_win: 0.80, Tran: 57.42, eps: 0.09, lr: 2.00e-04, pred: 99.12 min
Ep.: 15500, Score:   5.43, P_win: 0.77, Tran: 59.06, eps: 0.09, lr: 1.00e-04, pred: 95.35 min
Ep.: 16000, Score:   6.43, P_win: 0.72, Tran: 62.88, eps: 0.09, lr: 1.00e-04, pred: 91.73 min
Ep.: 16500, Score:   5.75, P_win: 0.78, Tran: 58.49, eps: 0.09, lr: 1.00e-04, pred: 88.16 min
Ep.: 17000, Score:   6.40, P_win: 0.80, Tran: 57.70, eps: 0.09, lr: 1.00e-04, pred: 84.58 min
Ep.: 17500, Score:   6.31, P_win: 0.81, Tran: 58.08, eps: 0.08, lr: 1.00e-04, pred: 81.08 min
Ep.: 18000, Score:   6.40, P_win: 0.81, Tran: 56.00, eps: 0.08, lr: 1.00e-04, pred: 77.58 min
Ep.: 18500, Score:   6.74, P_win: 0.79, Tran: 58.14, eps: 0.08, lr: 1.00e-04, pred: 74.11 min
Ep.: 19000, Score:   6.95, P_win: 0.93, Tran: 52.29, eps: 0.08, lr: 1.00e-04, pred: 70.66 min
Ep.: 19500, Score:   6.39, P_win: 0.87, Tran: 53.45, eps: 0.08, lr: 1.00e-04, pred: 67.27 min
Ep.: 20000, Score:   6.88, P_win: 0.87, Tran: 53.75, eps: 0.07, lr: 1.00e-04, pred: 63.89 min
Ep.: 20500, Score:   6.87, P_win: 0.85, Tran: 56.07, eps: 0.07, lr: 1.00e-04, pred: 60.55 min
Ep.: 21000, Score:   6.69, P_win: 0.84, Tran: 55.23, eps: 0.07, lr: 1.00e-04, pred: 57.21 min
Ep.: 21500, Score:   6.39, P_win: 0.81, Tran: 55.50, eps: 0.07, lr: 1.00e-04, pred: 53.90 min
Ep.: 22000, Score:   7.44, P_win: 0.85, Tran: 56.93, eps: 0.07, lr: 1.00e-04, pred: 50.61 min
Ep.: 22500, Score:   6.66, P_win: 0.77, Tran: 57.31, eps: 0.06, lr: 1.00e-04, pred: 47.34 min
Ep.: 23000, Score:   6.68, P_win: 0.78, Tran: 61.22, eps: 0.06, lr: 1.00e-04, pred: 44.10 min
Ep.: 23500, Score:   7.50, P_win: 0.84, Tran: 56.08, eps: 0.06, lr: 1.00e-04, pred: 40.87 min
Ep.: 24000, Score:   7.32, P_win: 0.89, Tran: 52.34, eps: 0.06, lr: 1.00e-04, pred: 37.64 min
Ep.: 24500, Score:   7.14, P_win: 0.86, Tran: 56.47, eps: 0.06, lr: 1.00e-04, pred: 34.45 min
Ep.: 25000, Score:   6.96, P_win: 0.90, Tran: 52.92, eps: 0.06, lr: 1.00e-04, pred: 31.26 min
Ep.: 25500, Score:   7.83, P_win: 0.98, Tran: 47.00, eps: 0.06, lr: 5.00e-05, pred: 28.08 min
Ep.: 26000, Score:   7.84, P_win: 0.93, Tran: 47.95, eps: 0.05, lr: 5.00e-05, pred: 24.91 min
Ep.: 26500, Score:   7.90, P_win: 0.92, Tran: 50.59, eps: 0.05, lr: 5.00e-05, pred: 21.76 min
Ep.: 27000, Score:   8.00, P_win: 0.91, Tran: 49.20, eps: 0.05, lr: 5.00e-05, pred: 18.61 min
Ep.: 27500, Score:   7.92, P_win: 0.89, Tran: 50.22, eps: 0.05, lr: 5.00e-05, pred: 15.48 min
Ep.: 28000, Score:   8.18, P_win: 0.99, Tran: 45.79, eps: 0.05, lr: 5.00e-05, pred: 12.36 min
Ep.: 28500, Score:   7.68, P_win: 0.94, Tran: 51.52, eps: 0.05, lr: 5.00e-05, pred:  9.26 min
Ep.: 29000, Score:   7.96, P_win: 0.97, Tran: 48.68, eps: 0.05, lr: 5.00e-05, pred:  6.16 min
Ep.: 29500, Score:   7.99, P_win: 0.98, Tran: 46.97, eps: 0.05, lr: 5.00e-05, pred:  3.07 min
~~~ Training Complete ~~~
~~~ Starting Training ~~~
Ep.:     0, Score:  -2.74, P_win: 0.05, Tran: 91.61, eps: 0.20, lr: 2.00e-04, pred: 4929.91 min
Ep.:   500, Score:  -5.22, P_win: 0.14, Tran: 85.37, eps: 0.20, lr: 2.00e-04, pred: 183.86 min
Ep.:  1000, Score:  -3.67, P_win: 0.22, Tran: 83.35, eps: 0.19, lr: 2.00e-04, pred: 181.80 min
Ep.:  1500, Score:  -2.47, P_win: 0.25, Tran: 79.77, eps: 0.19, lr: 2.00e-04, pred: 179.91 min
Ep.:  2000, Score:  -1.66, P_win: 0.35, Tran: 76.25, eps: 0.18, lr: 2.00e-04, pred: 175.30 min
Ep.:  2500, Score:  -1.47, P_win: 0.35, Tran: 72.87, eps: 0.18, lr: 2.00e-04, pred: 171.69 min
Ep.:  3000, Score:  -1.17, P_win: 0.30, Tran: 75.55, eps: 0.17, lr: 2.00e-04, pred: 168.53 min
Ep.:  3500, Score:  -0.74, P_win: 0.38, Tran: 73.36, eps: 0.17, lr: 2.00e-04, pred: 164.99 min
Ep.:  4000, Score:  -0.99, P_win: 0.34, Tran: 75.78, eps: 0.16, lr: 2.00e-04, pred: 161.56 min
Ep.:  4500, Score:  -0.98, P_win: 0.37, Tran: 73.67, eps: 0.16, lr: 2.00e-04, pred: 158.68 min
Ep.:  5000, Score:  -0.33, P_win: 0.31, Tran: 78.44, eps: 0.16, lr: 2.00e-04, pred: 155.45 min
Ep.:  5500, Score:  -0.45, P_win: 0.27, Tran: 81.15, eps: 0.15, lr: 2.00e-04, pred: 152.54 min
Ep.:  6000, Score:  -0.07, P_win: 0.36, Tran: 74.59, eps: 0.15, lr: 2.00e-04, pred: 149.52 min
Ep.:  6500, Score:   0.26, P_win: 0.40, Tran: 73.93, eps: 0.14, lr: 2.00e-04, pred: 146.94 min
Ep.:  7000, Score:  -0.13, P_win: 0.35, Tran: 77.22, eps: 0.14, lr: 2.00e-04, pred: 144.41 min
Ep.:  7500, Score:   0.19, P_win: 0.45, Tran: 71.54, eps: 0.14, lr: 2.00e-04, pred: 141.79 min
Ep.:  8000, Score:   0.50, P_win: 0.39, Tran: 75.07, eps: 0.13, lr: 2.00e-04, pred: 139.02 min
Ep.:  8500, Score:   0.84, P_win: 0.47, Tran: 71.50, eps: 0.13, lr: 2.00e-04, pred: 136.27 min
Ep.:  9000, Score:   0.65, P_win: 0.44, Tran: 71.47, eps: 0.13, lr: 2.00e-04, pred: 133.60 min
Ep.:  9500, Score:   1.16, P_win: 0.40, Tran: 76.67, eps: 0.12, lr: 2.00e-04, pred: 130.94 min
Ep.: 10000, Score:   1.13, P_win: 0.40, Tran: 72.28, eps: 0.12, lr: 2.00e-04, pred: 128.19 min
Ep.: 10500, Score:   1.63, P_win: 0.51, Tran: 73.11, eps: 0.12, lr: 2.00e-04, pred: 125.11 min
Ep.: 11000, Score:   0.71, P_win: 0.52, Tran: 66.94, eps: 0.12, lr: 2.00e-04, pred: 122.16 min
Ep.: 11500, Score:   0.65, P_win: 0.49, Tran: 68.14, eps: 0.11, lr: 2.00e-04, pred: 119.21 min
Ep.: 12000, Score:   1.49, P_win: 0.41, Tran: 72.60, eps: 0.11, lr: 2.00e-04, pred: 116.15 min
Ep.: 12500, Score:   1.48, P_win: 0.42, Tran: 72.88, eps: 0.11, lr: 2.00e-04, pred: 113.05 min
Ep.: 13000, Score:   1.74, P_win: 0.48, Tran: 73.62, eps: 0.10, lr: 2.00e-04, pred: 110.01 min
Ep.: 13500, Score:   1.95, P_win: 0.54, Tran: 69.89, eps: 0.10, lr: 2.00e-04, pred: 106.95 min
Ep.: 14000, Score:   2.30, P_win: 0.50, Tran: 73.69, eps: 0.10, lr: 2.00e-04, pred: 103.89 min
Ep.: 14500, Score:   2.01, P_win: 0.49, Tran: 73.30, eps: 0.10, lr: 2.00e-04, pred: 100.85 min
Ep.: 15000, Score:   2.23, P_win: 0.57, Tran: 69.91, eps: 0.09, lr: 2.00e-04, pred: 97.69 min
Ep.: 15500, Score:   2.24, P_win: 0.54, Tran: 68.27, eps: 0.09, lr: 1.00e-04, pred: 94.14 min
Ep.: 16000, Score:   2.74, P_win: 0.58, Tran: 66.97, eps: 0.09, lr: 1.00e-04, pred: 90.73 min
Ep.: 16500, Score:   3.62, P_win: 0.65, Tran: 64.95, eps: 0.09, lr: 1.00e-04, pred: 87.33 min
Ep.: 17000, Score:   4.78, P_win: 0.62, Tran: 65.62, eps: 0.09, lr: 1.00e-04, pred: 83.91 min
Ep.: 17500, Score:   4.26, P_win: 0.69, Tran: 62.37, eps: 0.08, lr: 1.00e-04, pred: 80.50 min
Ep.: 18000, Score:   4.57, P_win: 0.70, Tran: 62.46, eps: 0.08, lr: 1.00e-04, pred: 77.11 min
Ep.: 18500, Score:   5.05, P_win: 0.84, Tran: 57.67, eps: 0.08, lr: 1.00e-04, pred: 73.73 min
Ep.: 19000, Score:   5.40, P_win: 0.75, Tran: 61.03, eps: 0.08, lr: 1.00e-04, pred: 70.35 min
Ep.: 19500, Score:   4.92, P_win: 0.70, Tran: 64.45, eps: 0.08, lr: 1.00e-04, pred: 67.05 min
Ep.: 20000, Score:   5.22, P_win: 0.78, Tran: 57.49, eps: 0.07, lr: 1.00e-04, pred: 63.72 min
Ep.: 20500, Score:   5.62, P_win: 0.75, Tran: 60.74, eps: 0.07, lr: 1.00e-04, pred: 60.42 min
Ep.: 21000, Score:   5.79, P_win: 0.89, Tran: 54.87, eps: 0.07, lr: 1.00e-04, pred: 57.11 min
Ep.: 21500, Score:   5.75, P_win: 0.79, Tran: 59.20, eps: 0.07, lr: 1.00e-04, pred: 53.84 min
Ep.: 22000, Score:   6.52, P_win: 0.77, Tran: 59.42, eps: 0.07, lr: 1.00e-04, pred: 50.59 min
Ep.: 22500, Score:   5.86, P_win: 0.82, Tran: 58.15, eps: 0.06, lr: 1.00e-04, pred: 47.35 min
Ep.: 23000, Score:   6.09, P_win: 0.80, Tran: 59.05, eps: 0.06, lr: 1.00e-04, pred: 44.13 min
Ep.: 23500, Score:   6.55, P_win: 0.83, Tran: 57.28, eps: 0.06, lr: 1.00e-04, pred: 40.92 min
Ep.: 24000, Score:   7.05, P_win: 0.91, Tran: 53.57, eps: 0.06, lr: 1.00e-04, pred: 37.71 min
Ep.: 24500, Score:   7.31, P_win: 0.92, Tran: 54.98, eps: 0.06, lr: 1.00e-04, pred: 34.51 min
Ep.: 25000, Score:   7.18, P_win: 0.86, Tran: 55.84, eps: 0.06, lr: 1.00e-04, pred: 31.31 min
Ep.: 25500, Score:   7.14, P_win: 0.91, Tran: 54.03, eps: 0.06, lr: 5.00e-05, pred: 28.14 min
Ep.: 26000, Score:   7.43, P_win: 0.84, Tran: 54.91, eps: 0.05, lr: 5.00e-05, pred: 24.97 min
Ep.: 26500, Score:   7.88, P_win: 0.88, Tran: 51.87, eps: 0.05, lr: 5.00e-05, pred: 21.80 min
Ep.: 27000, Score:   7.49, P_win: 0.86, Tran: 53.97, eps: 0.05, lr: 5.00e-05, pred: 18.66 min
Ep.: 27500, Score:   7.31, P_win: 0.86, Tran: 52.97, eps: 0.05, lr: 5.00e-05, pred: 15.53 min
Ep.: 28000, Score:   7.05, P_win: 0.86, Tran: 53.16, eps: 0.05, lr: 5.00e-05, pred: 12.40 min
Ep.: 28500, Score:   7.39, P_win: 0.90, Tran: 53.19, eps: 0.05, lr: 5.00e-05, pred:  9.29 min
Ep.: 29000, Score:   7.49, P_win: 0.84, Tran: 55.20, eps: 0.05, lr: 5.00e-05, pred:  6.18 min
Ep.: 29500, Score:   8.02, P_win: 0.96, Tran: 52.82, eps: 0.05, lr: 5.00e-05, pred:  3.08 min
~~~ Training Complete ~~~
DONE!
