~~~ Starting Training ~~~
Ep.:     0, Score:  -3.50, P_win: 0.06, Tran: 86.33, eps: 0.20, lr: 2.00e-04, pred: 3517.72 min
Ep.:   500, Score:  -5.88, P_win: 0.14, Tran: 83.42, eps: 0.20, lr: 2.00e-04, pred: 208.29 min
Ep.:  1000, Score:  -3.68, P_win: 0.17, Tran: 82.08, eps: 0.19, lr: 2.00e-04, pred: 206.81 min
Ep.:  1500, Score:  -4.08, P_win: 0.10, Tran: 84.46, eps: 0.19, lr: 2.00e-04, pred: 206.66 min
Ep.:  2000, Score:  -3.43, P_win: 0.20, Tran: 82.94, eps: 0.18, lr: 2.00e-04, pred: 205.27 min
Ep.:  2500, Score:  -3.14, P_win: 0.12, Tran: 80.82, eps: 0.18, lr: 2.00e-04, pred: 203.06 min
Ep.:  3000, Score:  -3.12, P_win: 0.26, Tran: 79.55, eps: 0.17, lr: 2.00e-04, pred: 200.04 min
Ep.:  3500, Score:  -3.37, P_win: 0.16, Tran: 84.11, eps: 0.17, lr: 2.00e-04, pred: 196.96 min
Ep.:  4000, Score:  -2.87, P_win: 0.15, Tran: 80.55, eps: 0.16, lr: 2.00e-04, pred: 193.82 min
Ep.:  4500, Score:  -1.82, P_win: 0.28, Tran: 73.63, eps: 0.16, lr: 2.00e-04, pred: 190.23 min
Ep.:  5000, Score:  -1.90, P_win: 0.18, Tran: 79.88, eps: 0.16, lr: 2.00e-04, pred: 186.71 min
Ep.:  5500, Score:  -2.71, P_win: 0.26, Tran: 69.94, eps: 0.15, lr: 2.00e-04, pred: 183.14 min
Ep.:  6000, Score:  -3.06, P_win: 0.19, Tran: 80.32, eps: 0.15, lr: 2.00e-04, pred: 179.44 min
Ep.:  6500, Score:  -2.78, P_win: 0.19, Tran: 84.85, eps: 0.14, lr: 2.00e-04, pred: 175.78 min
Ep.:  7000, Score:  -2.68, P_win: 0.26, Tran: 76.63, eps: 0.14, lr: 2.00e-04, pred: 172.31 min
Ep.:  7500, Score:  -1.84, P_win: 0.23, Tran: 81.44, eps: 0.14, lr: 2.00e-04, pred: 168.82 min
Ep.:  8000, Score:  -1.60, P_win: 0.24, Tran: 82.63, eps: 0.13, lr: 2.00e-04, pred: 165.32 min
Ep.:  8500, Score:  -1.97, P_win: 0.09, Tran: 88.77, eps: 0.13, lr: 2.00e-04, pred: 161.82 min
Ep.:  9000, Score:  -2.40, P_win: 0.25, Tran: 86.88, eps: 0.13, lr: 2.00e-04, pred: 158.34 min
Ep.:  9500, Score:  -1.74, P_win: 0.28, Tran: 80.08, eps: 0.12, lr: 2.00e-04, pred: 154.67 min
Ep.: 10000, Score:  -1.51, P_win: 0.19, Tran: 77.61, eps: 0.12, lr: 2.00e-04, pred: 151.01 min
Ep.: 10500, Score:  -2.10, P_win: 0.32, Tran: 76.21, eps: 0.12, lr: 2.00e-04, pred: 147.32 min
Ep.: 11000, Score:  -1.43, P_win: 0.26, Tran: 74.80, eps: 0.12, lr: 2.00e-04, pred: 143.61 min
Ep.: 11500, Score:  -2.16, P_win: 0.25, Tran: 79.68, eps: 0.11, lr: 2.00e-04, pred: 139.90 min
Ep.: 12000, Score:  -1.53, P_win: 0.21, Tran: 84.06, eps: 0.11, lr: 2.00e-04, pred: 136.19 min
Ep.: 12500, Score:  -1.19, P_win: 0.27, Tran: 79.83, eps: 0.11, lr: 2.00e-04, pred: 132.47 min
Ep.: 13000, Score:  -0.76, P_win: 0.27, Tran: 76.77, eps: 0.10, lr: 2.00e-04, pred: 128.77 min
Ep.: 13500, Score:  -1.23, P_win: 0.22, Tran: 83.70, eps: 0.10, lr: 2.00e-04, pred: 125.04 min
Ep.: 14000, Score:  -0.06, P_win: 0.26, Tran: 76.61, eps: 0.10, lr: 2.00e-04, pred: 121.30 min
Ep.: 14500, Score:  -0.39, P_win: 0.32, Tran: 80.74, eps: 0.10, lr: 2.00e-04, pred: 117.51 min
Ep.: 15000, Score:  -0.49, P_win: 0.30, Tran: 78.96, eps: 0.09, lr: 2.00e-04, pred: 113.81 min
Ep.: 15500, Score:   0.92, P_win: 0.33, Tran: 78.10, eps: 0.09, lr: 1.00e-04, pred: 110.02 min
Ep.: 16000, Score:   0.90, P_win: 0.34, Tran: 80.09, eps: 0.09, lr: 1.00e-04, pred: 106.18 min
Ep.: 16500, Score:   0.79, P_win: 0.37, Tran: 72.40, eps: 0.09, lr: 1.00e-04, pred: 102.38 min
Ep.: 17000, Score:   1.14, P_win: 0.35, Tran: 74.81, eps: 0.09, lr: 1.00e-04, pred: 98.55 min
Ep.: 17500, Score:   0.24, P_win: 0.46, Tran: 71.78, eps: 0.08, lr: 1.00e-04, pred: 94.73 min
Ep.: 18000, Score:   1.10, P_win: 0.43, Tran: 71.93, eps: 0.08, lr: 1.00e-04, pred: 90.93 min
Ep.: 18500, Score:   0.97, P_win: 0.36, Tran: 74.77, eps: 0.08, lr: 1.00e-04, pred: 87.11 min
Ep.: 19000, Score:   1.76, P_win: 0.42, Tran: 72.88, eps: 0.08, lr: 1.00e-04, pred: 83.28 min
Ep.: 19500, Score:   0.84, P_win: 0.42, Tran: 73.70, eps: 0.08, lr: 1.00e-04, pred: 79.49 min
Ep.: 20000, Score:   0.49, P_win: 0.47, Tran: 69.46, eps: 0.07, lr: 1.00e-04, pred: 75.70 min
Ep.: 20500, Score:   2.05, P_win: 0.43, Tran: 74.78, eps: 0.07, lr: 1.00e-04, pred: 71.90 min
Ep.: 21000, Score:   1.65, P_win: 0.43, Tran: 70.52, eps: 0.07, lr: 1.00e-04, pred: 68.10 min
Ep.: 21500, Score:   1.51, P_win: 0.46, Tran: 70.60, eps: 0.07, lr: 1.00e-04, pred: 64.32 min
Ep.: 22000, Score:   1.36, P_win: 0.33, Tran: 78.55, eps: 0.07, lr: 1.00e-04, pred: 60.53 min
Ep.: 22500, Score:   2.15, P_win: 0.40, Tran: 78.54, eps: 0.06, lr: 1.00e-04, pred: 56.75 min
Ep.: 23000, Score:   2.20, P_win: 0.38, Tran: 77.62, eps: 0.06, lr: 1.00e-04, pred: 52.97 min
Ep.: 23500, Score:   2.11, P_win: 0.43, Tran: 71.89, eps: 0.06, lr: 1.00e-04, pred: 49.19 min
Ep.: 24000, Score:   1.75, P_win: 0.41, Tran: 74.88, eps: 0.06, lr: 1.00e-04, pred: 45.40 min
Ep.: 24500, Score:   2.01, P_win: 0.52, Tran: 70.08, eps: 0.06, lr: 1.00e-04, pred: 41.62 min
Ep.: 25000, Score:   2.04, P_win: 0.49, Tran: 72.78, eps: 0.06, lr: 1.00e-04, pred: 37.84 min
Ep.: 25500, Score:   2.33, P_win: 0.46, Tran: 74.07, eps: 0.06, lr: 5.00e-05, pred: 34.05 min
Ep.: 26000, Score:   2.29, P_win: 0.40, Tran: 75.72, eps: 0.05, lr: 5.00e-05, pred: 30.26 min
Ep.: 26500, Score:   1.99, P_win: 0.43, Tran: 70.75, eps: 0.05, lr: 5.00e-05, pred: 26.47 min
Ep.: 27000, Score:   2.73, P_win: 0.47, Tran: 74.87, eps: 0.05, lr: 5.00e-05, pred: 22.68 min
Ep.: 27500, Score:   1.98, P_win: 0.44, Tran: 74.20, eps: 0.05, lr: 5.00e-05, pred: 18.90 min
Ep.: 28000, Score:   2.01, P_win: 0.46, Tran: 75.84, eps: 0.05, lr: 5.00e-05, pred: 15.12 min
Ep.: 28500, Score:   2.43, P_win: 0.43, Tran: 73.79, eps: 0.05, lr: 5.00e-05, pred: 11.34 min
Ep.: 29000, Score:   2.26, P_win: 0.43, Tran: 73.18, eps: 0.05, lr: 5.00e-05, pred:  7.55 min
Ep.: 29500, Score:   2.76, P_win: 0.50, Tran: 69.42, eps: 0.05, lr: 5.00e-05, pred:  3.77 min
~~~ Training Complete ~~~
~~~ Starting Training ~~~
Ep.:     0, Score: -12.32, P_win: 0.14, Tran: 82.64, eps: 0.20, lr: 2.00e-04, pred: 3832.87 min
Ep.:   500, Score:  -5.42, P_win: 0.15, Tran: 81.63, eps: 0.20, lr: 2.00e-04, pred: 246.19 min
Ep.:  1000, Score:  -5.07, P_win: 0.22, Tran: 82.70, eps: 0.19, lr: 2.00e-04, pred: 245.13 min
Ep.:  1500, Score:  -3.88, P_win: 0.18, Tran: 81.09, eps: 0.19, lr: 2.00e-04, pred: 244.07 min
Ep.:  2000, Score:  -3.01, P_win: 0.18, Tran: 80.73, eps: 0.18, lr: 2.00e-04, pred: 241.22 min
Ep.:  2500, Score:  -2.67, P_win: 0.17, Tran: 86.33, eps: 0.18, lr: 2.00e-04, pred: 238.64 min
Ep.:  3000, Score:  -3.16, P_win: 0.09, Tran: 83.93, eps: 0.17, lr: 2.00e-04, pred: 235.34 min
Ep.:  3500, Score:  -2.83, P_win: 0.10, Tran: 80.61, eps: 0.17, lr: 2.00e-04, pred: 231.54 min
Ep.:  4000, Score:  -2.55, P_win: 0.19, Tran: 81.07, eps: 0.16, lr: 2.00e-04, pred: 227.61 min
Ep.:  4500, Score:  -1.89, P_win: 0.23, Tran: 87.99, eps: 0.16, lr: 2.00e-04, pred: 223.77 min
Ep.:  5000, Score:  -1.05, P_win: 0.26, Tran: 81.58, eps: 0.16, lr: 2.00e-04, pred: 219.72 min
Ep.:  5500, Score:  -1.75, P_win: 0.36, Tran: 74.90, eps: 0.15, lr: 2.00e-04, pred: 215.51 min
Ep.:  6000, Score:  -0.55, P_win: 0.21, Tran: 77.61, eps: 0.15, lr: 2.00e-04, pred: 211.17 min
Ep.:  6500, Score:  -0.23, P_win: 0.39, Tran: 72.72, eps: 0.14, lr: 2.00e-04, pred: 206.86 min
Ep.:  7000, Score:  -1.71, P_win: 0.35, Tran: 79.40, eps: 0.14, lr: 2.00e-04, pred: 202.63 min
Ep.:  7500, Score:  -0.81, P_win: 0.31, Tran: 83.62, eps: 0.14, lr: 2.00e-04, pred: 198.35 min
Ep.:  8000, Score:  -0.64, P_win: 0.36, Tran: 72.47, eps: 0.13, lr: 2.00e-04, pred: 193.93 min
Ep.:  8500, Score:  -0.36, P_win: 0.29, Tran: 78.81, eps: 0.13, lr: 2.00e-04, pred: 189.68 min
Ep.:  9000, Score:  -0.16, P_win: 0.43, Tran: 75.90, eps: 0.13, lr: 2.00e-04, pred: 185.24 min
Ep.:  9500, Score:   0.13, P_win: 0.43, Tran: 76.54, eps: 0.12, lr: 2.00e-04, pred: 180.80 min
Ep.: 10000, Score:   0.63, P_win: 0.42, Tran: 73.52, eps: 0.12, lr: 2.00e-04, pred: 176.46 min
Ep.: 10500, Score:   1.36, P_win: 0.42, Tran: 74.00, eps: 0.12, lr: 2.00e-04, pred: 172.10 min
Ep.: 11000, Score:   0.84, P_win: 0.51, Tran: 76.47, eps: 0.12, lr: 2.00e-04, pred: 167.80 min
Ep.: 11500, Score:  -0.04, P_win: 0.52, Tran: 65.78, eps: 0.11, lr: 2.00e-04, pred: 163.33 min
Ep.: 12000, Score:   0.56, P_win: 0.50, Tran: 72.88, eps: 0.11, lr: 2.00e-04, pred: 158.99 min
Ep.: 12500, Score:   1.66, P_win: 0.54, Tran: 71.95, eps: 0.11, lr: 2.00e-04, pred: 154.57 min
Ep.: 13000, Score:   2.10, P_win: 0.50, Tran: 68.20, eps: 0.10, lr: 2.00e-04, pred: 150.08 min
Ep.: 13500, Score:   2.27, P_win: 0.44, Tran: 70.25, eps: 0.10, lr: 2.00e-04, pred: 145.67 min
Ep.: 14000, Score:   1.92, P_win: 0.60, Tran: 72.44, eps: 0.10, lr: 2.00e-04, pred: 141.29 min
Ep.: 14500, Score:   2.35, P_win: 0.59, Tran: 69.51, eps: 0.10, lr: 2.00e-04, pred: 136.89 min
Ep.: 15000, Score:   3.07, P_win: 0.60, Tran: 67.69, eps: 0.09, lr: 2.00e-04, pred: 132.50 min
Ep.: 15500, Score:   3.59, P_win: 0.55, Tran: 62.74, eps: 0.09, lr: 1.00e-04, pred: 127.95 min
Ep.: 16000, Score:   2.05, P_win: 0.53, Tran: 66.99, eps: 0.09, lr: 1.00e-04, pred: 123.43 min
Ep.: 16500, Score:   4.07, P_win: 0.71, Tran: 66.08, eps: 0.09, lr: 1.00e-04, pred: 118.92 min
Ep.: 17000, Score:   4.36, P_win: 0.73, Tran: 63.97, eps: 0.09, lr: 1.00e-04, pred: 114.48 min
Ep.: 17500, Score:   4.86, P_win: 0.72, Tran: 63.52, eps: 0.08, lr: 1.00e-04, pred: 109.95 min
Ep.: 18000, Score:   4.46, P_win: 0.70, Tran: 63.72, eps: 0.08, lr: 1.00e-04, pred: 105.51 min
Ep.: 18500, Score:   5.07, P_win: 0.66, Tran: 62.43, eps: 0.08, lr: 1.00e-04, pred: 101.09 min
Ep.: 19000, Score:   5.89, P_win: 0.78, Tran: 55.13, eps: 0.08, lr: 1.00e-04, pred: 96.62 min
Ep.: 19500, Score:   6.06, P_win: 0.79, Tran: 61.68, eps: 0.08, lr: 1.00e-04, pred: 92.17 min
Ep.: 20000, Score:   6.03, P_win: 0.85, Tran: 58.84, eps: 0.07, lr: 1.00e-04, pred: 87.71 min
Ep.: 20500, Score:   6.40, P_win: 0.71, Tran: 64.38, eps: 0.07, lr: 1.00e-04, pred: 83.29 min
Ep.: 21000, Score:   5.74, P_win: 0.80, Tran: 57.65, eps: 0.07, lr: 1.00e-04, pred: 78.86 min
Ep.: 21500, Score:   5.52, P_win: 0.84, Tran: 54.97, eps: 0.07, lr: 1.00e-04, pred: 74.42 min
Ep.: 22000, Score:   5.75, P_win: 0.72, Tran: 60.93, eps: 0.07, lr: 1.00e-04, pred: 70.01 min
Ep.: 22500, Score:   6.21, P_win: 0.86, Tran: 58.47, eps: 0.06, lr: 1.00e-04, pred: 65.58 min
Ep.: 23000, Score:   5.74, P_win: 0.72, Tran: 57.35, eps: 0.06, lr: 1.00e-04, pred: 61.18 min
Ep.: 23500, Score:   6.39, P_win: 0.83, Tran: 55.39, eps: 0.06, lr: 1.00e-04, pred: 56.76 min
Ep.: 24000, Score:   5.96, P_win: 0.78, Tran: 55.73, eps: 0.06, lr: 1.00e-04, pred: 52.36 min
Ep.: 24500, Score:   6.16, P_win: 0.85, Tran: 52.20, eps: 0.06, lr: 1.00e-04, pred: 47.97 min
Ep.: 25000, Score:   6.43, P_win: 0.90, Tran: 53.59, eps: 0.06, lr: 1.00e-04, pred: 43.59 min
Ep.: 25500, Score:   6.93, P_win: 0.79, Tran: 57.97, eps: 0.06, lr: 5.00e-05, pred: 39.20 min
Ep.: 26000, Score:   6.84, P_win: 0.83, Tran: 55.06, eps: 0.05, lr: 5.00e-05, pred: 34.81 min
Ep.: 26500, Score:   7.16, P_win: 0.89, Tran: 53.72, eps: 0.05, lr: 5.00e-05, pred: 30.44 min
Ep.: 27000, Score:   6.89, P_win: 0.88, Tran: 52.75, eps: 0.05, lr: 5.00e-05, pred: 26.07 min
Ep.: 27500, Score:   7.30, P_win: 0.86, Tran: 54.70, eps: 0.05, lr: 5.00e-05, pred: 21.70 min
Ep.: 28000, Score:   6.58, P_win: 0.84, Tran: 55.46, eps: 0.05, lr: 5.00e-05, pred: 17.35 min
Ep.: 28500, Score:   6.65, P_win: 0.85, Tran: 56.19, eps: 0.05, lr: 5.00e-05, pred: 13.00 min
Ep.: 29000, Score:   7.03, P_win: 0.93, Tran: 50.09, eps: 0.05, lr: 5.00e-05, pred:  8.66 min
Ep.: 29500, Score:   7.82, P_win: 0.93, Tran: 50.16, eps: 0.05, lr: 5.00e-05, pred:  4.32 min
~~~ Training Complete ~~~
~~~ Starting Training ~~~
Ep.:     0, Score: -14.35, P_win: 0.06, Tran: 85.58, eps: 0.20, lr: 2.00e-04, pred: 4404.69 min
Ep.:   500, Score:  -5.79, P_win: 0.10, Tran: 80.84, eps: 0.20, lr: 2.00e-04, pred: 287.57 min
Ep.:  1000, Score:  -3.02, P_win: 0.20, Tran: 76.70, eps: 0.19, lr: 2.00e-04, pred: 285.50 min
Ep.:  1500, Score:  -2.32, P_win: 0.19, Tran: 79.97, eps: 0.19, lr: 2.00e-04, pred: 284.49 min
Ep.:  2000, Score:  -3.22, P_win: 0.11, Tran: 87.54, eps: 0.18, lr: 2.00e-04, pred: 281.86 min
Ep.:  2500, Score:  -3.55, P_win: 0.30, Tran: 73.99, eps: 0.18, lr: 2.00e-04, pred: 277.88 min
Ep.:  3000, Score:  -3.24, P_win: 0.12, Tran: 86.91, eps: 0.17, lr: 2.00e-04, pred: 274.28 min
Ep.:  3500, Score:  -2.38, P_win: 0.25, Tran: 77.75, eps: 0.17, lr: 2.00e-04, pred: 269.52 min
Ep.:  4000, Score:  -1.62, P_win: 0.18, Tran: 82.10, eps: 0.16, lr: 2.00e-04, pred: 264.60 min
Ep.:  4500, Score:  -2.16, P_win: 0.30, Tran: 79.52, eps: 0.16, lr: 2.00e-04, pred: 260.07 min
Ep.:  5000, Score:  -1.36, P_win: 0.27, Tran: 74.70, eps: 0.16, lr: 2.00e-04, pred: 255.28 min
Ep.:  5500, Score:  -0.21, P_win: 0.31, Tran: 85.25, eps: 0.15, lr: 2.00e-04, pred: 250.57 min
Ep.:  6000, Score:  -0.60, P_win: 0.33, Tran: 76.78, eps: 0.15, lr: 2.00e-04, pred: 245.62 min
Ep.:  6500, Score:  -0.29, P_win: 0.41, Tran: 74.43, eps: 0.14, lr: 2.00e-04, pred: 240.59 min
Ep.:  7000, Score:   0.90, P_win: 0.42, Tran: 74.69, eps: 0.14, lr: 2.00e-04, pred: 235.57 min
Ep.:  7500, Score:   0.99, P_win: 0.39, Tran: 73.98, eps: 0.14, lr: 2.00e-04, pred: 230.43 min
Ep.:  8000, Score:   1.61, P_win: 0.32, Tran: 75.09, eps: 0.13, lr: 2.00e-04, pred: 225.42 min
Ep.:  8500, Score:   0.78, P_win: 0.51, Tran: 66.97, eps: 0.13, lr: 2.00e-04, pred: 220.47 min
Ep.:  9000, Score:   1.71, P_win: 0.53, Tran: 70.53, eps: 0.13, lr: 2.00e-04, pred: 215.31 min
Ep.:  9500, Score:   1.61, P_win: 0.58, Tran: 68.69, eps: 0.12, lr: 2.00e-04, pred: 210.16 min
Ep.: 10000, Score:   1.43, P_win: 0.35, Tran: 75.27, eps: 0.12, lr: 2.00e-04, pred: 205.06 min
Ep.: 10500, Score:   2.39, P_win: 0.39, Tran: 77.77, eps: 0.12, lr: 2.00e-04, pred: 199.99 min
Ep.: 11000, Score:   2.83, P_win: 0.49, Tran: 75.09, eps: 0.12, lr: 2.00e-04, pred: 194.95 min
Ep.: 11500, Score:   1.97, P_win: 0.65, Tran: 66.95, eps: 0.11, lr: 2.00e-04, pred: 189.95 min
Ep.: 12000, Score:   2.84, P_win: 0.56, Tran: 70.96, eps: 0.11, lr: 2.00e-04, pred: 184.84 min
Ep.: 12500, Score:   3.08, P_win: 0.61, Tran: 65.59, eps: 0.11, lr: 2.00e-04, pred: 179.78 min
Ep.: 13000, Score:   2.46, P_win: 0.56, Tran: 69.60, eps: 0.10, lr: 2.00e-04, pred: 174.72 min
Ep.: 13500, Score:   3.36, P_win: 0.52, Tran: 70.21, eps: 0.10, lr: 2.00e-04, pred: 169.59 min
Ep.: 14000, Score:   4.21, P_win: 0.59, Tran: 69.98, eps: 0.10, lr: 2.00e-04, pred: 164.47 min
Ep.: 14500, Score:   3.67, P_win: 0.69, Tran: 60.49, eps: 0.10, lr: 2.00e-04, pred: 159.33 min
Ep.: 15000, Score:   3.29, P_win: 0.48, Tran: 73.69, eps: 0.09, lr: 2.00e-04, pred: 154.21 min
Ep.: 15500, Score:   4.34, P_win: 0.72, Tran: 62.79, eps: 0.09, lr: 1.00e-04, pred: 148.89 min
Ep.: 16000, Score:   4.56, P_win: 0.63, Tran: 63.79, eps: 0.09, lr: 1.00e-04, pred: 143.61 min
Ep.: 16500, Score:   4.44, P_win: 0.79, Tran: 59.10, eps: 0.09, lr: 1.00e-04, pred: 138.30 min
Ep.: 17000, Score:   4.76, P_win: 0.70, Tran: 63.42, eps: 0.09, lr: 1.00e-04, pred: 133.06 min
Ep.: 17500, Score:   4.02, P_win: 0.63, Tran: 65.50, eps: 0.08, lr: 1.00e-04, pred: 127.78 min
Ep.: 18000, Score:   4.59, P_win: 0.70, Tran: 60.61, eps: 0.08, lr: 1.00e-04, pred: 122.57 min
Ep.: 18500, Score:   4.87, P_win: 0.68, Tran: 66.36, eps: 0.08, lr: 1.00e-04, pred: 117.38 min
Ep.: 19000, Score:   5.15, P_win: 0.79, Tran: 59.51, eps: 0.08, lr: 1.00e-04, pred: 112.16 min
Ep.: 19500, Score:   5.59, P_win: 0.77, Tran: 59.35, eps: 0.08, lr: 1.00e-04, pred: 106.95 min
Ep.: 20000, Score:   4.82, P_win: 0.77, Tran: 58.82, eps: 0.07, lr: 1.00e-04, pred: 101.77 min
Ep.: 20500, Score:   4.83, P_win: 0.68, Tran: 63.51, eps: 0.07, lr: 1.00e-04, pred: 96.61 min
Ep.: 21000, Score:   4.89, P_win: 0.72, Tran: 59.03, eps: 0.07, lr: 1.00e-04, pred: 91.42 min
Ep.: 21500, Score:   5.29, P_win: 0.75, Tran: 60.56, eps: 0.07, lr: 1.00e-04, pred: 86.28 min
Ep.: 22000, Score:   5.74, P_win: 0.69, Tran: 61.82, eps: 0.07, lr: 1.00e-04, pred: 81.14 min
Ep.: 22500, Score:   4.48, P_win: 0.71, Tran: 64.23, eps: 0.06, lr: 1.00e-04, pred: 76.02 min
Ep.: 23000, Score:   4.64, P_win: 0.80, Tran: 59.84, eps: 0.06, lr: 1.00e-04, pred: 70.93 min
Ep.: 23500, Score:   5.07, P_win: 0.76, Tran: 58.80, eps: 0.06, lr: 1.00e-04, pred: 65.81 min
Ep.: 24000, Score:   4.78, P_win: 0.66, Tran: 64.46, eps: 0.06, lr: 1.00e-04, pred: 60.71 min
Ep.: 24500, Score:   4.77, P_win: 0.78, Tran: 59.82, eps: 0.06, lr: 1.00e-04, pred: 55.62 min
Ep.: 25000, Score:   5.32, P_win: 0.73, Tran: 58.23, eps: 0.06, lr: 1.00e-04, pred: 50.54 min
Ep.: 25500, Score:   5.83, P_win: 0.86, Tran: 54.95, eps: 0.06, lr: 5.00e-05, pred: 45.45 min
Ep.: 26000, Score:   5.58, P_win: 0.71, Tran: 59.71, eps: 0.05, lr: 5.00e-05, pred: 40.36 min
Ep.: 26500, Score:   5.19, P_win: 0.76, Tran: 59.13, eps: 0.05, lr: 5.00e-05, pred: 35.28 min
Ep.: 27000, Score:   5.59, P_win: 0.76, Tran: 60.86, eps: 0.05, lr: 5.00e-05, pred: 30.22 min
Ep.: 27500, Score:   6.04, P_win: 0.81, Tran: 56.33, eps: 0.05, lr: 5.00e-05, pred: 25.16 min
Ep.: 28000, Score:   6.17, P_win: 0.74, Tran: 58.70, eps: 0.05, lr: 5.00e-05, pred: 20.11 min
Ep.: 28500, Score:   5.67, P_win: 0.79, Tran: 56.67, eps: 0.05, lr: 5.00e-05, pred: 15.08 min
Ep.: 29000, Score:   5.88, P_win: 0.74, Tran: 59.92, eps: 0.05, lr: 5.00e-05, pred: 10.04 min
Ep.: 29500, Score:   5.61, P_win: 0.86, Tran: 54.25, eps: 0.05, lr: 5.00e-05, pred:  5.01 min
~~~ Training Complete ~~~
~~~ Starting Training ~~~
Ep.:     0, Score: -11.48, P_win: 0.01, Tran: 83.90, eps: 0.20, lr: 2.00e-04, pred: 4802.56 min
Ep.:   500, Score:  -6.32, P_win: 0.13, Tran: 83.37, eps: 0.20, lr: 2.00e-04, pred: 332.46 min
Ep.:  1000, Score:  -3.94, P_win: 0.20, Tran: 78.31, eps: 0.19, lr: 2.00e-04, pred: 328.48 min
Ep.:  1500, Score:  -2.91, P_win: 0.14, Tran: 85.50, eps: 0.19, lr: 2.00e-04, pred: 325.70 min
Ep.:  2000, Score:  -3.00, P_win: 0.14, Tran: 84.90, eps: 0.18, lr: 2.00e-04, pred: 322.18 min
Ep.:  2500, Score:  -2.52, P_win: 0.13, Tran: 83.41, eps: 0.18, lr: 2.00e-04, pred: 318.50 min
Ep.:  3000, Score:  -3.18, P_win: 0.13, Tran: 87.59, eps: 0.17, lr: 2.00e-04, pred: 313.84 min
Ep.:  3500, Score:  -2.52, P_win: 0.15, Tran: 86.94, eps: 0.17, lr: 2.00e-04, pred: 309.29 min
Ep.:  4000, Score:  -2.55, P_win: 0.18, Tran: 84.40, eps: 0.16, lr: 2.00e-04, pred: 304.36 min
Ep.:  4500, Score:  -1.47, P_win: 0.16, Tran: 81.26, eps: 0.16, lr: 2.00e-04, pred: 298.94 min
Ep.:  5000, Score:  -2.27, P_win: 0.13, Tran: 87.95, eps: 0.16, lr: 2.00e-04, pred: 293.60 min
Ep.:  5500, Score:  -2.37, P_win: 0.20, Tran: 82.39, eps: 0.15, lr: 2.00e-04, pred: 288.23 min
Ep.:  6000, Score:  -1.63, P_win: 0.23, Tran: 82.59, eps: 0.15, lr: 2.00e-04, pred: 282.67 min
Ep.:  6500, Score:  -0.53, P_win: 0.26, Tran: 77.53, eps: 0.14, lr: 2.00e-04, pred: 277.11 min
Ep.:  7000, Score:  -1.07, P_win: 0.36, Tran: 74.24, eps: 0.14, lr: 2.00e-04, pred: 271.39 min
Ep.:  7500, Score:  -0.41, P_win: 0.32, Tran: 77.23, eps: 0.14, lr: 2.00e-04, pred: 265.80 min
Ep.:  8000, Score:  -0.99, P_win: 0.33, Tran: 76.58, eps: 0.13, lr: 2.00e-04, pred: 260.04 min
Ep.:  8500, Score:  -0.14, P_win: 0.23, Tran: 81.19, eps: 0.13, lr: 2.00e-04, pred: 254.45 min
Ep.:  9000, Score:   0.36, P_win: 0.36, Tran: 77.19, eps: 0.13, lr: 2.00e-04, pred: 248.82 min
Ep.:  9500, Score:   0.41, P_win: 0.44, Tran: 72.26, eps: 0.12, lr: 2.00e-04, pred: 243.06 min
Ep.: 10000, Score:   1.36, P_win: 0.43, Tran: 74.76, eps: 0.12, lr: 2.00e-04, pred: 237.28 min
Ep.: 10500, Score:   0.68, P_win: 0.48, Tran: 73.95, eps: 0.12, lr: 2.00e-04, pred: 231.59 min
Ep.: 11000, Score:   1.84, P_win: 0.33, Tran: 80.62, eps: 0.12, lr: 2.00e-04, pred: 225.84 min
Ep.: 11500, Score:   1.87, P_win: 0.59, Tran: 62.59, eps: 0.11, lr: 2.00e-04, pred: 220.07 min
Ep.: 12000, Score:   2.07, P_win: 0.60, Tran: 66.57, eps: 0.11, lr: 2.00e-04, pred: 214.24 min
Ep.: 12500, Score:   2.59, P_win: 0.45, Tran: 76.35, eps: 0.11, lr: 2.00e-04, pred: 208.44 min
Ep.: 13000, Score:   2.88, P_win: 0.65, Tran: 64.69, eps: 0.10, lr: 2.00e-04, pred: 202.56 min
Ep.: 13500, Score:   2.94, P_win: 0.51, Tran: 73.72, eps: 0.10, lr: 2.00e-04, pred: 196.74 min
Ep.: 14000, Score:   4.07, P_win: 0.72, Tran: 59.54, eps: 0.10, lr: 2.00e-04, pred: 190.85 min
Ep.: 14500, Score:   4.04, P_win: 0.66, Tran: 69.47, eps: 0.10, lr: 2.00e-04, pred: 184.94 min
Ep.: 15000, Score:   4.01, P_win: 0.71, Tran: 65.90, eps: 0.09, lr: 2.00e-04, pred: 179.04 min
Ep.: 15500, Score:   4.51, P_win: 0.75, Tran: 63.51, eps: 0.09, lr: 1.00e-04, pred: 172.63 min
Ep.: 16000, Score:   5.33, P_win: 0.73, Tran: 63.70, eps: 0.09, lr: 1.00e-04, pred: 166.31 min
Ep.: 16500, Score:   5.34, P_win: 0.77, Tran: 59.10, eps: 0.09, lr: 1.00e-04, pred: 160.00 min
Ep.: 17000, Score:   5.97, P_win: 0.73, Tran: 61.63, eps: 0.09, lr: 1.00e-04, pred: 153.77 min
Ep.: 17500, Score:   5.22, P_win: 0.73, Tran: 64.61, eps: 0.08, lr: 1.00e-04, pred: 147.61 min
Ep.: 18000, Score:   5.31, P_win: 0.63, Tran: 62.25, eps: 0.08, lr: 1.00e-04, pred: 141.46 min
Ep.: 18500, Score:   6.10, P_win: 0.79, Tran: 60.76, eps: 0.08, lr: 1.00e-04, pred: 135.33 min
Ep.: 19000, Score:   6.05, P_win: 0.80, Tran: 59.77, eps: 0.08, lr: 1.00e-04, pred: 129.21 min
Ep.: 19500, Score:   5.59, P_win: 0.84, Tran: 57.79, eps: 0.08, lr: 1.00e-04, pred: 123.14 min
Ep.: 20000, Score:   5.66, P_win: 0.80, Tran: 58.94, eps: 0.07, lr: 1.00e-04, pred: 117.11 min
Ep.: 20500, Score:   5.95, P_win: 0.82, Tran: 55.96, eps: 0.07, lr: 1.00e-04, pred: 111.09 min
Ep.: 21000, Score:   5.19, P_win: 0.77, Tran: 62.74, eps: 0.07, lr: 1.00e-04, pred: 105.12 min
Ep.: 21500, Score:   5.57, P_win: 0.77, Tran: 58.62, eps: 0.07, lr: 1.00e-04, pred: 99.14 min
Ep.: 22000, Score:   6.02, P_win: 0.82, Tran: 53.32, eps: 0.07, lr: 1.00e-04, pred: 93.18 min
Ep.: 22500, Score:   5.45, P_win: 0.78, Tran: 58.00, eps: 0.06, lr: 1.00e-04, pred: 87.25 min
Ep.: 23000, Score:   5.61, P_win: 0.81, Tran: 57.57, eps: 0.06, lr: 1.00e-04, pred: 81.34 min
Ep.: 23500, Score:   5.79, P_win: 0.56, Tran: 68.25, eps: 0.06, lr: 1.00e-04, pred: 75.47 min
Ep.: 24000, Score:   5.76, P_win: 0.79, Tran: 58.98, eps: 0.06, lr: 1.00e-04, pred: 69.60 min
Ep.: 24500, Score:   6.46, P_win: 0.83, Tran: 57.99, eps: 0.06, lr: 1.00e-04, pred: 63.74 min
Ep.: 25000, Score:   6.28, P_win: 0.69, Tran: 62.18, eps: 0.06, lr: 1.00e-04, pred: 57.89 min
Ep.: 25500, Score:   5.43, P_win: 0.85, Tran: 57.31, eps: 0.06, lr: 5.00e-05, pred: 52.04 min
Ep.: 26000, Score:   7.14, P_win: 0.81, Tran: 56.94, eps: 0.05, lr: 5.00e-05, pred: 46.20 min
Ep.: 26500, Score:   6.55, P_win: 0.83, Tran: 58.55, eps: 0.05, lr: 5.00e-05, pred: 40.37 min
Ep.: 27000, Score:   6.89, P_win: 0.85, Tran: 55.71, eps: 0.05, lr: 5.00e-05, pred: 34.57 min
Ep.: 27500, Score:   6.58, P_win: 0.83, Tran: 56.36, eps: 0.05, lr: 5.00e-05, pred: 28.77 min
Ep.: 28000, Score:   7.34, P_win: 0.90, Tran: 51.61, eps: 0.05, lr: 5.00e-05, pred: 22.99 min
Ep.: 28500, Score:   6.29, P_win: 0.88, Tran: 54.57, eps: 0.05, lr: 5.00e-05, pred: 17.23 min
Ep.: 29000, Score:   7.06, P_win: 0.84, Tran: 57.59, eps: 0.05, lr: 5.00e-05, pred: 11.47 min
Ep.: 29500, Score:   6.83, P_win: 0.80, Tran: 54.14, eps: 0.05, lr: 5.00e-05, pred:  5.72 min
~~~ Training Complete ~~~
DONE!
