~~~ Starting Training ~~~
Ep.:     0, Score:  -5.10, P_win: 0.03, Tran: 89.69, eps: 0.20, lr: 2.00e-04, pred: 3625.19 min
Ep.:   500, Score:  -5.14, P_win: 0.13, Tran: 84.98, eps: 0.20, lr: 2.00e-04, pred: 211.02 min
Ep.:  1000, Score:  -3.32, P_win: 0.12, Tran: 84.46, eps: 0.19, lr: 2.00e-04, pred: 210.57 min
Ep.:  1500, Score:  -3.01, P_win: 0.09, Tran: 81.34, eps: 0.19, lr: 2.00e-04, pred: 211.25 min
Ep.:  2000, Score:  -3.12, P_win: 0.22, Tran: 78.43, eps: 0.18, lr: 2.00e-04, pred: 209.34 min
Ep.:  2500, Score:  -3.19, P_win: 0.18, Tran: 80.86, eps: 0.18, lr: 2.00e-04, pred: 206.59 min
Ep.:  3000, Score:  -2.96, P_win: 0.20, Tran: 76.32, eps: 0.17, lr: 2.00e-04, pred: 203.89 min
Ep.:  3500, Score:  -1.93, P_win: 0.17, Tran: 82.00, eps: 0.17, lr: 2.00e-04, pred: 200.97 min
Ep.:  4000, Score:  -2.53, P_win: 0.26, Tran: 74.24, eps: 0.16, lr: 2.00e-04, pred: 197.92 min
Ep.:  4500, Score:  -2.61, P_win: 0.15, Tran: 85.95, eps: 0.16, lr: 2.00e-04, pred: 194.66 min
Ep.:  5000, Score:  -1.76, P_win: 0.20, Tran: 76.37, eps: 0.16, lr: 2.00e-04, pred: 190.92 min
Ep.:  5500, Score:  -1.50, P_win: 0.30, Tran: 74.78, eps: 0.15, lr: 2.00e-04, pred: 187.29 min
Ep.:  6000, Score:  -1.08, P_win: 0.24, Tran: 79.45, eps: 0.15, lr: 2.00e-04, pred: 183.68 min
Ep.:  6500, Score:  -1.34, P_win: 0.31, Tran: 80.27, eps: 0.14, lr: 2.00e-04, pred: 179.96 min
Ep.:  7000, Score:  -1.80, P_win: 0.30, Tran: 81.95, eps: 0.14, lr: 2.00e-04, pred: 176.30 min
Ep.:  7500, Score:  -1.33, P_win: 0.24, Tran: 81.15, eps: 0.14, lr: 2.00e-04, pred: 172.48 min
Ep.:  8000, Score:  -0.80, P_win: 0.24, Tran: 79.95, eps: 0.13, lr: 2.00e-04, pred: 168.76 min
Ep.:  8500, Score:  -0.55, P_win: 0.32, Tran: 74.28, eps: 0.13, lr: 2.00e-04, pred: 164.97 min
Ep.:  9000, Score:  -0.03, P_win: 0.36, Tran: 74.84, eps: 0.13, lr: 2.00e-04, pred: 161.19 min
Ep.:  9500, Score:   0.06, P_win: 0.35, Tran: 72.62, eps: 0.12, lr: 2.00e-04, pred: 157.38 min
Ep.: 10000, Score:   0.59, P_win: 0.30, Tran: 75.46, eps: 0.12, lr: 2.00e-04, pred: 153.53 min
Ep.: 10500, Score:  -0.02, P_win: 0.38, Tran: 74.11, eps: 0.12, lr: 2.00e-04, pred: 149.81 min
Ep.: 11000, Score:  -0.15, P_win: 0.25, Tran: 79.88, eps: 0.12, lr: 2.00e-04, pred: 146.00 min
Ep.: 11500, Score:   0.57, P_win: 0.20, Tran: 81.30, eps: 0.11, lr: 2.00e-04, pred: 142.21 min
Ep.: 12000, Score:   0.51, P_win: 0.38, Tran: 72.87, eps: 0.11, lr: 2.00e-04, pred: 138.32 min
Ep.: 12500, Score:   0.72, P_win: 0.51, Tran: 65.02, eps: 0.11, lr: 2.00e-04, pred: 134.47 min
Ep.: 13000, Score:  -0.15, P_win: 0.18, Tran: 85.20, eps: 0.10, lr: 2.00e-04, pred: 130.67 min
Ep.: 13500, Score:   0.32, P_win: 0.51, Tran: 67.32, eps: 0.10, lr: 2.00e-04, pred: 126.78 min
Ep.: 14000, Score:   1.33, P_win: 0.46, Tran: 70.46, eps: 0.10, lr: 2.00e-04, pred: 122.89 min
Ep.: 14500, Score:   1.77, P_win: 0.54, Tran: 67.41, eps: 0.10, lr: 2.00e-04, pred: 119.00 min
Ep.: 15000, Score:   1.30, P_win: 0.44, Tran: 70.82, eps: 0.09, lr: 2.00e-04, pred: 115.18 min
Ep.: 15500, Score:   2.80, P_win: 0.59, Tran: 62.86, eps: 0.09, lr: 1.00e-04, pred: 111.25 min
Ep.: 16000, Score:   2.72, P_win: 0.52, Tran: 71.13, eps: 0.09, lr: 1.00e-04, pred: 107.34 min
Ep.: 16500, Score:   3.42, P_win: 0.62, Tran: 63.46, eps: 0.09, lr: 1.00e-04, pred: 103.45 min
Ep.: 17000, Score:   2.85, P_win: 0.53, Tran: 69.32, eps: 0.09, lr: 1.00e-04, pred: 99.56 min
Ep.: 17500, Score:   3.16, P_win: 0.63, Tran: 65.27, eps: 0.08, lr: 1.00e-04, pred: 95.68 min
Ep.: 18000, Score:   3.10, P_win: 0.68, Tran: 59.56, eps: 0.08, lr: 1.00e-04, pred: 91.80 min
Ep.: 18500, Score:   3.50, P_win: 0.57, Tran: 66.62, eps: 0.08, lr: 1.00e-04, pred: 87.91 min
Ep.: 19000, Score:   2.94, P_win: 0.66, Tran: 62.88, eps: 0.08, lr: 1.00e-04, pred: 84.03 min
Ep.: 19500, Score:   3.71, P_win: 0.72, Tran: 64.58, eps: 0.08, lr: 1.00e-04, pred: 80.21 min
Ep.: 20000, Score:   4.09, P_win: 0.66, Tran: 65.65, eps: 0.07, lr: 1.00e-04, pred: 76.37 min
Ep.: 20500, Score:   4.33, P_win: 0.64, Tran: 68.31, eps: 0.07, lr: 1.00e-04, pred: 72.53 min
Ep.: 21000, Score:   4.52, P_win: 0.64, Tran: 65.51, eps: 0.07, lr: 1.00e-04, pred: 68.69 min
Ep.: 21500, Score:   4.62, P_win: 0.70, Tran: 64.73, eps: 0.07, lr: 1.00e-04, pred: 64.85 min
Ep.: 22000, Score:   5.22, P_win: 0.83, Tran: 58.52, eps: 0.07, lr: 1.00e-04, pred: 60.99 min
Ep.: 22500, Score:   5.36, P_win: 0.68, Tran: 70.84, eps: 0.06, lr: 1.00e-04, pred: 57.17 min
Ep.: 23000, Score:   4.93, P_win: 0.78, Tran: 62.90, eps: 0.06, lr: 1.00e-04, pred: 53.35 min
Ep.: 23500, Score:   5.45, P_win: 0.81, Tran: 62.35, eps: 0.06, lr: 1.00e-04, pred: 49.52 min
Ep.: 24000, Score:   5.46, P_win: 0.76, Tran: 60.74, eps: 0.06, lr: 1.00e-04, pred: 45.69 min
Ep.: 24500, Score:   5.46, P_win: 0.75, Tran: 59.81, eps: 0.06, lr: 1.00e-04, pred: 41.85 min
Ep.: 25000, Score:   5.33, P_win: 0.70, Tran: 66.01, eps: 0.06, lr: 1.00e-04, pred: 38.03 min
Ep.: 25500, Score:   5.89, P_win: 0.84, Tran: 53.67, eps: 0.06, lr: 5.00e-05, pred: 34.21 min
Ep.: 26000, Score:   6.55, P_win: 0.86, Tran: 57.97, eps: 0.05, lr: 5.00e-05, pred: 30.39 min
Ep.: 26500, Score:   6.21, P_win: 0.80, Tran: 62.61, eps: 0.05, lr: 5.00e-05, pred: 26.58 min
Ep.: 27000, Score:   6.24, P_win: 0.75, Tran: 60.17, eps: 0.05, lr: 5.00e-05, pred: 22.77 min
Ep.: 27500, Score:   6.57, P_win: 0.82, Tran: 60.02, eps: 0.05, lr: 5.00e-05, pred: 18.97 min
Ep.: 28000, Score:   6.47, P_win: 0.83, Tran: 57.12, eps: 0.05, lr: 5.00e-05, pred: 15.16 min
Ep.: 28500, Score:   6.53, P_win: 0.86, Tran: 57.13, eps: 0.05, lr: 5.00e-05, pred: 11.36 min
Ep.: 29000, Score:   6.95, P_win: 0.84, Tran: 58.63, eps: 0.05, lr: 5.00e-05, pred:  7.57 min
Ep.: 29500, Score:   6.85, P_win: 0.80, Tran: 58.85, eps: 0.05, lr: 5.00e-05, pred:  3.78 min
~~~ Training Complete ~~~
~~~ Starting Training ~~~
Ep.:     0, Score: -12.24, P_win: 0.10, Tran: 89.94, eps: 0.20, lr: 2.00e-04, pred: 3612.83 min
Ep.:   500, Score:  -6.22, P_win: 0.16, Tran: 83.55, eps: 0.20, lr: 2.00e-04, pred: 214.89 min
Ep.:  1000, Score:  -4.12, P_win: 0.11, Tran: 85.92, eps: 0.19, lr: 2.00e-04, pred: 213.99 min
Ep.:  1500, Score:  -3.70, P_win: 0.12, Tran: 83.42, eps: 0.19, lr: 2.00e-04, pred: 214.22 min
Ep.:  2000, Score:  -3.05, P_win: 0.19, Tran: 81.44, eps: 0.18, lr: 2.00e-04, pred: 212.10 min
Ep.:  2500, Score:  -3.12, P_win: 0.27, Tran: 75.66, eps: 0.18, lr: 2.00e-04, pred: 208.84 min
Ep.:  3000, Score:  -2.01, P_win: 0.24, Tran: 75.79, eps: 0.17, lr: 2.00e-04, pred: 204.98 min
Ep.:  3500, Score:  -2.58, P_win: 0.18, Tran: 80.55, eps: 0.17, lr: 2.00e-04, pred: 201.72 min
Ep.:  4000, Score:  -1.49, P_win: 0.25, Tran: 79.06, eps: 0.16, lr: 2.00e-04, pred: 198.18 min
Ep.:  4500, Score:  -2.18, P_win: 0.20, Tran: 81.88, eps: 0.16, lr: 2.00e-04, pred: 194.93 min
Ep.:  5000, Score:  -1.89, P_win: 0.39, Tran: 72.43, eps: 0.16, lr: 2.00e-04, pred: 191.34 min
Ep.:  5500, Score:  -1.62, P_win: 0.27, Tran: 81.36, eps: 0.15, lr: 2.00e-04, pred: 187.50 min
Ep.:  6000, Score:  -2.26, P_win: 0.35, Tran: 81.81, eps: 0.15, lr: 2.00e-04, pred: 183.57 min
Ep.:  6500, Score:  -1.20, P_win: 0.37, Tran: 77.67, eps: 0.14, lr: 2.00e-04, pred: 179.54 min
Ep.:  7000, Score:  -1.32, P_win: 0.24, Tran: 79.65, eps: 0.14, lr: 2.00e-04, pred: 175.67 min
Ep.:  7500, Score:  -0.51, P_win: 0.32, Tran: 80.79, eps: 0.14, lr: 2.00e-04, pred: 171.74 min
Ep.:  8000, Score:  -0.92, P_win: 0.34, Tran: 80.80, eps: 0.13, lr: 2.00e-04, pred: 167.91 min
Ep.:  8500, Score:  -0.56, P_win: 0.32, Tran: 80.78, eps: 0.13, lr: 2.00e-04, pred: 164.13 min
Ep.:  9000, Score:  -0.87, P_win: 0.27, Tran: 80.35, eps: 0.13, lr: 2.00e-04, pred: 160.29 min
Ep.:  9500, Score:  -1.35, P_win: 0.30, Tran: 79.40, eps: 0.12, lr: 2.00e-04, pred: 156.52 min
Ep.: 10000, Score:  -0.53, P_win: 0.33, Tran: 77.16, eps: 0.12, lr: 2.00e-04, pred: 152.60 min
Ep.: 10500, Score:  -0.05, P_win: 0.34, Tran: 73.94, eps: 0.12, lr: 2.00e-04, pred: 148.74 min
Ep.: 11000, Score:  -0.04, P_win: 0.36, Tran: 78.14, eps: 0.12, lr: 2.00e-04, pred: 144.99 min
Ep.: 11500, Score:   0.19, P_win: 0.39, Tran: 73.20, eps: 0.11, lr: 2.00e-04, pred: 141.18 min
Ep.: 12000, Score:   0.55, P_win: 0.39, Tran: 77.65, eps: 0.11, lr: 2.00e-04, pred: 137.33 min
Ep.: 12500, Score:   0.24, P_win: 0.41, Tran: 75.38, eps: 0.11, lr: 2.00e-04, pred: 133.49 min
Ep.: 13000, Score:   0.44, P_win: 0.25, Tran: 78.18, eps: 0.10, lr: 2.00e-04, pred: 129.62 min
Ep.: 13500, Score:   0.75, P_win: 0.27, Tran: 78.48, eps: 0.10, lr: 2.00e-04, pred: 125.86 min
Ep.: 14000, Score:   0.59, P_win: 0.41, Tran: 71.67, eps: 0.10, lr: 2.00e-04, pred: 122.03 min
Ep.: 14500, Score:  -0.01, P_win: 0.46, Tran: 66.80, eps: 0.10, lr: 2.00e-04, pred: 118.17 min
Ep.: 15000, Score:   0.79, P_win: 0.32, Tran: 78.76, eps: 0.09, lr: 2.00e-04, pred: 114.37 min
Ep.: 15500, Score:   0.84, P_win: 0.39, Tran: 73.63, eps: 0.09, lr: 1.00e-04, pred: 110.47 min
Ep.: 16000, Score:   0.54, P_win: 0.42, Tran: 72.87, eps: 0.09, lr: 1.00e-04, pred: 106.60 min
Ep.: 16500, Score:   0.93, P_win: 0.43, Tran: 72.51, eps: 0.09, lr: 1.00e-04, pred: 102.76 min
Ep.: 17000, Score:   1.23, P_win: 0.45, Tran: 73.42, eps: 0.09, lr: 1.00e-04, pred: 98.90 min
Ep.: 17500, Score:   1.15, P_win: 0.40, Tran: 73.94, eps: 0.08, lr: 1.00e-04, pred: 95.07 min
Ep.: 18000, Score:   1.57, P_win: 0.40, Tran: 74.46, eps: 0.08, lr: 1.00e-04, pred: 91.27 min
Ep.: 18500, Score:   0.63, P_win: 0.42, Tran: 74.14, eps: 0.08, lr: 1.00e-04, pred: 87.47 min
Ep.: 19000, Score:   1.09, P_win: 0.48, Tran: 70.62, eps: 0.08, lr: 1.00e-04, pred: 83.64 min
Ep.: 19500, Score:   1.74, P_win: 0.41, Tran: 75.42, eps: 0.08, lr: 1.00e-04, pred: 79.81 min
Ep.: 20000, Score:   2.06, P_win: 0.45, Tran: 70.58, eps: 0.07, lr: 1.00e-04, pred: 76.03 min
Ep.: 20500, Score:   2.21, P_win: 0.51, Tran: 70.34, eps: 0.07, lr: 1.00e-04, pred: 72.20 min
Ep.: 21000, Score:   2.45, P_win: 0.39, Tran: 77.10, eps: 0.07, lr: 1.00e-04, pred: 68.40 min
Ep.: 21500, Score:   1.71, P_win: 0.37, Tran: 76.42, eps: 0.07, lr: 1.00e-04, pred: 64.59 min
Ep.: 22000, Score:   2.02, P_win: 0.40, Tran: 75.85, eps: 0.07, lr: 1.00e-04, pred: 60.78 min
Ep.: 22500, Score:   1.55, P_win: 0.49, Tran: 67.71, eps: 0.06, lr: 1.00e-04, pred: 56.97 min
Ep.: 23000, Score:   1.42, P_win: 0.45, Tran: 71.24, eps: 0.06, lr: 1.00e-04, pred: 53.16 min
Ep.: 23500, Score:   2.22, P_win: 0.49, Tran: 70.49, eps: 0.06, lr: 1.00e-04, pred: 49.36 min
Ep.: 24000, Score:   2.51, P_win: 0.36, Tran: 76.34, eps: 0.06, lr: 1.00e-04, pred: 45.55 min
Ep.: 24500, Score:   1.41, P_win: 0.52, Tran: 68.12, eps: 0.06, lr: 1.00e-04, pred: 41.75 min
Ep.: 25000, Score:   2.34, P_win: 0.38, Tran: 74.76, eps: 0.06, lr: 1.00e-04, pred: 37.94 min
Ep.: 25500, Score:   1.92, P_win: 0.57, Tran: 67.34, eps: 0.06, lr: 5.00e-05, pred: 34.13 min
Ep.: 26000, Score:   2.23, P_win: 0.56, Tran: 64.54, eps: 0.05, lr: 5.00e-05, pred: 30.33 min
Ep.: 26500, Score:   1.94, P_win: 0.52, Tran: 67.62, eps: 0.05, lr: 5.00e-05, pred: 26.53 min
Ep.: 27000, Score:   2.98, P_win: 0.42, Tran: 69.92, eps: 0.05, lr: 5.00e-05, pred: 22.74 min
Ep.: 27500, Score:   2.14, P_win: 0.48, Tran: 67.91, eps: 0.05, lr: 5.00e-05, pred: 18.94 min
Ep.: 28000, Score:   1.77, P_win: 0.44, Tran: 70.28, eps: 0.05, lr: 5.00e-05, pred: 15.15 min
Ep.: 28500, Score:   1.89, P_win: 0.46, Tran: 68.88, eps: 0.05, lr: 5.00e-05, pred: 11.36 min
Ep.: 29000, Score:   2.22, P_win: 0.47, Tran: 70.00, eps: 0.05, lr: 5.00e-05, pred:  7.57 min
Ep.: 29500, Score:   2.63, P_win: 0.42, Tran: 71.82, eps: 0.05, lr: 5.00e-05, pred:  3.78 min
~~~ Training Complete ~~~
~~~ Starting Training ~~~
Ep.:     0, Score: -15.14, P_win: 0.02, Tran: 91.01, eps: 0.20, lr: 2.00e-04, pred: 3873.97 min
Ep.:   500, Score:  -7.01, P_win: 0.20, Tran: 80.84, eps: 0.20, lr: 2.00e-04, pred: 209.79 min
Ep.:  1000, Score:  -4.05, P_win: 0.18, Tran: 77.73, eps: 0.19, lr: 2.00e-04, pred: 209.89 min
Ep.:  1500, Score:  -3.88, P_win: 0.07, Tran: 84.66, eps: 0.19, lr: 2.00e-04, pred: 211.47 min
Ep.:  2000, Score:  -3.75, P_win: 0.15, Tran: 81.51, eps: 0.18, lr: 2.00e-04, pred: 210.01 min
Ep.:  2500, Score:  -2.98, P_win: 0.18, Tran: 83.38, eps: 0.18, lr: 2.00e-04, pred: 206.96 min
Ep.:  3000, Score:  -2.66, P_win: 0.13, Tran: 86.51, eps: 0.17, lr: 2.00e-04, pred: 203.88 min
Ep.:  3500, Score:  -2.99, P_win: 0.22, Tran: 79.51, eps: 0.17, lr: 2.00e-04, pred: 200.13 min
Ep.:  4000, Score:  -3.00, P_win: 0.15, Tran: 86.33, eps: 0.16, lr: 2.00e-04, pred: 196.62 min
Ep.:  4500, Score:  -1.77, P_win: 0.23, Tran: 75.01, eps: 0.16, lr: 2.00e-04, pred: 193.30 min
Ep.:  5000, Score:  -1.45, P_win: 0.26, Tran: 81.84, eps: 0.16, lr: 2.00e-04, pred: 189.79 min
Ep.:  5500, Score:  -1.08, P_win: 0.24, Tran: 81.05, eps: 0.15, lr: 2.00e-04, pred: 186.28 min
Ep.:  6000, Score:  -0.66, P_win: 0.21, Tran: 81.30, eps: 0.15, lr: 2.00e-04, pred: 182.41 min
Ep.:  6500, Score:  -0.70, P_win: 0.35, Tran: 79.47, eps: 0.14, lr: 2.00e-04, pred: 178.57 min
Ep.:  7000, Score:  -0.26, P_win: 0.32, Tran: 78.72, eps: 0.14, lr: 2.00e-04, pred: 174.87 min
Ep.:  7500, Score:  -0.02, P_win: 0.36, Tran: 76.60, eps: 0.14, lr: 2.00e-04, pred: 171.07 min
Ep.:  8000, Score:  -0.07, P_win: 0.35, Tran: 79.13, eps: 0.13, lr: 2.00e-04, pred: 167.28 min
Ep.:  8500, Score:  -0.34, P_win: 0.32, Tran: 74.24, eps: 0.13, lr: 2.00e-04, pred: 163.55 min
Ep.:  9000, Score:  -0.48, P_win: 0.37, Tran: 74.37, eps: 0.13, lr: 2.00e-04, pred: 159.75 min
Ep.:  9500, Score:   0.69, P_win: 0.41, Tran: 73.79, eps: 0.12, lr: 2.00e-04, pred: 155.85 min
Ep.: 10000, Score:   0.76, P_win: 0.33, Tran: 81.43, eps: 0.12, lr: 2.00e-04, pred: 151.98 min
Ep.: 10500, Score:   0.99, P_win: 0.46, Tran: 68.37, eps: 0.12, lr: 2.00e-04, pred: 148.17 min
Ep.: 11000, Score:   0.69, P_win: 0.34, Tran: 79.85, eps: 0.12, lr: 2.00e-04, pred: 144.41 min
Ep.: 11500, Score:  -0.56, P_win: 0.36, Tran: 74.42, eps: 0.11, lr: 2.00e-04, pred: 140.68 min
Ep.: 12000, Score:   1.66, P_win: 0.50, Tran: 67.67, eps: 0.11, lr: 2.00e-04, pred: 136.91 min
Ep.: 12500, Score:   1.56, P_win: 0.49, Tran: 66.11, eps: 0.11, lr: 2.00e-04, pred: 133.12 min
Ep.: 13000, Score:   0.85, P_win: 0.37, Tran: 72.85, eps: 0.10, lr: 2.00e-04, pred: 129.35 min
Ep.: 13500, Score:   1.59, P_win: 0.35, Tran: 75.36, eps: 0.10, lr: 2.00e-04, pred: 125.59 min
Ep.: 14000, Score:   0.76, P_win: 0.53, Tran: 66.46, eps: 0.10, lr: 2.00e-04, pred: 121.81 min
Ep.: 14500, Score:   1.79, P_win: 0.52, Tran: 69.62, eps: 0.10, lr: 2.00e-04, pred: 118.04 min
Ep.: 15000, Score:   2.06, P_win: 0.36, Tran: 74.95, eps: 0.09, lr: 2.00e-04, pred: 114.28 min
Ep.: 15500, Score:   1.67, P_win: 0.55, Tran: 68.13, eps: 0.09, lr: 1.00e-04, pred: 110.40 min
Ep.: 16000, Score:   1.91, P_win: 0.44, Tran: 74.88, eps: 0.09, lr: 1.00e-04, pred: 106.60 min
Ep.: 16500, Score:   1.91, P_win: 0.56, Tran: 69.49, eps: 0.09, lr: 1.00e-04, pred: 102.74 min
Ep.: 17000, Score:   2.40, P_win: 0.57, Tran: 66.88, eps: 0.09, lr: 1.00e-04, pred: 98.91 min
Ep.: 17500, Score:   2.59, P_win: 0.44, Tran: 72.32, eps: 0.08, lr: 1.00e-04, pred: 95.09 min
Ep.: 18000, Score:   1.96, P_win: 0.44, Tran: 68.90, eps: 0.08, lr: 1.00e-04, pred: 91.24 min
Ep.: 18500, Score:   2.22, P_win: 0.43, Tran: 72.59, eps: 0.08, lr: 1.00e-04, pred: 87.43 min
Ep.: 19000, Score:   1.61, P_win: 0.40, Tran: 68.10, eps: 0.08, lr: 1.00e-04, pred: 83.61 min
Ep.: 19500, Score:   2.30, P_win: 0.53, Tran: 65.99, eps: 0.08, lr: 1.00e-04, pred: 79.79 min
Ep.: 20000, Score:   2.31, P_win: 0.50, Tran: 71.42, eps: 0.07, lr: 1.00e-04, pred: 75.99 min
Ep.: 20500, Score:   2.17, P_win: 0.41, Tran: 72.04, eps: 0.07, lr: 1.00e-04, pred: 72.17 min
Ep.: 21000, Score:   2.48, P_win: 0.55, Tran: 70.04, eps: 0.07, lr: 1.00e-04, pred: 68.36 min
Ep.: 21500, Score:   2.90, P_win: 0.51, Tran: 71.48, eps: 0.07, lr: 1.00e-04, pred: 64.55 min
Ep.: 22000, Score:   2.71, P_win: 0.50, Tran: 69.15, eps: 0.07, lr: 1.00e-04, pred: 60.73 min
Ep.: 22500, Score:   3.27, P_win: 0.60, Tran: 69.14, eps: 0.06, lr: 1.00e-04, pred: 56.92 min
Ep.: 23000, Score:   2.90, P_win: 0.57, Tran: 68.98, eps: 0.06, lr: 1.00e-04, pred: 53.12 min
Ep.: 23500, Score:   3.24, P_win: 0.55, Tran: 71.20, eps: 0.06, lr: 1.00e-04, pred: 49.32 min
Ep.: 24000, Score:   4.05, P_win: 0.53, Tran: 70.66, eps: 0.06, lr: 1.00e-04, pred: 45.51 min
Ep.: 24500, Score:   3.70, P_win: 0.57, Tran: 67.12, eps: 0.06, lr: 1.00e-04, pred: 41.71 min
Ep.: 25000, Score:   3.69, P_win: 0.63, Tran: 65.87, eps: 0.06, lr: 1.00e-04, pred: 37.91 min
Ep.: 25500, Score:   2.65, P_win: 0.53, Tran: 67.88, eps: 0.06, lr: 5.00e-05, pred: 34.10 min
Ep.: 26000, Score:   3.04, P_win: 0.51, Tran: 69.20, eps: 0.05, lr: 5.00e-05, pred: 30.30 min
Ep.: 26500, Score:   3.44, P_win: 0.62, Tran: 66.95, eps: 0.05, lr: 5.00e-05, pred: 26.51 min
Ep.: 27000, Score:   2.74, P_win: 0.47, Tran: 70.23, eps: 0.05, lr: 5.00e-05, pred: 22.71 min
Ep.: 27500, Score:   3.09, P_win: 0.50, Tran: 71.69, eps: 0.05, lr: 5.00e-05, pred: 18.92 min
Ep.: 28000, Score:   3.81, P_win: 0.66, Tran: 61.84, eps: 0.05, lr: 5.00e-05, pred: 15.13 min
Ep.: 28500, Score:   3.39, P_win: 0.61, Tran: 65.12, eps: 0.05, lr: 5.00e-05, pred: 11.35 min
Ep.: 29000, Score:   3.98, P_win: 0.62, Tran: 66.22, eps: 0.05, lr: 5.00e-05, pred:  7.56 min
Ep.: 29500, Score:   3.27, P_win: 0.56, Tran: 65.86, eps: 0.05, lr: 5.00e-05, pred:  3.78 min
~~~ Training Complete ~~~
~~~ Starting Training ~~~
Ep.:     0, Score:  -3.76, P_win: 0.05, Tran: 88.64, eps: 0.20, lr: 2.00e-04, pred: 4196.71 min
Ep.:   500, Score:  -9.50, P_win: 0.04, Tran: 87.79, eps: 0.20, lr: 2.00e-04, pred: 221.66 min
Ep.:  1000, Score:  -4.89, P_win: 0.06, Tran: 84.42, eps: 0.19, lr: 2.00e-04, pred: 218.44 min
Ep.:  1500, Score:  -3.37, P_win: 0.19, Tran: 77.27, eps: 0.19, lr: 2.00e-04, pred: 217.40 min
Ep.:  2000, Score:  -3.70, P_win: 0.15, Tran: 76.87, eps: 0.18, lr: 2.00e-04, pred: 214.70 min
Ep.:  2500, Score:  -3.41, P_win: 0.15, Tran: 83.88, eps: 0.18, lr: 2.00e-04, pred: 211.33 min
Ep.:  3000, Score:  -3.36, P_win: 0.19, Tran: 81.32, eps: 0.17, lr: 2.00e-04, pred: 207.87 min
Ep.:  3500, Score:  -2.97, P_win: 0.18, Tran: 84.28, eps: 0.17, lr: 2.00e-04, pred: 204.50 min
Ep.:  4000, Score:  -3.16, P_win: 0.16, Tran: 84.45, eps: 0.16, lr: 2.00e-04, pred: 201.17 min
Ep.:  4500, Score:  -3.20, P_win: 0.25, Tran: 78.18, eps: 0.16, lr: 2.00e-04, pred: 197.61 min
Ep.:  5000, Score:  -2.47, P_win: 0.23, Tran: 86.23, eps: 0.16, lr: 2.00e-04, pred: 194.25 min
Ep.:  5500, Score:  -2.47, P_win: 0.22, Tran: 76.97, eps: 0.15, lr: 2.00e-04, pred: 190.70 min
Ep.:  6000, Score:  -2.10, P_win: 0.15, Tran: 83.88, eps: 0.15, lr: 2.00e-04, pred: 187.06 min
Ep.:  6500, Score:  -2.30, P_win: 0.27, Tran: 76.25, eps: 0.14, lr: 2.00e-04, pred: 183.34 min
Ep.:  7000, Score:  -1.96, P_win: 0.21, Tran: 79.88, eps: 0.14, lr: 2.00e-04, pred: 179.71 min
Ep.:  7500, Score:  -1.99, P_win: 0.23, Tran: 85.37, eps: 0.14, lr: 2.00e-04, pred: 176.16 min
Ep.:  8000, Score:  -2.36, P_win: 0.13, Tran: 87.37, eps: 0.13, lr: 2.00e-04, pred: 172.54 min
Ep.:  8500, Score:  -2.89, P_win: 0.24, Tran: 78.03, eps: 0.13, lr: 2.00e-04, pred: 168.80 min
Ep.:  9000, Score:  -3.09, P_win: 0.18, Tran: 80.42, eps: 0.13, lr: 2.00e-04, pred: 165.03 min
Ep.:  9500, Score:  -2.12, P_win: 0.24, Tran: 84.45, eps: 0.12, lr: 2.00e-04, pred: 161.27 min
Ep.: 10000, Score:  -2.86, P_win: 0.25, Tran: 79.13, eps: 0.12, lr: 2.00e-04, pred: 157.42 min
Ep.: 10500, Score:  -1.79, P_win: 0.22, Tran: 84.47, eps: 0.12, lr: 2.00e-04, pred: 153.60 min
Ep.: 11000, Score:  -2.06, P_win: 0.20, Tran: 78.75, eps: 0.12, lr: 2.00e-04, pred: 149.62 min
Ep.: 11500, Score:  -1.08, P_win: 0.28, Tran: 82.62, eps: 0.11, lr: 2.00e-04, pred: 145.60 min
Ep.: 12000, Score:  -0.89, P_win: 0.18, Tran: 79.12, eps: 0.11, lr: 2.00e-04, pred: 141.64 min
Ep.: 12500, Score:  -0.40, P_win: 0.43, Tran: 70.45, eps: 0.11, lr: 2.00e-04, pred: 137.68 min
Ep.: 13000, Score:  -0.37, P_win: 0.43, Tran: 72.29, eps: 0.10, lr: 2.00e-04, pred: 133.77 min
Ep.: 13500, Score:   0.72, P_win: 0.39, Tran: 73.07, eps: 0.10, lr: 2.00e-04, pred: 129.68 min
Ep.: 14000, Score:   0.12, P_win: 0.42, Tran: 69.14, eps: 0.10, lr: 2.00e-04, pred: 125.69 min
Ep.: 14500, Score:   0.76, P_win: 0.53, Tran: 66.71, eps: 0.10, lr: 2.00e-04, pred: 121.78 min
Ep.: 15000, Score:   0.97, P_win: 0.43, Tran: 76.47, eps: 0.09, lr: 2.00e-04, pred: 117.84 min
Ep.: 15500, Score:   0.06, P_win: 0.32, Tran: 80.72, eps: 0.09, lr: 1.00e-04, pred: 113.86 min
Ep.: 16000, Score:   1.29, P_win: 0.39, Tran: 75.92, eps: 0.09, lr: 1.00e-04, pred: 109.85 min
Ep.: 16500, Score:   0.87, P_win: 0.42, Tran: 75.02, eps: 0.09, lr: 1.00e-04, pred: 105.84 min
Ep.: 17000, Score:   1.79, P_win: 0.44, Tran: 71.67, eps: 0.09, lr: 1.00e-04, pred: 101.84 min
Ep.: 17500, Score:   1.55, P_win: 0.48, Tran: 74.34, eps: 0.08, lr: 1.00e-04, pred: 97.87 min
Ep.: 18000, Score:   3.38, P_win: 0.53, Tran: 69.46, eps: 0.08, lr: 1.00e-04, pred: 93.90 min
Ep.: 18500, Score:   2.62, P_win: 0.56, Tran: 66.81, eps: 0.08, lr: 1.00e-04, pred: 89.94 min
Ep.: 19000, Score:   3.23, P_win: 0.62, Tran: 59.57, eps: 0.08, lr: 1.00e-04, pred: 85.94 min
Ep.: 19500, Score:   2.57, P_win: 0.56, Tran: 64.85, eps: 0.08, lr: 1.00e-04, pred: 81.95 min
Ep.: 20000, Score:   2.85, P_win: 0.52, Tran: 70.04, eps: 0.07, lr: 1.00e-04, pred: 78.01 min
Ep.: 20500, Score:   3.89, P_win: 0.64, Tran: 65.95, eps: 0.07, lr: 1.00e-04, pred: 74.07 min
Ep.: 21000, Score:   4.27, P_win: 0.75, Tran: 58.70, eps: 0.07, lr: 1.00e-04, pred: 70.11 min
Ep.: 21500, Score:   4.19, P_win: 0.65, Tran: 61.71, eps: 0.07, lr: 1.00e-04, pred: 66.15 min
Ep.: 22000, Score:   4.16, P_win: 0.70, Tran: 62.74, eps: 0.07, lr: 1.00e-04, pred: 62.21 min
Ep.: 22500, Score:   4.00, P_win: 0.73, Tran: 61.36, eps: 0.06, lr: 1.00e-04, pred: 58.28 min
Ep.: 23000, Score:   4.16, P_win: 0.60, Tran: 68.46, eps: 0.06, lr: 1.00e-04, pred: 54.35 min
Ep.: 23500, Score:   4.38, P_win: 0.69, Tran: 62.67, eps: 0.06, lr: 1.00e-04, pred: 50.44 min
Ep.: 24000, Score:   4.56, P_win: 0.78, Tran: 59.87, eps: 0.06, lr: 1.00e-04, pred: 46.53 min
Ep.: 24500, Score:   4.89, P_win: 0.75, Tran: 61.54, eps: 0.06, lr: 1.00e-04, pred: 42.63 min
Ep.: 25000, Score:   4.92, P_win: 0.67, Tran: 56.25, eps: 0.06, lr: 1.00e-04, pred: 38.73 min
Ep.: 25500, Score:   3.75, P_win: 0.64, Tran: 57.68, eps: 0.06, lr: 5.00e-05, pred: 34.82 min
Ep.: 26000, Score:   4.84, P_win: 0.74, Tran: 61.73, eps: 0.05, lr: 5.00e-05, pred: 30.92 min
Ep.: 26500, Score:   4.98, P_win: 0.73, Tran: 63.90, eps: 0.05, lr: 5.00e-05, pred: 27.04 min
Ep.: 27000, Score:   5.80, P_win: 0.81, Tran: 58.49, eps: 0.05, lr: 5.00e-05, pred: 23.16 min
Ep.: 27500, Score:   5.50, P_win: 0.74, Tran: 61.46, eps: 0.05, lr: 5.00e-05, pred: 19.29 min
Ep.: 28000, Score:   4.42, P_win: 0.65, Tran: 61.71, eps: 0.05, lr: 5.00e-05, pred: 15.42 min
Ep.: 28500, Score:   5.73, P_win: 0.77, Tran: 59.84, eps: 0.05, lr: 5.00e-05, pred: 11.56 min
Ep.: 29000, Score:   6.13, P_win: 0.74, Tran: 61.55, eps: 0.05, lr: 5.00e-05, pred:  7.70 min
Ep.: 29500, Score:   6.19, P_win: 0.81, Tran: 57.49, eps: 0.05, lr: 5.00e-05, pred:  3.84 min
~~~ Training Complete ~~~
~~~ Starting Training ~~~
Ep.:     0, Score:  -5.63, P_win: 0.06, Tran: 91.48, eps: 0.20, lr: 2.00e-04, pred: 4114.23 min
Ep.:   500, Score: -10.00, P_win: 0.01, Tran: 91.21, eps: 0.20, lr: 2.00e-04, pred: 219.00 min
Ep.:  1000, Score:  -9.50, P_win: 0.04, Tran: 88.64, eps: 0.19, lr: 2.00e-04, pred: 219.85 min
Ep.:  1500, Score:  -8.09, P_win: 0.07, Tran: 87.55, eps: 0.19, lr: 2.00e-04, pred: 219.72 min
Ep.:  2000, Score:  -6.97, P_win: 0.05, Tran: 79.25, eps: 0.18, lr: 2.00e-04, pred: 216.93 min
Ep.:  2500, Score:  -5.74, P_win: 0.13, Tran: 78.36, eps: 0.18, lr: 2.00e-04, pred: 213.60 min
Ep.:  3000, Score:  -4.97, P_win: 0.05, Tran: 87.66, eps: 0.17, lr: 2.00e-04, pred: 209.96 min
Ep.:  3500, Score:  -4.55, P_win: 0.15, Tran: 79.86, eps: 0.17, lr: 2.00e-04, pred: 205.99 min
Ep.:  4000, Score:  -4.80, P_win: 0.08, Tran: 87.38, eps: 0.16, lr: 2.00e-04, pred: 202.38 min
Ep.:  4500, Score:  -4.71, P_win: 0.18, Tran: 79.39, eps: 0.16, lr: 2.00e-04, pred: 198.56 min
Ep.:  5000, Score:  -4.77, P_win: 0.08, Tran: 87.48, eps: 0.16, lr: 2.00e-04, pred: 194.54 min
Ep.:  5500, Score:  -4.08, P_win: 0.11, Tran: 81.22, eps: 0.15, lr: 2.00e-04, pred: 190.75 min
Ep.:  6000, Score:  -4.47, P_win: 0.17, Tran: 80.41, eps: 0.15, lr: 2.00e-04, pred: 187.09 min
Ep.:  6500, Score:  -3.87, P_win: 0.22, Tran: 78.97, eps: 0.14, lr: 2.00e-04, pred: 183.26 min
Ep.:  7000, Score:  -3.68, P_win: 0.24, Tran: 76.21, eps: 0.14, lr: 2.00e-04, pred: 179.37 min
Ep.:  7500, Score:  -3.97, P_win: 0.10, Tran: 77.57, eps: 0.14, lr: 2.00e-04, pred: 175.47 min
Ep.:  8000, Score:  -3.63, P_win: 0.19, Tran: 76.84, eps: 0.13, lr: 2.00e-04, pred: 171.60 min
Ep.:  8500, Score:  -3.54, P_win: 0.14, Tran: 79.31, eps: 0.13, lr: 2.00e-04, pred: 167.77 min
Ep.:  9000, Score:  -3.05, P_win: 0.14, Tran: 82.55, eps: 0.13, lr: 2.00e-04, pred: 164.06 min
Ep.:  9500, Score:  -2.84, P_win: 0.27, Tran: 80.63, eps: 0.12, lr: 2.00e-04, pred: 160.27 min
Ep.: 10000, Score:  -2.99, P_win: 0.22, Tran: 85.24, eps: 0.12, lr: 2.00e-04, pred: 156.47 min
Ep.: 10500, Score:  -2.94, P_win: 0.26, Tran: 81.67, eps: 0.12, lr: 2.00e-04, pred: 152.74 min
Ep.: 11000, Score:  -2.40, P_win: 0.28, Tran: 82.42, eps: 0.12, lr: 2.00e-04, pred: 148.92 min
Ep.: 11500, Score:  -1.84, P_win: 0.25, Tran: 84.81, eps: 0.11, lr: 2.00e-04, pred: 145.07 min
Ep.: 12000, Score:  -2.10, P_win: 0.25, Tran: 80.91, eps: 0.11, lr: 2.00e-04, pred: 141.25 min
Ep.: 12500, Score:  -2.19, P_win: 0.17, Tran: 85.16, eps: 0.11, lr: 2.00e-04, pred: 137.42 min
Ep.: 13000, Score:  -2.46, P_win: 0.27, Tran: 77.78, eps: 0.10, lr: 2.00e-04, pred: 133.59 min
Ep.: 13500, Score:  -2.36, P_win: 0.15, Tran: 84.26, eps: 0.10, lr: 2.00e-04, pred: 129.72 min
Ep.: 14000, Score:  -3.30, P_win: 0.17, Tran: 80.21, eps: 0.10, lr: 2.00e-04, pred: 125.90 min
Ep.: 14500, Score:  -2.50, P_win: 0.10, Tran: 85.78, eps: 0.10, lr: 2.00e-04, pred: 122.08 min
Ep.: 15000, Score:  -2.93, P_win: 0.19, Tran: 80.79, eps: 0.09, lr: 2.00e-04, pred: 118.25 min
Ep.: 15500, Score:  -2.93, P_win: 0.12, Tran: 81.88, eps: 0.09, lr: 1.00e-04, pred: 114.27 min
Ep.: 16000, Score:  -2.42, P_win: 0.20, Tran: 84.83, eps: 0.09, lr: 1.00e-04, pred: 110.31 min
Ep.: 16500, Score:  -2.10, P_win: 0.19, Tran: 76.88, eps: 0.09, lr: 1.00e-04, pred: 106.34 min
Ep.: 17000, Score:  -1.63, P_win: 0.16, Tran: 82.54, eps: 0.09, lr: 1.00e-04, pred: 102.39 min
Ep.: 17500, Score:  -1.98, P_win: 0.20, Tran: 79.36, eps: 0.08, lr: 1.00e-04, pred: 98.44 min
Ep.: 18000, Score:  -1.65, P_win: 0.20, Tran: 78.91, eps: 0.08, lr: 1.00e-04, pred: 94.50 min
Ep.: 18500, Score:  -1.90, P_win: 0.17, Tran: 79.91, eps: 0.08, lr: 1.00e-04, pred: 90.53 min
Ep.: 19000, Score:  -2.00, P_win: 0.30, Tran: 77.54, eps: 0.08, lr: 1.00e-04, pred: 86.58 min
Ep.: 19500, Score:  -2.10, P_win: 0.34, Tran: 76.65, eps: 0.08, lr: 1.00e-04, pred: 82.62 min
Ep.: 20000, Score:  -1.30, P_win: 0.30, Tran: 81.21, eps: 0.07, lr: 1.00e-04, pred: 78.70 min
Ep.: 20500, Score:  -0.36, P_win: 0.39, Tran: 73.72, eps: 0.07, lr: 1.00e-04, pred: 74.75 min
Ep.: 21000, Score:  -0.79, P_win: 0.26, Tran: 77.23, eps: 0.07, lr: 1.00e-04, pred: 70.80 min
Ep.: 21500, Score:  -0.59, P_win: 0.34, Tran: 75.93, eps: 0.07, lr: 1.00e-04, pred: 66.84 min
Ep.: 22000, Score:  -0.60, P_win: 0.20, Tran: 84.81, eps: 0.07, lr: 1.00e-04, pred: 62.91 min
Ep.: 22500, Score:  -0.82, P_win: 0.24, Tran: 83.52, eps: 0.06, lr: 1.00e-04, pred: 58.97 min
Ep.: 23000, Score:  -1.49, P_win: 0.36, Tran: 77.21, eps: 0.06, lr: 1.00e-04, pred: 55.03 min
Ep.: 23500, Score:  -0.50, P_win: 0.33, Tran: 73.43, eps: 0.06, lr: 1.00e-04, pred: 51.09 min
Ep.: 24000, Score:  -1.58, P_win: 0.33, Tran: 75.87, eps: 0.06, lr: 1.00e-04, pred: 47.15 min
Ep.: 24500, Score:  -0.45, P_win: 0.31, Tran: 76.84, eps: 0.06, lr: 1.00e-04, pred: 43.22 min
Ep.: 25000, Score:  -0.84, P_win: 0.33, Tran: 77.15, eps: 0.06, lr: 1.00e-04, pred: 39.29 min
Ep.: 25500, Score:  -0.98, P_win: 0.38, Tran: 74.16, eps: 0.06, lr: 5.00e-05, pred: 35.35 min
Ep.: 26000, Score:   0.42, P_win: 0.45, Tran: 70.90, eps: 0.05, lr: 5.00e-05, pred: 31.41 min
Ep.: 26500, Score:   0.15, P_win: 0.36, Tran: 71.16, eps: 0.05, lr: 5.00e-05, pred: 27.47 min
Ep.: 27000, Score:  -0.00, P_win: 0.39, Tran: 73.75, eps: 0.05, lr: 5.00e-05, pred: 23.54 min
Ep.: 27500, Score:   0.21, P_win: 0.23, Tran: 74.71, eps: 0.05, lr: 5.00e-05, pred: 19.60 min
Ep.: 28000, Score:   0.13, P_win: 0.39, Tran: 69.66, eps: 0.05, lr: 5.00e-05, pred: 15.68 min
Ep.: 28500, Score:   0.66, P_win: 0.32, Tran: 73.71, eps: 0.05, lr: 5.00e-05, pred: 11.75 min
Ep.: 29000, Score:  -0.65, P_win: 0.41, Tran: 76.65, eps: 0.05, lr: 5.00e-05, pred:  7.83 min
Ep.: 29500, Score:  -0.35, P_win: 0.29, Tran: 78.39, eps: 0.05, lr: 5.00e-05, pred:  3.91 min
~~~ Training Complete ~~~
~~~ Starting Training ~~~
Ep.:     0, Score:  -4.13, P_win: 0.05, Tran: 88.28, eps: 0.20, lr: 2.00e-04, pred: 4029.87 min
Ep.:   500, Score:  -9.38, P_win: 0.05, Tran: 88.99, eps: 0.20, lr: 2.00e-04, pred: 215.67 min
Ep.:  1000, Score:  -9.40, P_win: 0.04, Tran: 85.88, eps: 0.19, lr: 2.00e-04, pred: 217.77 min
Ep.:  1500, Score: -12.18, P_win: 0.02, Tran: 88.03, eps: 0.19, lr: 2.00e-04, pred: 216.96 min
Ep.:  2000, Score: -11.91, P_win: 0.03, Tran: 88.12, eps: 0.18, lr: 2.00e-04, pred: 215.35 min
Ep.:  2500, Score: -11.06, P_win: 0.06, Tran: 88.64, eps: 0.18, lr: 2.00e-04, pred: 213.20 min
Ep.:  3000, Score: -10.26, P_win: 0.02, Tran: 92.00, eps: 0.17, lr: 2.00e-04, pred: 210.74 min
Ep.:  3500, Score:  -6.22, P_win: 0.03, Tran: 84.77, eps: 0.17, lr: 2.00e-04, pred: 207.66 min
Ep.:  4000, Score:  -6.58, P_win: 0.06, Tran: 85.54, eps: 0.16, lr: 2.00e-04, pred: 204.17 min
Ep.:  4500, Score:  -4.53, P_win: 0.15, Tran: 81.29, eps: 0.16, lr: 2.00e-04, pred: 200.37 min
Ep.:  5000, Score:  -5.10, P_win: 0.00, Tran: 90.39, eps: 0.16, lr: 2.00e-04, pred: 196.53 min
Ep.:  5500, Score:  -5.17, P_win: 0.15, Tran: 83.71, eps: 0.15, lr: 2.00e-04, pred: 192.58 min
Ep.:  6000, Score:  -4.98, P_win: 0.14, Tran: 79.28, eps: 0.15, lr: 2.00e-04, pred: 188.68 min
Ep.:  6500, Score:  -4.56, P_win: 0.08, Tran: 87.87, eps: 0.14, lr: 2.00e-04, pred: 184.93 min
Ep.:  7000, Score:  -5.19, P_win: 0.14, Tran: 78.58, eps: 0.14, lr: 2.00e-04, pred: 181.07 min
Ep.:  7500, Score:  -4.28, P_win: 0.10, Tran: 79.37, eps: 0.14, lr: 2.00e-04, pred: 177.17 min
Ep.:  8000, Score:  -5.17, P_win: 0.10, Tran: 81.05, eps: 0.13, lr: 2.00e-04, pred: 173.20 min
Ep.:  8500, Score:  -5.14, P_win: 0.05, Tran: 81.88, eps: 0.13, lr: 2.00e-04, pred: 169.30 min
Ep.:  9000, Score:  -4.64, P_win: 0.09, Tran: 82.19, eps: 0.13, lr: 2.00e-04, pred: 165.37 min
Ep.:  9500, Score:  -3.95, P_win: 0.20, Tran: 73.12, eps: 0.12, lr: 2.00e-04, pred: 161.35 min
Ep.: 10000, Score:  -4.32, P_win: 0.02, Tran: 83.96, eps: 0.12, lr: 2.00e-04, pred: 157.54 min
Ep.: 10500, Score:  -4.72, P_win: 0.12, Tran: 75.70, eps: 0.12, lr: 2.00e-04, pred: 153.72 min
Ep.: 11000, Score:  -4.75, P_win: 0.14, Tran: 75.14, eps: 0.12, lr: 2.00e-04, pred: 149.81 min
Ep.: 11500, Score:  -4.41, P_win: 0.12, Tran: 84.66, eps: 0.11, lr: 2.00e-04, pred: 145.98 min
Ep.: 12000, Score:  -3.69, P_win: 0.20, Tran: 77.42, eps: 0.11, lr: 2.00e-04, pred: 142.05 min
Ep.: 12500, Score:  -4.16, P_win: 0.15, Tran: 78.02, eps: 0.11, lr: 2.00e-04, pred: 138.16 min
Ep.: 13000, Score:  -3.54, P_win: 0.20, Tran: 79.04, eps: 0.10, lr: 2.00e-04, pred: 134.34 min
Ep.: 13500, Score:  -2.35, P_win: 0.26, Tran: 75.07, eps: 0.10, lr: 2.00e-04, pred: 130.39 min
Ep.: 14000, Score:  -2.98, P_win: 0.24, Tran: 73.23, eps: 0.10, lr: 2.00e-04, pred: 126.44 min
Ep.: 14500, Score:  -3.40, P_win: 0.12, Tran: 84.28, eps: 0.10, lr: 2.00e-04, pred: 122.61 min
Ep.: 15000, Score:  -3.04, P_win: 0.27, Tran: 71.91, eps: 0.09, lr: 2.00e-04, pred: 118.67 min
Ep.: 15500, Score:  -2.58, P_win: 0.28, Tran: 80.56, eps: 0.09, lr: 1.00e-04, pred: 114.68 min
Ep.: 16000, Score:  -1.91, P_win: 0.27, Tran: 82.20, eps: 0.09, lr: 1.00e-04, pred: 110.72 min
Ep.: 16500, Score:  -2.09, P_win: 0.24, Tran: 78.08, eps: 0.09, lr: 1.00e-04, pred: 106.74 min
Ep.: 17000, Score:  -2.12, P_win: 0.25, Tran: 77.92, eps: 0.09, lr: 1.00e-04, pred: 102.77 min
Ep.: 17500, Score:  -1.45, P_win: 0.17, Tran: 75.13, eps: 0.08, lr: 1.00e-04, pred: 98.78 min
Ep.: 18000, Score:  -0.97, P_win: 0.26, Tran: 78.99, eps: 0.08, lr: 1.00e-04, pred: 94.80 min
Ep.: 18500, Score:  -1.97, P_win: 0.22, Tran: 79.43, eps: 0.08, lr: 1.00e-04, pred: 90.84 min
Ep.: 19000, Score:  -1.13, P_win: 0.25, Tran: 85.41, eps: 0.08, lr: 1.00e-04, pred: 86.87 min
Ep.: 19500, Score:  -1.41, P_win: 0.19, Tran: 84.27, eps: 0.08, lr: 1.00e-04, pred: 82.92 min
Ep.: 20000, Score:  -1.27, P_win: 0.26, Tran: 81.42, eps: 0.07, lr: 1.00e-04, pred: 78.98 min
Ep.: 20500, Score:  -1.67, P_win: 0.25, Tran: 83.11, eps: 0.07, lr: 1.00e-04, pred: 75.02 min
Ep.: 21000, Score:  -1.42, P_win: 0.29, Tran: 81.63, eps: 0.07, lr: 1.00e-04, pred: 71.06 min
Ep.: 21500, Score:  -1.70, P_win: 0.24, Tran: 81.77, eps: 0.07, lr: 1.00e-04, pred: 67.12 min
Ep.: 22000, Score:  -1.51, P_win: 0.33, Tran: 78.38, eps: 0.07, lr: 1.00e-04, pred: 63.19 min
Ep.: 22500, Score:  -1.60, P_win: 0.19, Tran: 84.84, eps: 0.06, lr: 1.00e-04, pred: 59.25 min
Ep.: 23000, Score:  -1.09, P_win: 0.27, Tran: 79.95, eps: 0.06, lr: 1.00e-04, pred: 55.29 min
Ep.: 23500, Score:  -1.58, P_win: 0.27, Tran: 84.04, eps: 0.06, lr: 1.00e-04, pred: 51.36 min
Ep.: 24000, Score:  -1.58, P_win: 0.27, Tran: 79.11, eps: 0.06, lr: 1.00e-04, pred: 47.41 min
Ep.: 24500, Score:  -1.32, P_win: 0.24, Tran: 82.28, eps: 0.06, lr: 1.00e-04, pred: 43.46 min
Ep.: 25000, Score:  -1.53, P_win: 0.15, Tran: 78.01, eps: 0.06, lr: 1.00e-04, pred: 39.51 min
Ep.: 25500, Score:  -1.49, P_win: 0.27, Tran: 81.42, eps: 0.06, lr: 5.00e-05, pred: 35.54 min
Ep.: 26000, Score:  -1.16, P_win: 0.18, Tran: 84.93, eps: 0.05, lr: 5.00e-05, pred: 31.59 min
Ep.: 26500, Score:  -2.07, P_win: 0.12, Tran: 87.68, eps: 0.05, lr: 5.00e-05, pred: 27.64 min
Ep.: 27000, Score:  -1.99, P_win: 0.25, Tran: 77.57, eps: 0.05, lr: 5.00e-05, pred: 23.70 min
Ep.: 27500, Score:  -2.06, P_win: 0.09, Tran: 86.49, eps: 0.05, lr: 5.00e-05, pred: 19.75 min
Ep.: 28000, Score:  -1.34, P_win: 0.21, Tran: 82.14, eps: 0.05, lr: 5.00e-05, pred: 15.80 min
Ep.: 28500, Score:  -1.68, P_win: 0.28, Tran: 77.27, eps: 0.05, lr: 5.00e-05, pred: 11.84 min
Ep.: 29000, Score:  -0.67, P_win: 0.24, Tran: 80.37, eps: 0.05, lr: 5.00e-05, pred:  7.89 min
Ep.: 29500, Score:  -1.48, P_win: 0.12, Tran: 87.98, eps: 0.05, lr: 5.00e-05, pred:  3.94 min
~~~ Training Complete ~~~
DONE!
