~~~ Starting Training ~~~
Ep.:     0, Score: -13.16, P_win: 0.02, Tran: 89.50, eps: 0.20, lr: 2.00e-04, pred: 4992.85 min
Ep.:   500, Score:  -7.46, P_win: 0.07, Tran: 73.09, eps: 0.20, lr: 2.00e-04, pred: 200.22 min
Ep.:  1000, Score:  -5.34, P_win: 0.16, Tran: 73.43, eps: 0.19, lr: 2.00e-04, pred: 189.97 min
Ep.:  1500, Score:  -4.26, P_win: 0.16, Tran: 70.55, eps: 0.19, lr: 2.00e-04, pred: 183.79 min
Ep.:  2000, Score:  -3.35, P_win: 0.21, Tran: 81.58, eps: 0.18, lr: 2.00e-04, pred: 179.65 min
Ep.:  2500, Score:  -3.36, P_win: 0.17, Tran: 70.13, eps: 0.18, lr: 2.00e-04, pred: 174.25 min
Ep.:  3000, Score:  -1.87, P_win: 0.13, Tran: 89.70, eps: 0.17, lr: 2.00e-04, pred: 171.19 min
Ep.:  3500, Score:  -1.53, P_win: 0.35, Tran: 80.96, eps: 0.17, lr: 2.00e-04, pred: 168.17 min
Ep.:  4000, Score:  -0.56, P_win: 0.23, Tran: 84.39, eps: 0.16, lr: 2.00e-04, pred: 164.71 min
Ep.:  4500, Score:   0.94, P_win: 0.52, Tran: 75.10, eps: 0.16, lr: 2.00e-04, pred: 161.23 min
Ep.:  5000, Score:   3.16, P_win: 0.67, Tran: 71.07, eps: 0.16, lr: 2.00e-04, pred: 157.70 min
Ep.:  5500, Score:   4.32, P_win: 0.72, Tran: 64.28, eps: 0.15, lr: 2.00e-04, pred: 154.34 min
Ep.:  6000, Score:   5.22, P_win: 0.56, Tran: 77.43, eps: 0.15, lr: 2.00e-04, pred: 151.23 min
Ep.:  6500, Score:   5.46, P_win: 0.84, Tran: 61.41, eps: 0.14, lr: 2.00e-04, pred: 148.33 min
Ep.:  7000, Score:   5.65, P_win: 0.90, Tran: 55.51, eps: 0.14, lr: 2.00e-04, pred: 145.56 min
Ep.:  7500, Score:   6.15, P_win: 0.80, Tran: 61.33, eps: 0.14, lr: 2.00e-04, pred: 142.95 min
Ep.:  8000, Score:   5.14, P_win: 0.88, Tran: 61.79, eps: 0.13, lr: 2.00e-04, pred: 140.36 min
Ep.:  8500, Score:   6.66, P_win: 0.82, Tran: 60.63, eps: 0.13, lr: 2.00e-04, pred: 137.74 min
Ep.:  9000, Score:   6.80, P_win: 0.86, Tran: 58.81, eps: 0.13, lr: 2.00e-04, pred: 134.91 min
Ep.:  9500, Score:   6.27, P_win: 0.76, Tran: 71.52, eps: 0.12, lr: 2.00e-04, pred: 132.03 min
Ep.: 10000, Score:   5.98, P_win: 0.95, Tran: 54.85, eps: 0.12, lr: 2.00e-04, pred: 129.20 min
Ep.: 10500, Score:   6.52, P_win: 0.90, Tran: 54.12, eps: 0.12, lr: 2.00e-04, pred: 126.37 min
Ep.: 11000, Score:   7.79, P_win: 0.99, Tran: 51.14, eps: 0.12, lr: 2.00e-04, pred: 123.43 min
Ep.: 11500, Score:   7.49, P_win: 0.96, Tran: 55.26, eps: 0.11, lr: 2.00e-04, pred: 120.37 min
Ep.: 12000, Score:   7.76, P_win: 0.93, Tran: 54.42, eps: 0.11, lr: 2.00e-04, pred: 117.25 min
Ep.: 12500, Score:   6.62, P_win: 0.85, Tran: 58.45, eps: 0.11, lr: 2.00e-04, pred: 114.18 min
Ep.: 13000, Score:   6.68, P_win: 0.84, Tran: 57.91, eps: 0.10, lr: 2.00e-04, pred: 111.04 min
Ep.: 13500, Score:   7.02, P_win: 0.99, Tran: 51.48, eps: 0.10, lr: 2.00e-04, pred: 107.99 min
Ep.: 14000, Score:   8.14, P_win: 0.98, Tran: 52.44, eps: 0.10, lr: 2.00e-04, pred: 104.99 min
Ep.: 14500, Score:   8.12, P_win: 0.92, Tran: 53.84, eps: 0.10, lr: 2.00e-04, pred: 101.85 min
Ep.: 15000, Score:   7.02, P_win: 0.90, Tran: 56.07, eps: 0.09, lr: 2.00e-04, pred: 98.72 min
Ep.: 15500, Score:   7.84, P_win: 0.99, Tran: 52.35, eps: 0.09, lr: 1.00e-04, pred: 94.97 min
Ep.: 16000, Score:   7.84, P_win: 0.87, Tran: 56.43, eps: 0.09, lr: 1.00e-04, pred: 91.26 min
Ep.: 16500, Score:   8.70, P_win: 1.00, Tran: 51.91, eps: 0.09, lr: 1.00e-04, pred: 87.56 min
Ep.: 17000, Score:   8.63, P_win: 0.91, Tran: 54.26, eps: 0.09, lr: 1.00e-04, pred: 83.92 min
Ep.: 17500, Score:   8.64, P_win: 1.00, Tran: 49.70, eps: 0.08, lr: 1.00e-04, pred: 80.35 min
Ep.: 18000, Score:   8.93, P_win: 0.98, Tran: 51.18, eps: 0.08, lr: 1.00e-04, pred: 76.83 min
Ep.: 18500, Score:   8.60, P_win: 1.00, Tran: 49.33, eps: 0.08, lr: 1.00e-04, pred: 73.36 min
Ep.: 19000, Score:   8.62, P_win: 0.97, Tran: 50.55, eps: 0.08, lr: 1.00e-04, pred: 69.90 min
Ep.: 19500, Score:   8.90, P_win: 0.94, Tran: 52.70, eps: 0.08, lr: 1.00e-04, pred: 66.46 min
Ep.: 20000, Score:   8.39, P_win: 0.96, Tran: 48.94, eps: 0.07, lr: 1.00e-04, pred: 63.07 min
Ep.: 20500, Score:   6.05, P_win: 0.78, Tran: 54.08, eps: 0.07, lr: 1.00e-04, pred: 59.74 min
Ep.: 21000, Score:   7.86, P_win: 0.96, Tran: 52.79, eps: 0.07, lr: 1.00e-04, pred: 56.43 min
Ep.: 21500, Score:   8.87, P_win: 0.98, Tran: 49.12, eps: 0.07, lr: 1.00e-04, pred: 53.15 min
Ep.: 22000, Score:   8.76, P_win: 0.97, Tran: 51.34, eps: 0.07, lr: 1.00e-04, pred: 49.87 min
Ep.: 22500, Score:   8.96, P_win: 0.97, Tran: 51.82, eps: 0.06, lr: 1.00e-04, pred: 46.63 min
Ep.: 23000, Score:   8.97, P_win: 0.99, Tran: 51.59, eps: 0.06, lr: 1.00e-04, pred: 43.40 min
Ep.: 23500, Score:   9.06, P_win: 1.00, Tran: 50.47, eps: 0.06, lr: 1.00e-04, pred: 40.20 min
Ep.: 24000, Score:   8.95, P_win: 1.00, Tran: 48.97, eps: 0.06, lr: 1.00e-04, pred: 37.02 min
Ep.: 24500, Score:   9.38, P_win: 1.00, Tran: 49.41, eps: 0.06, lr: 1.00e-04, pred: 33.85 min
Ep.: 25000, Score:   8.53, P_win: 0.99, Tran: 48.63, eps: 0.06, lr: 1.00e-04, pred: 30.71 min
Ep.: 25500, Score:   9.22, P_win: 0.94, Tran: 51.35, eps: 0.06, lr: 5.00e-05, pred: 27.57 min
Ep.: 26000, Score:   8.83, P_win: 0.98, Tran: 47.92, eps: 0.05, lr: 5.00e-05, pred: 24.44 min
Ep.: 26500, Score:   9.21, P_win: 0.98, Tran: 48.22, eps: 0.05, lr: 5.00e-05, pred: 21.34 min
Ep.: 27000, Score:   9.32, P_win: 1.00, Tran: 48.61, eps: 0.05, lr: 5.00e-05, pred: 18.24 min
Ep.: 27500, Score:   9.55, P_win: 1.00, Tran: 48.05, eps: 0.05, lr: 5.00e-05, pred: 15.17 min
Ep.: 28000, Score:   9.40, P_win: 0.98, Tran: 48.46, eps: 0.05, lr: 5.00e-05, pred: 12.11 min
Ep.: 28500, Score:   9.34, P_win: 0.99, Tran: 49.16, eps: 0.05, lr: 5.00e-05, pred:  9.06 min
Ep.: 29000, Score:   9.47, P_win: 0.99, Tran: 49.32, eps: 0.05, lr: 5.00e-05, pred:  6.03 min
Ep.: 29500, Score:   9.45, P_win: 1.00, Tran: 47.46, eps: 0.05, lr: 5.00e-05, pred:  3.01 min
~~~ Training Complete ~~~
DONE!
