~~~ Starting Training ~~~
Ep.:     0, Score: -11.15, P_win: 0.05, Tran: 78.93, eps: 0.20, lr: 2.00e-04, pred: 29974.06 min
Ep.:   500, Score:  -7.27, P_win: 0.12, Tran: 64.47, eps: 0.20, lr: 2.00e-04, pred: 2086.57 min
Ep.:  1000, Score:  -5.66, P_win: 0.10, Tran: 78.03, eps: 0.19, lr: 2.00e-04, pred: 2044.09 min
Ep.:  1500, Score:  -4.85, P_win: 0.11, Tran: 74.16, eps: 0.19, lr: 2.00e-04, pred: 2022.03 min
Ep.:  2000, Score:  -5.25, P_win: 0.13, Tran: 79.42, eps: 0.18, lr: 2.00e-04, pred: 1999.14 min
Ep.:  2500, Score:  -4.87, P_win: 0.21, Tran: 73.58, eps: 0.18, lr: 2.00e-04, pred: 1972.57 min
Ep.:  3000, Score:  -3.59, P_win: 0.16, Tran: 79.11, eps: 0.17, lr: 2.00e-04, pred: 1955.83 min
Ep.:  3500, Score:  -2.97, P_win: 0.20, Tran: 80.41, eps: 0.17, lr: 2.00e-04, pred: 1937.72 min
Ep.:  4000, Score:  -3.30, P_win: 0.18, Tran: 75.61, eps: 0.16, lr: 2.00e-04, pred: 1919.69 min
Ep.:  4500, Score:  -3.52, P_win: 0.20, Tran: 79.58, eps: 0.16, lr: 2.00e-04, pred: 1904.41 min
Ep.:  5000, Score:  -2.13, P_win: 0.31, Tran: 77.77, eps: 0.16, lr: 2.00e-04, pred: 1891.51 min
Ep.:  5500, Score:  -2.87, P_win: 0.32, Tran: 73.97, eps: 0.15, lr: 2.00e-04, pred: 1879.99 min
Ep.:  6000, Score:  -1.52, P_win: 0.30, Tran: 74.92, eps: 0.15, lr: 2.00e-04, pred: 1865.01 min
Ep.:  6500, Score:  -1.59, P_win: 0.35, Tran: 74.30, eps: 0.14, lr: 2.00e-04, pred: 1856.13 min
Ep.:  7000, Score:  -0.76, P_win: 0.44, Tran: 71.61, eps: 0.14, lr: 2.00e-04, pred: 1847.23 min
Ep.:  7500, Score:  -0.81, P_win: 0.32, Tran: 80.57, eps: 0.14, lr: 2.00e-04, pred: 1842.38 min
Ep.:  8000, Score:  -0.22, P_win: 0.47, Tran: 68.47, eps: 0.13, lr: 2.00e-04, pred: 1834.83 min
Ep.:  8500, Score:  -0.05, P_win: 0.39, Tran: 72.73, eps: 0.13, lr: 2.00e-04, pred: 1827.93 min
Ep.:  9000, Score:   0.02, P_win: 0.45, Tran: 74.11, eps: 0.13, lr: 2.00e-04, pred: 1821.20 min
Ep.:  9500, Score:   0.77, P_win: 0.43, Tran: 74.10, eps: 0.12, lr: 2.00e-04, pred: 1812.55 min
Ep.: 10000, Score:   1.27, P_win: 0.48, Tran: 69.97, eps: 0.12, lr: 2.00e-04, pred: 1802.40 min
Ep.: 10500, Score:   1.00, P_win: 0.54, Tran: 69.03, eps: 0.12, lr: 2.00e-04, pred: 1792.22 min
Ep.: 11000, Score:   0.89, P_win: 0.42, Tran: 75.06, eps: 0.12, lr: 2.00e-04, pred: 1783.25 min
Ep.: 11500, Score:   1.00, P_win: 0.49, Tran: 70.54, eps: 0.11, lr: 2.00e-04, pred: 1773.84 min
Ep.: 12000, Score:   1.51, P_win: 0.50, Tran: 66.21, eps: 0.11, lr: 2.00e-04, pred: 1764.28 min
Ep.: 12500, Score:   1.49, P_win: 0.48, Tran: 72.82, eps: 0.11, lr: 2.00e-04, pred: 1754.26 min
Ep.: 13000, Score:   2.07, P_win: 0.46, Tran: 71.66, eps: 0.10, lr: 2.00e-04, pred: 1743.62 min
Ep.: 13500, Score:   2.09, P_win: 0.50, Tran: 68.62, eps: 0.10, lr: 2.00e-04, pred: 1733.59 min
Ep.: 14000, Score:   2.20, P_win: 0.52, Tran: 68.70, eps: 0.10, lr: 2.00e-04, pred: 1722.45 min
Ep.: 14500, Score:   2.64, P_win: 0.54, Tran: 68.30, eps: 0.10, lr: 2.00e-04, pred: 1711.36 min
Ep.: 15000, Score:   2.76, P_win: 0.57, Tran: 68.38, eps: 0.09, lr: 2.00e-04, pred: 1700.53 min
Ep.: 15500, Score:   2.91, P_win: 0.55, Tran: 66.79, eps: 0.09, lr: 2.00e-04, pred: 1689.75 min
Ep.: 16000, Score:   2.61, P_win: 0.51, Tran: 69.58, eps: 0.09, lr: 2.00e-04, pred: 1678.49 min
Ep.: 16500, Score:   2.85, P_win: 0.49, Tran: 69.85, eps: 0.09, lr: 2.00e-04, pred: 1669.35 min
Ep.: 17000, Score:   2.83, P_win: 0.56, Tran: 68.38, eps: 0.09, lr: 2.00e-04, pred: 1664.42 min
Ep.: 17500, Score:   2.92, P_win: 0.65, Tran: 62.89, eps: 0.08, lr: 2.00e-04, pred: 1658.48 min
Ep.: 18000, Score:   2.50, P_win: 0.64, Tran: 64.90, eps: 0.08, lr: 2.00e-04, pred: 1653.08 min
Ep.: 18500, Score:   3.39, P_win: 0.60, Tran: 63.42, eps: 0.08, lr: 2.00e-04, pred: 1646.69 min
Ep.: 19000, Score:   3.34, P_win: 0.64, Tran: 61.95, eps: 0.08, lr: 2.00e-04, pred: 1634.23 min
Ep.: 19500, Score:   3.16, P_win: 0.67, Tran: 61.89, eps: 0.08, lr: 2.00e-04, pred: 1622.12 min
Ep.: 20000, Score:   4.02, P_win: 0.59, Tran: 63.15, eps: 0.07, lr: 2.00e-04, pred: 1609.96 min
Ep.: 20500, Score:   3.39, P_win: 0.59, Tran: 66.75, eps: 0.07, lr: 2.00e-04, pred: 1597.62 min
Ep.: 21000, Score:   3.53, P_win: 0.61, Tran: 64.42, eps: 0.07, lr: 2.00e-04, pred: 1585.72 min
Ep.: 21500, Score:   3.42, P_win: 0.64, Tran: 65.67, eps: 0.07, lr: 2.00e-04, pred: 1573.94 min
Ep.: 22000, Score:   3.20, P_win: 0.70, Tran: 60.30, eps: 0.07, lr: 2.00e-04, pred: 1562.05 min
Ep.: 22500, Score:   3.23, P_win: 0.62, Tran: 65.80, eps: 0.06, lr: 2.00e-04, pred: 1550.74 min
Ep.: 23000, Score:   3.24, P_win: 0.62, Tran: 63.91, eps: 0.06, lr: 2.00e-04, pred: 1539.05 min
Ep.: 23500, Score:   3.01, P_win: 0.56, Tran: 69.24, eps: 0.06, lr: 2.00e-04, pred: 1527.33 min
Ep.: 24000, Score:   3.06, P_win: 0.64, Tran: 62.77, eps: 0.06, lr: 2.00e-04, pred: 1515.23 min
Ep.: 24500, Score:   3.93, P_win: 0.61, Tran: 64.02, eps: 0.06, lr: 2.00e-04, pred: 1503.28 min
Ep.: 25000, Score:   3.23, P_win: 0.64, Tran: 66.00, eps: 0.06, lr: 2.00e-04, pred: 1491.37 min
Ep.: 25500, Score:   3.62, P_win: 0.73, Tran: 61.72, eps: 0.06, lr: 2.00e-04, pred: 1479.61 min
Ep.: 26000, Score:   3.64, P_win: 0.53, Tran: 67.83, eps: 0.05, lr: 2.00e-04, pred: 1468.06 min
Ep.: 26500, Score:   3.35, P_win: 0.60, Tran: 64.52, eps: 0.05, lr: 2.00e-04, pred: 1455.87 min
Ep.: 27000, Score:   3.76, P_win: 0.61, Tran: 64.02, eps: 0.05, lr: 2.00e-04, pred: 1444.05 min
Ep.: 27500, Score:   3.91, P_win: 0.63, Tran: 64.85, eps: 0.05, lr: 2.00e-04, pred: 1432.28 min
Ep.: 28000, Score:   3.87, P_win: 0.56, Tran: 66.97, eps: 0.05, lr: 2.00e-04, pred: 1420.66 min
Ep.: 28500, Score:   3.46, P_win: 0.53, Tran: 69.50, eps: 0.05, lr: 2.00e-04, pred: 1409.29 min
Ep.: 29000, Score:   4.20, P_win: 0.62, Tran: 64.89, eps: 0.05, lr: 2.00e-04, pred: 1397.40 min
Ep.: 29500, Score:   3.91, P_win: 0.68, Tran: 60.83, eps: 0.05, lr: 2.00e-04, pred: 1385.85 min
Ep.: 30000, Score:   3.97, P_win: 0.64, Tran: 67.04, eps: 0.04, lr: 2.00e-04, pred: 1374.55 min
Ep.: 30500, Score:   3.51, P_win: 0.65, Tran: 62.56, eps: 0.04, lr: 2.00e-04, pred: 1363.37 min
Ep.: 31000, Score:   3.67, P_win: 0.64, Tran: 66.91, eps: 0.04, lr: 2.00e-04, pred: 1352.17 min
Ep.: 31500, Score:   4.15, P_win: 0.58, Tran: 66.86, eps: 0.04, lr: 2.00e-04, pred: 1341.05 min
Ep.: 32000, Score:   3.90, P_win: 0.61, Tran: 67.96, eps: 0.04, lr: 2.00e-04, pred: 1329.84 min
Ep.: 32500, Score:   4.30, P_win: 0.74, Tran: 55.61, eps: 0.04, lr: 2.00e-04, pred: 1318.60 min
Ep.: 33000, Score:   4.06, P_win: 0.59, Tran: 63.92, eps: 0.04, lr: 2.00e-04, pred: 1307.45 min
Ep.: 33500, Score:   4.57, P_win: 0.59, Tran: 66.61, eps: 0.04, lr: 2.00e-04, pred: 1296.31 min
Ep.: 34000, Score:   4.37, P_win: 0.71, Tran: 59.55, eps: 0.04, lr: 2.00e-04, pred: 1285.06 min
Ep.: 34500, Score:   4.12, P_win: 0.71, Tran: 64.59, eps: 0.04, lr: 2.00e-04, pred: 1274.07 min
Ep.: 35000, Score:   4.57, P_win: 0.66, Tran: 60.23, eps: 0.03, lr: 2.00e-04, pred: 1262.66 min
Ep.: 35500, Score:   4.65, P_win: 0.48, Tran: 72.55, eps: 0.03, lr: 2.00e-04, pred: 1251.57 min
Ep.: 36000, Score:   4.11, P_win: 0.55, Tran: 68.51, eps: 0.03, lr: 2.00e-04, pred: 1240.66 min
Ep.: 36500, Score:   3.65, P_win: 0.63, Tran: 66.86, eps: 0.03, lr: 2.00e-04, pred: 1229.67 min
Ep.: 37000, Score:   3.65, P_win: 0.63, Tran: 65.76, eps: 0.03, lr: 2.00e-04, pred: 1218.66 min
Ep.: 37500, Score:   4.18, P_win: 0.58, Tran: 67.49, eps: 0.03, lr: 2.00e-04, pred: 1207.52 min
Ep.: 38000, Score:   3.57, P_win: 0.61, Tran: 62.81, eps: 0.03, lr: 2.00e-04, pred: 1196.38 min
Ep.: 38500, Score:   4.06, P_win: 0.62, Tran: 67.45, eps: 0.03, lr: 2.00e-04, pred: 1185.51 min
Ep.: 39000, Score:   3.84, P_win: 0.63, Tran: 64.92, eps: 0.03, lr: 2.00e-04, pred: 1174.58 min
Ep.: 39500, Score:   4.42, P_win: 0.64, Tran: 65.09, eps: 0.03, lr: 2.00e-04, pred: 1163.55 min
Ep.: 40000, Score:   3.29, P_win: 0.63, Tran: 60.03, eps: 0.03, lr: 2.00e-04, pred: 1152.46 min
Ep.: 40500, Score:   4.33, P_win: 0.54, Tran: 68.38, eps: 0.03, lr: 2.00e-04, pred: 1141.24 min
Ep.: 41000, Score:   4.28, P_win: 0.63, Tran: 67.57, eps: 0.03, lr: 2.00e-04, pred: 1130.11 min
Ep.: 41500, Score:   4.52, P_win: 0.70, Tran: 64.22, eps: 0.03, lr: 2.00e-04, pred: 1118.99 min
Ep.: 42000, Score:   4.26, P_win: 0.65, Tran: 63.42, eps: 0.02, lr: 2.00e-04, pred: 1107.76 min
Ep.: 42500, Score:   3.96, P_win: 0.72, Tran: 63.00, eps: 0.02, lr: 2.00e-04, pred: 1096.38 min
Ep.: 43000, Score:   4.30, P_win: 0.60, Tran: 65.71, eps: 0.02, lr: 2.00e-04, pred: 1084.97 min
Ep.: 43500, Score:   3.88, P_win: 0.64, Tran: 62.90, eps: 0.02, lr: 2.00e-04, pred: 1073.72 min
Ep.: 44000, Score:   4.56, P_win: 0.76, Tran: 59.17, eps: 0.02, lr: 2.00e-04, pred: 1062.55 min
Ep.: 44500, Score:   4.10, P_win: 0.70, Tran: 60.27, eps: 0.02, lr: 2.00e-04, pred: 1051.12 min
Ep.: 45000, Score:   4.30, P_win: 0.68, Tran: 62.53, eps: 0.02, lr: 2.00e-04, pred: 1039.93 min
Ep.: 45500, Score:   4.80, P_win: 0.75, Tran: 61.04, eps: 0.02, lr: 2.00e-04, pred: 1028.48 min
Ep.: 46000, Score:   4.54, P_win: 0.68, Tran: 63.21, eps: 0.02, lr: 2.00e-04, pred: 1017.18 min
Ep.: 46500, Score:   4.45, P_win: 0.69, Tran: 61.23, eps: 0.02, lr: 2.00e-04, pred: 1005.92 min
Ep.: 47000, Score:   4.27, P_win: 0.61, Tran: 65.97, eps: 0.02, lr: 2.00e-04, pred: 994.55 min
Ep.: 47500, Score:   4.54, P_win: 0.65, Tran: 62.52, eps: 0.02, lr: 2.00e-04, pred: 983.22 min
Ep.: 48000, Score:   4.82, P_win: 0.60, Tran: 63.89, eps: 0.02, lr: 2.00e-04, pred: 971.88 min
Ep.: 48500, Score:   4.40, P_win: 0.69, Tran: 62.84, eps: 0.02, lr: 2.00e-04, pred: 960.62 min
Ep.: 49000, Score:   4.95, P_win: 0.58, Tran: 66.01, eps: 0.02, lr: 2.00e-04, pred: 949.37 min
Ep.: 49500, Score:   4.41, P_win: 0.55, Tran: 62.24, eps: 0.02, lr: 2.00e-04, pred: 938.01 min
Ep.: 50000, Score:   4.40, P_win: 0.49, Tran: 65.79, eps: 0.02, lr: 2.00e-04, pred: 926.61 min
Ep.: 50500, Score:   4.48, P_win: 0.73, Tran: 58.82, eps: 0.02, lr: 2.00e-04, pred: 915.34 min
Ep.: 51000, Score:   4.28, P_win: 0.68, Tran: 63.39, eps: 0.02, lr: 2.00e-04, pred: 904.03 min
Ep.: 51500, Score:   4.65, P_win: 0.70, Tran: 60.35, eps: 0.02, lr: 2.00e-04, pred: 892.81 min
Ep.: 52000, Score:   4.91, P_win: 0.62, Tran: 62.67, eps: 0.01, lr: 2.00e-04, pred: 881.58 min
Ep.: 52500, Score:   4.45, P_win: 0.60, Tran: 65.64, eps: 0.01, lr: 2.00e-04, pred: 870.39 min
Ep.: 53000, Score:   5.57, P_win: 0.65, Tran: 65.04, eps: 0.01, lr: 2.00e-04, pred: 859.18 min
Ep.: 53500, Score:   5.25, P_win: 0.69, Tran: 64.48, eps: 0.01, lr: 2.00e-04, pred: 848.00 min
Ep.: 54000, Score:   4.26, P_win: 0.55, Tran: 67.69, eps: 0.01, lr: 2.00e-04, pred: 836.74 min
Ep.: 54500, Score:   4.73, P_win: 0.68, Tran: 64.87, eps: 0.01, lr: 2.00e-04, pred: 825.44 min
Ep.: 55000, Score:   5.26, P_win: 0.66, Tran: 60.58, eps: 0.01, lr: 2.00e-04, pred: 814.06 min
Ep.: 55500, Score:   4.42, P_win: 0.61, Tran: 66.25, eps: 0.01, lr: 2.00e-04, pred: 802.70 min
Ep.: 56000, Score:   4.82, P_win: 0.55, Tran: 67.74, eps: 0.01, lr: 2.00e-04, pred: 791.38 min
Ep.: 56500, Score:   5.24, P_win: 0.62, Tran: 66.18, eps: 0.01, lr: 2.00e-04, pred: 780.13 min
Ep.: 57000, Score:   4.62, P_win: 0.68, Tran: 62.80, eps: 0.01, lr: 2.00e-04, pred: 768.90 min
Ep.: 57500, Score:   4.73, P_win: 0.70, Tran: 63.83, eps: 0.01, lr: 2.00e-04, pred: 757.61 min
Ep.: 58000, Score:   4.40, P_win: 0.61, Tran: 64.43, eps: 0.01, lr: 2.00e-04, pred: 746.25 min
Ep.: 58500, Score:   3.56, P_win: 0.67, Tran: 59.53, eps: 0.01, lr: 2.00e-04, pred: 734.96 min
Ep.: 59000, Score:   5.04, P_win: 0.56, Tran: 69.09, eps: 0.01, lr: 2.00e-04, pred: 723.62 min
Ep.: 59500, Score:   4.79, P_win: 0.65, Tran: 63.71, eps: 0.01, lr: 2.00e-04, pred: 712.19 min
Ep.: 60000, Score:   4.34, P_win: 0.68, Tran: 63.89, eps: 0.01, lr: 2.00e-04, pred: 700.93 min
Ep.: 60500, Score:   4.63, P_win: 0.68, Tran: 64.23, eps: 0.01, lr: 2.00e-04, pred: 689.55 min
Ep.: 61000, Score:   4.80, P_win: 0.57, Tran: 65.22, eps: 0.01, lr: 2.00e-04, pred: 678.20 min
Ep.: 61500, Score:   4.37, P_win: 0.62, Tran: 63.08, eps: 0.01, lr: 2.00e-04, pred: 666.81 min
Ep.: 62000, Score:   4.84, P_win: 0.72, Tran: 63.33, eps: 0.01, lr: 2.00e-04, pred: 655.37 min
Ep.: 62500, Score:   5.16, P_win: 0.64, Tran: 61.31, eps: 0.01, lr: 2.00e-04, pred: 643.95 min
Ep.: 63000, Score:   4.12, P_win: 0.66, Tran: 62.26, eps: 0.01, lr: 2.00e-04, pred: 632.60 min
Ep.: 63500, Score:   5.07, P_win: 0.70, Tran: 62.36, eps: 0.01, lr: 2.00e-04, pred: 621.13 min
Ep.: 64000, Score:   5.37, P_win: 0.71, Tran: 62.66, eps: 0.01, lr: 2.00e-04, pred: 609.61 min
Ep.: 64500, Score:   4.21, P_win: 0.66, Tran: 65.80, eps: 0.01, lr: 2.00e-04, pred: 598.20 min
Ep.: 65000, Score:   4.72, P_win: 0.69, Tran: 60.10, eps: 0.01, lr: 2.00e-04, pred: 586.81 min
Ep.: 65500, Score:   4.40, P_win: 0.63, Tran: 63.74, eps: 0.01, lr: 2.00e-04, pred: 575.42 min
Ep.: 66000, Score:   4.56, P_win: 0.68, Tran: 63.59, eps: 0.01, lr: 2.00e-04, pred: 563.89 min
Ep.: 66500, Score:   4.93, P_win: 0.68, Tran: 65.96, eps: 0.01, lr: 2.00e-04, pred: 552.39 min
Ep.: 67000, Score:   5.33, P_win: 0.66, Tran: 62.13, eps: 0.01, lr: 2.00e-04, pred: 540.82 min
Ep.: 67500, Score:   4.86, P_win: 0.66, Tran: 61.50, eps: 0.01, lr: 2.00e-04, pred: 529.24 min
Ep.: 68000, Score:   4.61, P_win: 0.69, Tran: 61.53, eps: 0.01, lr: 2.00e-04, pred: 517.76 min
Ep.: 68500, Score:   4.60, P_win: 0.69, Tran: 60.87, eps: 0.01, lr: 2.00e-04, pred: 506.24 min
Ep.: 69000, Score:   4.22, P_win: 0.68, Tran: 62.68, eps: 0.01, lr: 2.00e-04, pred: 494.63 min
Ep.: 69500, Score:   4.90, P_win: 0.59, Tran: 66.81, eps: 0.01, lr: 2.00e-04, pred: 483.08 min
Ep.: 70000, Score:   5.20, P_win: 0.59, Tran: 70.72, eps: 0.01, lr: 2.00e-04, pred: 471.52 min
Ep.: 70500, Score:   4.37, P_win: 0.66, Tran: 65.28, eps: 0.01, lr: 2.00e-04, pred: 459.94 min
Ep.: 71000, Score:   5.19, P_win: 0.68, Tran: 64.83, eps: 0.01, lr: 2.00e-04, pred: 448.32 min
Ep.: 71500, Score:   5.33, P_win: 0.62, Tran: 65.72, eps: 0.01, lr: 2.00e-04, pred: 436.70 min
Ep.: 72000, Score:   5.29, P_win: 0.65, Tran: 65.27, eps: 0.01, lr: 2.00e-04, pred: 425.08 min
Ep.: 72500, Score:   5.95, P_win: 0.60, Tran: 64.32, eps: 0.01, lr: 2.00e-04, pred: 413.48 min
Ep.: 73000, Score:   4.88, P_win: 0.71, Tran: 58.06, eps: 0.01, lr: 2.00e-04, pred: 401.83 min
Ep.: 73500, Score:   5.00, P_win: 0.74, Tran: 59.93, eps: 0.01, lr: 2.00e-04, pred: 390.19 min
Ep.: 74000, Score:   4.69, P_win: 0.68, Tran: 60.81, eps: 0.00, lr: 2.00e-04, pred: 378.56 min
Ep.: 74500, Score:   4.97, P_win: 0.63, Tran: 64.14, eps: 0.00, lr: 2.00e-04, pred: 366.89 min
Ep.: 75000, Score:   5.11, P_win: 0.70, Tran: 62.92, eps: 0.00, lr: 2.00e-04, pred: 355.23 min
Ep.: 75500, Score:   4.72, P_win: 0.65, Tran: 62.80, eps: 0.00, lr: 1.00e-04, pred: 343.13 min
Ep.: 76000, Score:   5.19, P_win: 0.68, Tran: 64.17, eps: 0.00, lr: 1.00e-04, pred: 331.03 min
Ep.: 76500, Score:   5.09, P_win: 0.63, Tran: 64.75, eps: 0.00, lr: 1.00e-04, pred: 318.98 min
Ep.: 77000, Score:   5.47, P_win: 0.64, Tran: 64.88, eps: 0.00, lr: 1.00e-04, pred: 307.07 min
Ep.: 77500, Score:   5.63, P_win: 0.62, Tran: 69.68, eps: 0.00, lr: 1.00e-04, pred: 295.30 min
Ep.: 78000, Score:   5.27, P_win: 0.78, Tran: 59.40, eps: 0.00, lr: 1.00e-04, pred: 283.52 min
Ep.: 78500, Score:   5.09, P_win: 0.74, Tran: 63.87, eps: 0.00, lr: 1.00e-04, pred: 271.75 min
Ep.: 79000, Score:   5.49, P_win: 0.69, Tran: 62.29, eps: 0.00, lr: 1.00e-04, pred: 259.98 min
Ep.: 79500, Score:   4.99, P_win: 0.75, Tran: 62.95, eps: 0.00, lr: 1.00e-04, pred: 248.03 min
Ep.: 80000, Score:   5.51, P_win: 0.71, Tran: 60.02, eps: 0.00, lr: 1.00e-04, pred: 236.06 min
Ep.: 80500, Score:   5.06, P_win: 0.66, Tran: 61.80, eps: 0.00, lr: 5.00e-05, pred: 224.08 min
Ep.: 81000, Score:   5.84, P_win: 0.74, Tran: 60.79, eps: 0.00, lr: 5.00e-05, pred: 212.15 min
Ep.: 81500, Score:   5.86, P_win: 0.74, Tran: 61.69, eps: 0.00, lr: 5.00e-05, pred: 200.22 min
Ep.: 82000, Score:   5.93, P_win: 0.72, Tran: 59.71, eps: 0.00, lr: 5.00e-05, pred: 188.32 min
Ep.: 82500, Score:   5.77, P_win: 0.78, Tran: 58.47, eps: 0.00, lr: 5.00e-05, pred: 176.43 min
Ep.: 83000, Score:   6.39, P_win: 0.84, Tran: 55.37, eps: 0.00, lr: 5.00e-05, pred: 164.56 min
Ep.: 83500, Score:   6.12, P_win: 0.77, Tran: 57.68, eps: 0.00, lr: 5.00e-05, pred: 152.70 min
Ep.: 84000, Score:   5.35, P_win: 0.72, Tran: 62.87, eps: 0.00, lr: 5.00e-05, pred: 140.86 min
Ep.: 84500, Score:   5.54, P_win: 0.75, Tran: 61.63, eps: 0.00, lr: 5.00e-05, pred: 129.04 min
Ep.: 85000, Score:   5.54, P_win: 0.76, Tran: 61.00, eps: 0.00, lr: 5.00e-05, pred: 117.23 min
Ep.: 85500, Score:   5.84, P_win: 0.67, Tran: 60.05, eps: 0.00, lr: 2.50e-05, pred: 105.43 min
Ep.: 86000, Score:   5.78, P_win: 0.74, Tran: 63.01, eps: 0.00, lr: 2.50e-05, pred: 93.65 min
Ep.: 86500, Score:   6.27, P_win: 0.70, Tran: 64.00, eps: 0.00, lr: 2.50e-05, pred: 81.88 min
Ep.: 87000, Score:   6.04, P_win: 0.80, Tran: 57.95, eps: 0.00, lr: 2.50e-05, pred: 70.13 min
Ep.: 87500, Score:   6.32, P_win: 0.75, Tran: 56.36, eps: 0.00, lr: 2.50e-05, pred: 58.40 min
Ep.: 88000, Score:   5.38, P_win: 0.71, Tran: 62.25, eps: 0.00, lr: 2.50e-05, pred: 46.68 min
Ep.: 88500, Score:   6.23, P_win: 0.82, Tran: 62.25, eps: 0.00, lr: 2.50e-05, pred: 34.98 min
Ep.: 89000, Score:   6.44, P_win: 0.76, Tran: 55.14, eps: 0.00, lr: 2.50e-05, pred: 23.30 min
Ep.: 89500, Score:   6.01, P_win: 0.70, Tran: 62.46, eps: 0.00, lr: 2.50e-05, pred: 11.63 min
~~~ Training Complete ~~~
DONE!
